# JRE version: OpenJDK Runtime Environment Temurin-21.0.12.1+1 (21.0.12.1+1) (build 21.0.12.1+1-LTS)
# Java VM: OpenJDK 64-Bit Server VM Temurin-21.0.12.1+1 (21.0.12.1+1-LTS, mixed mode, sharing, tiered, compressed oops, compressed class ptrs, g1 gc, windows-amd64)
GC Precious Log:
 CardTable entry size: 512
 Card Set container configuration: InlinePtr #cards 5 size 8 Array Of Cards #cards 12 size 40 Howl #buckets 4 coarsen threshold 1843 Howl Bitmap #cards 512 size 80 coarsen threshold 460 Card regions per heap region 1 cards per card region 2048
 CPUs: 12 total, 12 available
 Memory: 16076M
 Large Page Support: Disabled
 NUMA Support: Disabled
 Compressed Oops: Enabled (32-bit)
 Heap Region Size: 1M
 Heap Min Capacity: 8M
 Heap Initial Capacity: 252M
 Heap Max Capacity: 1536M
 Pre-touch: Disabled
 Parallel Workers: 10
 Concurrent Workers: 3
 Concurrent Refinement Workers: 10
 Periodic GC: Disabled
Heap:
 garbage-first heap   total 97280K, used 55467K [0x00000000a0000000, 0x0000000100000000)
  region size 1024K, 39 young (39936K), 10 survivors (10240K)
 Metaspace       used 30968K, committed 32000K, reserved 1114112K
  class space    used 4498K, committed 4992K, reserved 1048576K
GC Heap History (10 events):
Event: 9.037 GC heap before
{Heap before GC invocations=0 (full 0):
 garbage-first heap   total 258048K, used 23552K [0x00000000a0000000, 0x0000000100000000)
  region size 1024K, 23 young (23552K), 0 survivors (0K)
 Metaspace       used 938K, committed 1088K, reserved 1114112K
  class space    used 73K, committed 128K, reserved 1048576K
}
Event: 9.484 GC heap after
{Heap after GC invocations=1 (full 0):
 garbage-first heap   total 258048K, used 1663K [0x00000000a0000000, 0x0000000100000000)
  region size 1024K, 2 young (2048K), 2 survivors (2048K)
 Metaspace       used 938K, committed 1088K, reserved 1114112K
  class space    used 73K, committed 128K, reserved 1048576K
}
Event: 24.327 GC heap before
{Heap before GC invocations=1 (full 0):
 garbage-first heap   total 258048K, used 40575K [0x00000000a0000000, 0x0000000100000000)
  region size 1024K, 37 young (37888K), 2 survivors (2048K)
 Metaspace       used 4385K, committed 4544K, reserved 1114112K
  class space    used 556K, committed 640K, reserved 1048576K
}
Event: 24.336 GC heap after
{Heap after GC invocations=2 (full 0):
 garbage-first heap   total 258048K, used 10746K [0x00000000a0000000, 0x0000000100000000)
  region size 1024K, 5 young (5120K), 5 survivors (5120K)
 Metaspace       used 4385K, committed 4544K, reserved 1114112K
  class space    used 556K, committed 640K, reserved 1048576K
}
Event: 28.520 GC heap before
{Heap before GC invocations=2 (full 0):
 garbage-first heap   total 258048K, used 60922K [0x00000000a0000000, 0x0000000100000000)
  region size 1024K, 52 young (53248K), 5 survivors (5120K)
 Metaspace       used 4982K, committed 5248K, reserved 1114112K
  class space    used 651K, committed 768K, reserved 1048576K
}
Event: 28.527 GC heap after
{Heap after GC invocations=3 (full 0):
 garbage-first heap   total 258048K, used 16811K [0x00000000a0000000, 0x0000000100000000)
  region size 1024K, 5 young (5120K), 5 survivors (5120K)
 Metaspace       used 4982K, committed 5248K, reserved 1114112K
  class space    used 651K, committed 768K, reserved 1048576K
}
Event: 175.901 GC heap before
{Heap before GC invocations=3 (full 0):
 garbage-first heap   total 258048K, used 124331K [0x00000000a0000000, 0x0000000100000000)
  region size 1024K, 111 young (113664K), 5 survivors (5120K)
 Metaspace       used 20816K, committed 21504K, reserved 1114112K
  class space    used 3040K, committed 3392K, reserved 1048576K
}
Event: 175.929 GC heap after
{Heap after GC invocations=4 (full 0):
 garbage-first heap   total 258048K, used 23928K [0x00000000a0000000, 0x0000000100000000)
  region size 1024K, 12 young (12288K), 12 survivors (12288K)
 Metaspace       used 20816K, committed 21504K, reserved 1114112K
  class space    used 3040K, committed 3392K, reserved 1048576K
}
Event: 262.800 GC heap before
{Heap before GC invocations=5 (full 0):
 garbage-first heap   total 81920K, used 81272K [0x00000000a0000000, 0x0000000100000000)
  region size 1024K, 68 young (69632K), 12 survivors (12288K)
 Metaspace       used 26952K, committed 27968K, reserved 1114112K
  class space    used 4047K, committed 4544K, reserved 1048576K
}
Event: 262.850 GC heap after
{Heap after GC invocations=6 (full 0):
 garbage-first heap   total 97280K, used 26795K [0x00000000a0000000, 0x0000000100000000)
  region size 1024K, 10 young (10240K), 10 survivors (10240K)
 Metaspace       used 26952K, committed 27968K, reserved 1114112K
  class space    used 4047K, committed 4544K, reserved 1048576K
}

