# JRE version: OpenJDK Runtime Environment Temurin-21.0.12.1+1 (21.0.12.1+1) (build 21.0.12.1+1-LTS)
# Java VM: OpenJDK 64-Bit Server VM Temurin-21.0.12.1+1 (21.0.12.1+1-LTS, mixed mode, tiered, compressed oops, compressed class ptrs, g1 gc, windows-amd64)
GC Precious Log:
 CardTable entry size: 512
 Card Set container configuration: InlinePtr #cards 5 size 8 Array Of Cards #cards 12 size 40 Howl #buckets 4 coarsen threshold 1843 Howl Bitmap #cards 512 size 80 coarsen threshold 460 Card regions per heap region 1 cards per card region 2048
 CPUs: 12 total, 12 available
 Memory: 16076M
 Large Page Support: Disabled
 NUMA Support: Disabled
 Compressed Oops: Enabled (32-bit)
 Heap Region Size: 1M
 Heap Min Capacity: 8M
 Heap Initial Capacity: 252M
 Heap Max Capacity: 1536M
 Pre-touch: Disabled
 Parallel Workers: 10
 Concurrent Workers: 3
 Concurrent Refinement Workers: 10
 Periodic GC: Disabled
Heap:
 garbage-first heap   total 71680K, used 59992K [0x00000000a0000000, 0x0000000100000000)
  region size 1024K, 35 young (35840K), 5 survivors (5120K)
 Metaspace       used 43017K, committed 44032K, reserved 1114112K
  class space    used 5718K, committed 6208K, reserved 1048576K
GC Heap History (18 events):
Event: 1.985 GC heap before
{Heap before GC invocations=0 (full 0):
 garbage-first heap   total 258048K, used 23552K [0x00000000a0000000, 0x0000000100000000)
  region size 1024K, 23 young (23552K), 0 survivors (0K)
 Metaspace       used 7269K, committed 7360K, reserved 1114112K
  class space    used 668K, committed 704K, reserved 1048576K
}
Event: 2.011 GC heap after
{Heap after GC invocations=1 (full 0):
 garbage-first heap   total 258048K, used 1450K [0x00000000a0000000, 0x0000000100000000)
  region size 1024K, 2 young (2048K), 2 survivors (2048K)
 Metaspace       used 7269K, committed 7360K, reserved 1114112K
  class space    used 668K, committed 704K, reserved 1048576K
}
Event: 6.454 GC heap before
{Heap before GC invocations=1 (full 0):
 garbage-first heap   total 258048K, used 40362K [0x00000000a0000000, 0x0000000100000000)
  region size 1024K, 38 young (38912K), 2 survivors (2048K)
 Metaspace       used 11608K, committed 11840K, reserved 1114112K
  class space    used 1247K, committed 1344K, reserved 1048576K
}
Event: 6.462 GC heap after
{Heap after GC invocations=2 (full 0):
 garbage-first heap   total 258048K, used 10679K [0x00000000a0000000, 0x0000000100000000)
  region size 1024K, 5 young (5120K), 5 survivors (5120K)
 Metaspace       used 11608K, committed 11840K, reserved 1114112K
  class space    used 1247K, committed 1344K, reserved 1048576K
}
Event: 12.939 GC heap before
{Heap before GC invocations=2 (full 0):
 garbage-first heap   total 258048K, used 72119K [0x00000000a0000000, 0x0000000100000000)
  region size 1024K, 63 young (64512K), 5 survivors (5120K)
 Metaspace       used 16412K, committed 16768K, reserved 1114112K
  class space    used 1872K, committed 2048K, reserved 1048576K
}
Event: 12.947 GC heap after
{Heap after GC invocations=3 (full 0):
 garbage-first heap   total 258048K, used 18224K [0x00000000a0000000, 0x0000000100000000)
  region size 1024K, 6 young (6144K), 6 survivors (6144K)
 Metaspace       used 16412K, committed 16768K, reserved 1114112K
  class space    used 1872K, committed 2048K, reserved 1048576K
}
Event: 14.601 GC heap before
{Heap before GC invocations=3 (full 0):
 garbage-first heap   total 258048K, used 40752K [0x00000000a0000000, 0x0000000100000000)
  region size 1024K, 29 young (29696K), 6 survivors (6144K)
 Metaspace       used 21112K, committed 21504K, reserved 1114112K
  class space    used 2492K, committed 2688K, reserved 1048576K
}
Event: 14.624 GC heap after
{Heap after GC invocations=4 (full 0):
 garbage-first heap   total 258048K, used 20583K [0x00000000a0000000, 0x0000000100000000)
  region size 1024K, 9 young (9216K), 9 survivors (9216K)
 Metaspace       used 21112K, committed 21504K, reserved 1114112K
  class space    used 2492K, committed 2688K, reserved 1048576K
}
Event: 16.179 GC heap before
{Heap before GC invocations=5 (full 0):
 garbage-first heap   total 71680K, used 53351K [0x00000000a0000000, 0x0000000100000000)
  region size 1024K, 42 young (43008K), 9 survivors (9216K)
 Metaspace       used 26264K, committed 26816K, reserved 1114112K
  class space    used 3309K, committed 3520K, reserved 1048576K
}
Event: 16.188 GC heap after
{Heap after GC invocations=6 (full 0):
 garbage-first heap   total 71680K, used 22536K [0x00000000a0000000, 0x0000000100000000)
  region size 1024K, 5 young (5120K), 5 survivors (5120K)
 Metaspace       used 26264K, committed 26816K, reserved 1114112K
  class space    used 3309K, committed 3520K, reserved 1048576K
}
Event: 17.419 GC heap before
{Heap before GC invocations=6 (full 0):
 garbage-first heap   total 71680K, used 56328K [0x00000000a0000000, 0x0000000100000000)
  region size 1024K, 38 young (38912K), 5 survivors (5120K)
 Metaspace       used 30479K, committed 31232K, reserved 1114112K
  class space    used 4025K, committed 4416K, reserved 1048576K
}
Event: 17.425 GC heap after
{Heap after GC invocations=7 (full 0):
 garbage-first heap   total 71680K, used 24796K [0x00000000a0000000, 0x0000000100000000)
  region size 1024K, 5 young (5120K), 5 survivors (5120K)
 Metaspace       used 30479K, committed 31232K, reserved 1114112K
  class space    used 4025K, committed 4416K, reserved 1048576K
}
Event: 18.612 GC heap before
{Heap before GC invocations=7 (full 0):
 garbage-first heap   total 71680K, used 57564K [0x00000000a0000000, 0x0000000100000000)
  region size 1024K, 38 young (38912K), 5 survivors (5120K)
 Metaspace       used 34906K, committed 35904K, reserved 1114112K
  class space    used 4719K, committed 5184K, reserved 1048576K
}
Event: 18.620 GC heap after
{Heap after GC invocations=8 (full 0):
 garbage-first heap   total 71680K, used 26112K [0x00000000a0000000, 0x0000000100000000)
  region size 1024K, 2 young (2048K), 2 survivors (2048K)
 Metaspace       used 34906K, committed 35904K, reserved 1114112K
  class space    used 4719K, committed 5184K, reserved 1048576K
}
Event: 18.819 GC heap before
{Heap before GC invocations=8 (full 0):
 garbage-first heap   total 71680K, used 30208K [0x00000000a0000000, 0x0000000100000000)
  region size 1024K, 7 young (7168K), 2 survivors (2048K)
 Metaspace       used 35555K, committed 36416K, reserved 1114112K
  class space    used 4812K, committed 5248K, reserved 1048576K
}
Event: 18.822 GC heap after
{Heap after GC invocations=9 (full 0):
 garbage-first heap   total 71680K, used 26331K [0x00000000a0000000, 0x0000000100000000)
  region size 1024K, 2 young (2048K), 2 survivors (2048K)
 Metaspace       used 35555K, committed 36416K, reserved 1114112K
  class space    used 4812K, committed 5248K, reserved 1048576K
}
Event: 19.922 GC heap before
{Heap before GC invocations=10 (full 0):
 garbage-first heap   total 71680K, used 60123K [0x00000000a0000000, 0x0000000100000000)
  region size 1024K, 36 young (36864K), 2 survivors (2048K)
 Metaspace       used 41332K, committed 42368K, reserved 1114112K
  class space    used 5454K, committed 5952K, reserved 1048576K
}
Event: 19.928 GC heap after
{Heap after GC invocations=11 (full 0):
 garbage-first heap   total 71680K, used 30296K [0x00000000a0000000, 0x0000000100000000)
  region size 1024K, 5 young (5120K), 5 survivors (5120K)
 Metaspace       used 41332K, committed 42368K, reserved 1114112K
  class space    used 5454K, committed 5952K, reserved 1048576K
}

