# JRE version: OpenJDK Runtime Environment Temurin-21.0.12.1+1 (21.0.12.1+1) (build 21.0.12.1+1-LTS)
# Java VM: OpenJDK 64-Bit Server VM Temurin-21.0.12.1+1 (21.0.12.1+1-LTS, mixed mode, sharing, tiered, compressed oops, compressed class ptrs, g1 gc, windows-amd64)
GC Precious Log:
 CardTable entry size: 512
 Card Set container configuration: InlinePtr #cards 5 size 8 Array Of Cards #cards 12 size 40 Howl #buckets 4 coarsen threshold 1843 Howl Bitmap #cards 512 size 80 coarsen threshold 460 Card regions per heap region 1 cards per card region 2048
 CPUs: 12 total, 12 available
 Memory: 16076M
 Large Page Support: Disabled
 NUMA Support: Disabled
 Compressed Oops: Enabled (32-bit)
 Heap Region Size: 1M
 Heap Min Capacity: 8M
 Heap Initial Capacity: 252M
 Heap Max Capacity: 1536M
 Pre-touch: Disabled
 Parallel Workers: 10
 Concurrent Workers: 3
 Concurrent Refinement Workers: 10
 Periodic GC: Disabled
Heap:
 garbage-first heap   total 104448K, used 61707K [0x00000000a0000000, 0x0000000100000000)
  region size 1024K, 37 young (37888K), 1 survivors (1024K)
 Metaspace       used 27798K, committed 28800K, reserved 1114112K
  class space    used 4173K, committed 4672K, reserved 1048576K
GC Heap History (12 events):
Event: 6.177 GC heap before
{Heap before GC invocations=0 (full 0):
 garbage-first heap   total 258048K, used 23552K [0x00000000a0000000, 0x0000000100000000)
  region size 1024K, 23 young (23552K), 0 survivors (0K)
 Metaspace       used 927K, committed 1088K, reserved 1114112K
  class space    used 73K, committed 128K, reserved 1048576K
}
Event: 6.185 GC heap after
{Heap after GC invocations=1 (full 0):
 garbage-first heap   total 258048K, used 1610K [0x00000000a0000000, 0x0000000100000000)
  region size 1024K, 2 young (2048K), 2 survivors (2048K)
 Metaspace       used 927K, committed 1088K, reserved 1114112K
  class space    used 73K, committed 128K, reserved 1048576K
}
Event: 12.372 GC heap before
{Heap before GC invocations=1 (full 0):
 garbage-first heap   total 258048K, used 40522K [0x00000000a0000000, 0x0000000100000000)
  region size 1024K, 38 young (38912K), 2 survivors (2048K)
 Metaspace       used 4390K, committed 4544K, reserved 1114112K
  class space    used 557K, committed 640K, reserved 1048576K
}
Event: 12.380 GC heap after
{Heap after GC invocations=2 (full 0):
 garbage-first heap   total 258048K, used 11235K [0x00000000a0000000, 0x0000000100000000)
  region size 1024K, 5 young (5120K), 5 survivors (5120K)
 Metaspace       used 4390K, committed 4544K, reserved 1114112K
  class space    used 557K, committed 640K, reserved 1048576K
}
Event: 15.491 GC heap before
{Heap before GC invocations=2 (full 0):
 garbage-first heap   total 258048K, used 67555K [0x00000000a0000000, 0x0000000100000000)
  region size 1024K, 59 young (60416K), 5 survivors (5120K)
 Metaspace       used 6762K, committed 7040K, reserved 1114112K
  class space    used 918K, committed 1024K, reserved 1048576K
}
Event: 15.501 GC heap after
{Heap after GC invocations=3 (full 0):
 garbage-first heap   total 258048K, used 17948K [0x00000000a0000000, 0x0000000100000000)
  region size 1024K, 8 young (8192K), 8 survivors (8192K)
 Metaspace       used 6762K, committed 7040K, reserved 1114112K
  class space    used 918K, committed 1024K, reserved 1048576K
}
Event: 79.422 GC heap before
{Heap before GC invocations=3 (full 0):
 garbage-first heap   total 258048K, used 109084K [0x00000000a0000000, 0x0000000100000000)
  region size 1024K, 98 young (100352K), 8 survivors (8192K)
 Metaspace       used 20826K, committed 21504K, reserved 1114112K
  class space    used 3060K, committed 3392K, reserved 1048576K
}
Event: 79.448 GC heap after
{Heap after GC invocations=4 (full 0):
 garbage-first heap   total 258048K, used 24707K [0x00000000a0000000, 0x0000000100000000)
  region size 1024K, 15 young (15360K), 15 survivors (15360K)
 Metaspace       used 20826K, committed 21504K, reserved 1114112K
  class space    used 3060K, committed 3392K, reserved 1048576K
}
Event: 219.482 GC heap before
{Heap before GC invocations=5 (full 0):
 garbage-first heap   total 86016K, used 85123K [0x00000000a0000000, 0x0000000100000000)
  region size 1024K, 74 young (75776K), 15 survivors (15360K)
 Metaspace       used 26445K, committed 27392K, reserved 1114112K
  class space    used 3974K, committed 4416K, reserved 1048576K
}
Event: 220.258 GC heap after
{Heap after GC invocations=6 (full 0):
 garbage-first heap   total 104448K, used 27059K [0x00000000a0000000, 0x0000000100000000)
  region size 1024K, 9 young (9216K), 9 survivors (9216K)
 Metaspace       used 26445K, committed 27392K, reserved 1114112K
  class space    used 3974K, committed 4416K, reserved 1048576K
}
Event: 221.048 GC heap before
{Heap before GC invocations=6 (full 0):
 garbage-first heap   total 104448K, used 28083K [0x00000000a0000000, 0x0000000100000000)
  region size 1024K, 10 young (10240K), 9 survivors (9216K)
 Metaspace       used 26445K, committed 27392K, reserved 1114112K
  class space    used 3974K, committed 4416K, reserved 1048576K
}
Event: 221.220 GC heap after
{Heap after GC invocations=7 (full 0):
 garbage-first heap   total 104448K, used 26891K [0x00000000a0000000, 0x0000000100000000)
  region size 1024K, 1 young (1024K), 1 survivors (1024K)
 Metaspace       used 26445K, committed 27392K, reserved 1114112K
  class space    used 3974K, committed 4416K, reserved 1048576K
}

