# JRE version: OpenJDK Runtime Environment Temurin-21.0.12.1+1 (21.0.12.1+1) (build 21.0.12.1+1-LTS)
# Java VM: OpenJDK 64-Bit Server VM Temurin-21.0.12.1+1 (21.0.12.1+1-LTS, mixed mode, sharing, tiered, compressed oops, compressed class ptrs, g1 gc, windows-amd64)
GC Precious Log:
 CardTable entry size: 512
 Card Set container configuration: InlinePtr #cards 5 size 8 Array Of Cards #cards 12 size 40 Howl #buckets 4 coarsen threshold 1843 Howl Bitmap #cards 512 size 80 coarsen threshold 460 Card regions per heap region 1 cards per card region 2048
 CPUs: 12 total, 12 available
 Memory: 16076M
 Large Page Support: Disabled
 NUMA Support: Disabled
 Compressed Oops: Enabled (32-bit)
 Heap Region Size: 1M
 Heap Min Capacity: 8M
 Heap Initial Capacity: 252M
 Heap Max Capacity: 1536M
 Pre-touch: Disabled
 Parallel Workers: 10
 Concurrent Workers: 3
 Concurrent Refinement Workers: 10
 Periodic GC: Disabled
Heap:
 garbage-first heap   total 98304K, used 57339K [0x00000000a0000000, 0x0000000100000000)
  region size 1024K, 42 young (43008K), 11 survivors (11264K)
 Metaspace       used 26547K, committed 27520K, reserved 1114112K
  class space    used 3973K, committed 4416K, reserved 1048576K
GC Heap History (10 events):
Event: 6.890 GC heap before
{Heap before GC invocations=0 (full 0):
 garbage-first heap   total 258048K, used 23552K [0x00000000a0000000, 0x0000000100000000)
  region size 1024K, 23 young (23552K), 0 survivors (0K)
 Metaspace       used 1061K, committed 1152K, reserved 1114112K
  class space    used 81K, committed 128K, reserved 1048576K
}
Event: 7.482 GC heap after
{Heap after GC invocations=1 (full 0):
 garbage-first heap   total 258048K, used 2048K [0x00000000a0000000, 0x0000000100000000)
  region size 1024K, 2 young (2048K), 2 survivors (2048K)
 Metaspace       used 1061K, committed 1152K, reserved 1114112K
  class space    used 81K, committed 128K, reserved 1048576K
}
Event: 16.712 GC heap before
{Heap before GC invocations=1 (full 0):
 garbage-first heap   total 258048K, used 37888K [0x00000000a0000000, 0x0000000100000000)
  region size 1024K, 35 young (35840K), 2 survivors (2048K)
 Metaspace       used 4380K, committed 4544K, reserved 1114112K
  class space    used 557K, committed 640K, reserved 1048576K
}
Event: 16.720 GC heap after
{Heap after GC invocations=2 (full 0):
 garbage-first heap   total 258048K, used 11071K [0x00000000a0000000, 0x0000000100000000)
  region size 1024K, 5 young (5120K), 5 survivors (5120K)
 Metaspace       used 4380K, committed 4544K, reserved 1114112K
  class space    used 557K, committed 640K, reserved 1048576K
}
Event: 25.837 GC heap before
{Heap before GC invocations=2 (full 0):
 garbage-first heap   total 258048K, used 60223K [0x00000000a0000000, 0x0000000100000000)
  region size 1024K, 51 young (52224K), 5 survivors (5120K)
 Metaspace       used 4662K, committed 4928K, reserved 1114112K
  class space    used 599K, committed 704K, reserved 1048576K
}
Event: 25.845 GC heap after
{Heap after GC invocations=3 (full 0):
 garbage-first heap   total 258048K, used 16422K [0x00000000a0000000, 0x0000000100000000)
  region size 1024K, 5 young (5120K), 5 survivors (5120K)
 Metaspace       used 4662K, committed 4928K, reserved 1114112K
  class space    used 599K, committed 704K, reserved 1048576K
}
Event: 129.673 GC heap before
{Heap before GC invocations=3 (full 0):
 garbage-first heap   total 258048K, used 119846K [0x00000000a0000000, 0x0000000100000000)
  region size 1024K, 107 young (109568K), 5 survivors (5120K)
 Metaspace       used 20815K, committed 21504K, reserved 1114112K
  class space    used 3051K, committed 3392K, reserved 1048576K
}
Event: 129.711 GC heap after
{Heap after GC invocations=4 (full 0):
 garbage-first heap   total 258048K, used 24215K [0x00000000a0000000, 0x0000000100000000)
  region size 1024K, 12 young (12288K), 12 survivors (12288K)
 Metaspace       used 20815K, committed 21504K, reserved 1114112K
  class space    used 3051K, committed 3392K, reserved 1048576K
}
Event: 266.285 GC heap before
{Heap before GC invocations=5 (full 0):
 garbage-first heap   total 81920K, used 81559K [0x00000000a0000000, 0x0000000100000000)
  region size 1024K, 68 young (69632K), 12 survivors (12288K)
 Metaspace       used 26480K, committed 27392K, reserved 1114112K
  class space    used 3973K, committed 4416K, reserved 1048576K
}
Event: 266.484 GC heap after
{Heap after GC invocations=6 (full 0):
 garbage-first heap   total 98304K, used 26619K [0x00000000a0000000, 0x0000000100000000)
  region size 1024K, 11 young (11264K), 11 survivors (11264K)
 Metaspace       used 26480K, committed 27392K, reserved 1114112K
  class space    used 3973K, committed 4416K, reserved 1048576K
}

