# JRE version: OpenJDK Runtime Environment Temurin-21.0.12.1+1 (21.0.12.1+1) (build 21.0.12.1+1-LTS)
# Java VM: OpenJDK 64-Bit Server VM Temurin-21.0.12.1+1 (21.0.12.1+1-LTS, mixed mode, sharing, tiered, compressed oops, compressed class ptrs, g1 gc, windows-amd64)
GC Precious Log:
 CardTable entry size: 512
 Card Set container configuration: InlinePtr #cards 5 size 8 Array Of Cards #cards 12 size 40 Howl #buckets 4 coarsen threshold 1843 Howl Bitmap #cards 512 size 80 coarsen threshold 460 Card regions per heap region 1 cards per card region 2048
 CPUs: 12 total, 12 available
 Memory: 16076M
 Large Page Support: Disabled
 NUMA Support: Disabled
 Compressed Oops: Enabled (32-bit)
 Heap Region Size: 1M
 Heap Min Capacity: 8M
 Heap Initial Capacity: 252M
 Heap Max Capacity: 1536M
 Pre-touch: Disabled
 Parallel Workers: 10
 Concurrent Workers: 3
 Concurrent Refinement Workers: 10
 Periodic GC: Disabled
Heap:
 garbage-first heap   total 97280K, used 32215K [0x00000000a0000000, 0x0000000100000000)
  region size 1024K, 10 young (10240K), 4 survivors (4096K)
 Metaspace       used 27489K, committed 28480K, reserved 1114112K
  class space    used 4125K, committed 4608K, reserved 1048576K
GC Heap History (12 events):
Event: 7.417 GC heap before
{Heap before GC invocations=0 (full 0):
 garbage-first heap   total 258048K, used 23552K [0x00000000a0000000, 0x0000000100000000)
  region size 1024K, 23 young (23552K), 0 survivors (0K)
 Metaspace       used 928K, committed 1088K, reserved 1114112K
  class space    used 73K, committed 128K, reserved 1048576K
}
Event: 7.847 GC heap after
{Heap after GC invocations=1 (full 0):
 garbage-first heap   total 258048K, used 1663K [0x00000000a0000000, 0x0000000100000000)
  region size 1024K, 2 young (2048K), 2 survivors (2048K)
 Metaspace       used 928K, committed 1088K, reserved 1114112K
  class space    used 73K, committed 128K, reserved 1048576K
}
Event: 21.129 GC heap before
{Heap before GC invocations=1 (full 0):
 garbage-first heap   total 258048K, used 39551K [0x00000000a0000000, 0x0000000100000000)
  region size 1024K, 37 young (37888K), 2 survivors (2048K)
 Metaspace       used 4373K, committed 4544K, reserved 1114112K
  class space    used 559K, committed 640K, reserved 1048576K
}
Event: 21.137 GC heap after
{Heap after GC invocations=2 (full 0):
 garbage-first heap   total 258048K, used 10621K [0x00000000a0000000, 0x0000000100000000)
  region size 1024K, 5 young (5120K), 5 survivors (5120K)
 Metaspace       used 4373K, committed 4544K, reserved 1114112K
  class space    used 559K, committed 640K, reserved 1048576K
}
Event: 31.032 GC heap before
{Heap before GC invocations=2 (full 0):
 garbage-first heap   total 258048K, used 59773K [0x00000000a0000000, 0x0000000100000000)
  region size 1024K, 52 young (53248K), 5 survivors (5120K)
 Metaspace       used 4894K, committed 5120K, reserved 1114112K
  class space    used 640K, committed 768K, reserved 1048576K
}
Event: 31.040 GC heap after
{Heap after GC invocations=3 (full 0):
 garbage-first heap   total 258048K, used 16551K [0x00000000a0000000, 0x0000000100000000)
  region size 1024K, 5 young (5120K), 5 survivors (5120K)
 Metaspace       used 4894K, committed 5120K, reserved 1114112K
  class space    used 640K, committed 768K, reserved 1048576K
}
Event: 99.324 GC heap before
{Heap before GC invocations=3 (full 0):
 garbage-first heap   total 258048K, used 115879K [0x00000000a0000000, 0x0000000100000000)
  region size 1024K, 103 young (105472K), 5 survivors (5120K)
 Metaspace       used 20849K, committed 21504K, reserved 1114112K
  class space    used 3065K, committed 3392K, reserved 1048576K
}
Event: 99.340 GC heap after
{Heap after GC invocations=4 (full 0):
 garbage-first heap   total 258048K, used 24230K [0x00000000a0000000, 0x0000000100000000)
  region size 1024K, 12 young (12288K), 12 survivors (12288K)
 Metaspace       used 20849K, committed 21504K, reserved 1114112K
  class space    used 3065K, committed 3392K, reserved 1048576K
}
Event: 207.673 GC heap before
{Heap before GC invocations=5 (full 0):
 garbage-first heap   total 81920K, used 80550K [0x00000000a0000000, 0x0000000100000000)
  region size 1024K, 68 young (69632K), 12 survivors (12288K)
 Metaspace       used 26483K, committed 27392K, reserved 1114112K
  class space    used 3980K, committed 4416K, reserved 1048576K
}
Event: 207.718 GC heap after
{Heap after GC invocations=6 (full 0):
 garbage-first heap   total 97280K, used 26509K [0x00000000a0000000, 0x0000000100000000)
  region size 1024K, 10 young (10240K), 10 survivors (10240K)
 Metaspace       used 26483K, committed 27392K, reserved 1114112K
  class space    used 3980K, committed 4416K, reserved 1048576K
}
Event: 546.066 GC heap before
{Heap before GC invocations=6 (full 0):
 garbage-first heap   total 97280K, used 74637K [0x00000000a0000000, 0x0000000100000000)
  region size 1024K, 57 young (58368K), 10 survivors (10240K)
 Metaspace       used 26981K, committed 27904K, reserved 1114112K
  class space    used 4044K, committed 4480K, reserved 1048576K
}
Event: 546.139 GC heap after
{Heap after GC invocations=7 (full 0):
 garbage-first heap   total 97280K, used 27095K [0x00000000a0000000, 0x0000000100000000)
  region size 1024K, 4 young (4096K), 4 survivors (4096K)
 Metaspace       used 26981K, committed 27904K, reserved 1114112K
  class space    used 4044K, committed 4480K, reserved 1048576K
}

