# JRE version: OpenJDK Runtime Environment Temurin-21.0.12.1+1 (21.0.12.1+1) (build 21.0.12.1+1-LTS)
# Java VM: OpenJDK 64-Bit Server VM Temurin-21.0.12.1+1 (21.0.12.1+1-LTS, mixed mode, sharing, tiered, compressed oops, compressed class ptrs, g1 gc, windows-amd64)
GC Precious Log:
 CardTable entry size: 512
 Card Set container configuration: InlinePtr #cards 5 size 8 Array Of Cards #cards 12 size 40 Howl #buckets 4 coarsen threshold 1843 Howl Bitmap #cards 512 size 80 coarsen threshold 460 Card regions per heap region 1 cards per card region 2048
 CPUs: 12 total, 12 available
 Memory: 16076M
 Large Page Support: Disabled
 NUMA Support: Disabled
 Compressed Oops: Enabled (32-bit)
 Heap Region Size: 1M
 Heap Min Capacity: 8M
 Heap Initial Capacity: 252M
 Heap Max Capacity: 1536M
 Pre-touch: Disabled
 Parallel Workers: 10
 Concurrent Workers: 3
 Concurrent Refinement Workers: 10
 Periodic GC: Disabled
Heap:
 garbage-first heap   total 81920K, used 69440K [0x00000000a0000000, 0x0000000100000000)
  region size 1024K, 39 young (39936K), 3 survivors (3072K)
 Metaspace       used 35734K, committed 36864K, reserved 1114112K
  class space    used 5074K, committed 5632K, reserved 1048576K
GC Heap History (18 events):
Event: 5.905 GC heap before
{Heap before GC invocations=0 (full 0):
 garbage-first heap   total 258048K, used 23552K [0x00000000a0000000, 0x0000000100000000)
  region size 1024K, 23 young (23552K), 0 survivors (0K)
 Metaspace       used 1035K, committed 1152K, reserved 1114112K
  class space    used 81K, committed 128K, reserved 1048576K
}
Event: 5.910 GC heap after
{Heap after GC invocations=1 (full 0):
 garbage-first heap   total 258048K, used 1991K [0x00000000a0000000, 0x0000000100000000)
  region size 1024K, 2 young (2048K), 2 survivors (2048K)
 Metaspace       used 1035K, committed 1152K, reserved 1114112K
  class space    used 81K, committed 128K, reserved 1048576K
}
Event: 9.297 GC heap before
{Heap before GC invocations=1 (full 0):
 garbage-first heap   total 258048K, used 37831K [0x00000000a0000000, 0x0000000100000000)
  region size 1024K, 35 young (35840K), 2 survivors (2048K)
 Metaspace       used 4346K, committed 4544K, reserved 1114112K
  class space    used 556K, committed 640K, reserved 1048576K
}
Event: 9.305 GC heap after
{Heap after GC invocations=2 (full 0):
 garbage-first heap   total 258048K, used 11227K [0x00000000a0000000, 0x0000000100000000)
  region size 1024K, 5 young (5120K), 5 survivors (5120K)
 Metaspace       used 4346K, committed 4544K, reserved 1114112K
  class space    used 556K, committed 640K, reserved 1048576K
}
Event: 12.119 GC heap before
{Heap before GC invocations=2 (full 0):
 garbage-first heap   total 258048K, used 60379K [0x00000000a0000000, 0x0000000100000000)
  region size 1024K, 51 young (52224K), 5 survivors (5120K)
 Metaspace       used 4641K, committed 4800K, reserved 1114112K
  class space    used 598K, committed 704K, reserved 1048576K
}
Event: 12.124 GC heap after
{Heap after GC invocations=3 (full 0):
 garbage-first heap   total 258048K, used 16286K [0x00000000a0000000, 0x0000000100000000)
  region size 1024K, 5 young (5120K), 5 survivors (5120K)
 Metaspace       used 4641K, committed 4800K, reserved 1114112K
  class space    used 598K, committed 704K, reserved 1048576K
}
Event: 50.806 GC heap before
{Heap before GC invocations=3 (full 0):
 garbage-first heap   total 258048K, used 115614K [0x00000000a0000000, 0x0000000100000000)
  region size 1024K, 103 young (105472K), 5 survivors (5120K)
 Metaspace       used 20850K, committed 21504K, reserved 1114112K
  class space    used 3071K, committed 3392K, reserved 1048576K
}
Event: 50.954 GC heap after
{Heap after GC invocations=4 (full 0):
 garbage-first heap   total 258048K, used 23860K [0x00000000a0000000, 0x0000000100000000)
  region size 1024K, 12 young (12288K), 12 survivors (12288K)
 Metaspace       used 20850K, committed 21504K, reserved 1114112K
  class space    used 3071K, committed 3392K, reserved 1048576K
}
Event: 53.256 GC heap before
{Heap before GC invocations=5 (full 0):
 garbage-first heap   total 81920K, used 60724K [0x00000000a0000000, 0x0000000100000000)
  region size 1024K, 48 young (49152K), 12 survivors (12288K)
 Metaspace       used 25637K, committed 26560K, reserved 1114112K
  class space    used 3865K, committed 4352K, reserved 1048576K
}
Event: 53.268 GC heap after
{Heap after GC invocations=6 (full 0):
 garbage-first heap   total 81920K, used 26545K [0x00000000a0000000, 0x0000000100000000)
  region size 1024K, 3 young (3072K), 3 survivors (3072K)
 Metaspace       used 25637K, committed 26560K, reserved 1114112K
  class space    used 3865K, committed 4352K, reserved 1048576K
}
Event: 297.316 GC heap before
{Heap before GC invocations=6 (full 0):
 garbage-first heap   total 81920K, used 66481K [0x00000000a0000000, 0x0000000100000000)
  region size 1024K, 42 young (43008K), 3 survivors (3072K)
 Metaspace       used 27993K, committed 28928K, reserved 1114112K
  class space    used 4222K, committed 4672K, reserved 1048576K
}
Event: 297.340 GC heap after
{Heap after GC invocations=7 (full 0):
 garbage-first heap   total 81920K, used 27142K [0x00000000a0000000, 0x0000000100000000)
  region size 1024K, 3 young (3072K), 3 survivors (3072K)
 Metaspace       used 27993K, committed 28928K, reserved 1114112K
  class space    used 4222K, committed 4672K, reserved 1048576K
}
Event: 300.930 GC heap before
{Heap before GC invocations=7 (full 0):
 garbage-first heap   total 81920K, used 68102K [0x00000000a0000000, 0x0000000100000000)
  region size 1024K, 44 young (45056K), 3 survivors (3072K)
 Metaspace       used 32939K, committed 33920K, reserved 1114112K
  class space    used 4726K, committed 5184K, reserved 1048576K
}
Event: 300.943 GC heap after
{Heap after GC invocations=8 (full 0):
 garbage-first heap   total 81920K, used 31192K [0x00000000a0000000, 0x0000000100000000)
  region size 1024K, 6 young (6144K), 6 survivors (6144K)
 Metaspace       used 32939K, committed 33920K, reserved 1114112K
  class space    used 4726K, committed 5184K, reserved 1048576K
}
Event: 302.545 GC heap before
{Heap before GC invocations=8 (full 0):
 garbage-first heap   total 81920K, used 50648K [0x00000000a0000000, 0x0000000100000000)
  region size 1024K, 21 young (21504K), 6 survivors (6144K)
 Metaspace       used 35059K, committed 36096K, reserved 1114112K
  class space    used 4955K, committed 5504K, reserved 1048576K
}
Event: 302.559 GC heap after
{Heap after GC invocations=9 (full 0):
 garbage-first heap   total 81920K, used 33360K [0x00000000a0000000, 0x0000000100000000)
  region size 1024K, 2 young (2048K), 2 survivors (2048K)
 Metaspace       used 35059K, committed 36096K, reserved 1114112K
  class space    used 4955K, committed 5504K, reserved 1048576K
}
Event: 588.343 GC heap before
{Heap before GC invocations=10 (full 0):
 garbage-first heap   total 81920K, used 69200K [0x00000000a0000000, 0x0000000100000000)
  region size 1024K, 37 young (37888K), 2 survivors (2048K)
 Metaspace       used 35724K, committed 36864K, reserved 1114112K
  class space    used 5074K, committed 5632K, reserved 1048576K
}
Event: 588.470 GC heap after
{Heap after GC invocations=11 (full 0):
 garbage-first heap   total 81920K, used 33600K [0x00000000a0000000, 0x0000000100000000)
  region size 1024K, 3 young (3072K), 3 survivors (3072K)
 Metaspace       used 35724K, committed 36864K, reserved 1114112K
  class space    used 5074K, committed 5632K, reserved 1048576K
}

