# JRE version: OpenJDK Runtime Environment Temurin-21.0.12.1+1 (21.0.12.1+1) (build 21.0.12.1+1-LTS)
# Java VM: OpenJDK 64-Bit Server VM Temurin-21.0.12.1+1 (21.0.12.1+1-LTS, mixed mode, sharing, tiered, compressed oops, compressed class ptrs, g1 gc, windows-amd64)
GC Precious Log:
 CardTable entry size: 512
 Card Set container configuration: InlinePtr #cards 5 size 8 Array Of Cards #cards 12 size 40 Howl #buckets 4 coarsen threshold 1843 Howl Bitmap #cards 512 size 80 coarsen threshold 460 Card regions per heap region 1 cards per card region 2048
 CPUs: 12 total, 12 available
 Memory: 16076M
 Large Page Support: Disabled
 NUMA Support: Disabled
 Compressed Oops: Enabled (32-bit)
 Heap Region Size: 1M
 Heap Min Capacity: 8M
 Heap Initial Capacity: 252M
 Heap Max Capacity: 1536M
 Pre-touch: Disabled
 Parallel Workers: 10
 Concurrent Workers: 3
 Concurrent Refinement Workers: 10
 Periodic GC: Disabled
Heap:
 garbage-first heap   total 81920K, used 32559K [0x00000000a0000000, 0x0000000100000000)
  region size 1024K, 10 young (10240K), 3 survivors (3072K)
 Metaspace       used 26419K, committed 27328K, reserved 1114112K
  class space    used 3975K, committed 4416K, reserved 1048576K
GC Heap History (10 events):
Event: 4.024 GC heap before
{Heap before GC invocations=0 (full 0):
 garbage-first heap   total 258048K, used 23552K [0x00000000a0000000, 0x0000000100000000)
  region size 1024K, 23 young (23552K), 0 survivors (0K)
 Metaspace       used 918K, committed 1024K, reserved 1114112K
  class space    used 73K, committed 128K, reserved 1048576K
}
Event: 4.055 GC heap after
{Heap after GC invocations=1 (full 0):
 garbage-first heap   total 258048K, used 1565K [0x00000000a0000000, 0x0000000100000000)
  region size 1024K, 2 young (2048K), 2 survivors (2048K)
 Metaspace       used 918K, committed 1024K, reserved 1114112K
  class space    used 73K, committed 128K, reserved 1048576K
}
Event: 7.310 GC heap before
{Heap before GC invocations=1 (full 0):
 garbage-first heap   total 258048K, used 40477K [0x00000000a0000000, 0x0000000100000000)
  region size 1024K, 38 young (38912K), 2 survivors (2048K)
 Metaspace       used 4383K, committed 4544K, reserved 1114112K
  class space    used 557K, committed 640K, reserved 1048576K
}
Event: 7.315 GC heap after
{Heap after GC invocations=2 (full 0):
 garbage-first heap   total 258048K, used 10627K [0x00000000a0000000, 0x0000000100000000)
  region size 1024K, 5 young (5120K), 5 survivors (5120K)
 Metaspace       used 4383K, committed 4544K, reserved 1114112K
  class space    used 557K, committed 640K, reserved 1048576K
}
Event: 13.865 GC heap before
{Heap before GC invocations=2 (full 0):
 garbage-first heap   total 258048K, used 71043K [0x00000000a0000000, 0x0000000100000000)
  region size 1024K, 62 young (63488K), 5 survivors (5120K)
 Metaspace       used 7727K, committed 8000K, reserved 1114112K
  class space    used 1042K, committed 1152K, reserved 1048576K
}
Event: 13.871 GC heap after
{Heap after GC invocations=3 (full 0):
 garbage-first heap   total 258048K, used 18287K [0x00000000a0000000, 0x0000000100000000)
  region size 1024K, 7 young (7168K), 7 survivors (7168K)
 Metaspace       used 7727K, committed 8000K, reserved 1114112K
  class space    used 1042K, committed 1152K, reserved 1048576K
}
Event: 98.478 GC heap before
{Heap before GC invocations=3 (full 0):
 garbage-first heap   total 258048K, used 111471K [0x00000000a0000000, 0x0000000100000000)
  region size 1024K, 99 young (101376K), 7 survivors (7168K)
 Metaspace       used 20812K, committed 21504K, reserved 1114112K
  class space    used 3052K, committed 3392K, reserved 1048576K
}
Event: 98.507 GC heap after
{Heap after GC invocations=4 (full 0):
 garbage-first heap   total 258048K, used 24149K [0x00000000a0000000, 0x0000000100000000)
  region size 1024K, 12 young (12288K), 12 survivors (12288K)
 Metaspace       used 20812K, committed 21504K, reserved 1114112K
  class space    used 3052K, committed 3392K, reserved 1048576K
}
Event: 101.638 GC heap before
{Heap before GC invocations=5 (full 0):
 garbage-first heap   total 81920K, used 61013K [0x00000000a0000000, 0x0000000100000000)
  region size 1024K, 48 young (49152K), 12 survivors (12288K)
 Metaspace       used 25412K, committed 26368K, reserved 1114112K
  class space    used 3810K, committed 4288K, reserved 1048576K
}
Event: 101.653 GC heap after
{Heap after GC invocations=6 (full 0):
 garbage-first heap   total 81920K, used 26415K [0x00000000a0000000, 0x0000000100000000)
  region size 1024K, 3 young (3072K), 3 survivors (3072K)
 Metaspace       used 25412K, committed 26368K, reserved 1114112K
  class space    used 3810K, committed 4288K, reserved 1048576K
}

