# JRE version: OpenJDK Runtime Environment Temurin-21.0.12.1+1 (21.0.12.1+1) (build 21.0.12.1+1-LTS)
# Java VM: OpenJDK 64-Bit Server VM Temurin-21.0.12.1+1 (21.0.12.1+1-LTS, mixed mode, sharing, tiered, compressed oops, compressed class ptrs, g1 gc, windows-amd64)
GC Precious Log:
 CardTable entry size: 512
 Card Set container configuration: InlinePtr #cards 5 size 8 Array Of Cards #cards 12 size 40 Howl #buckets 4 coarsen threshold 1843 Howl Bitmap #cards 512 size 80 coarsen threshold 460 Card regions per heap region 1 cards per card region 2048
 CPUs: 12 total, 12 available
 Memory: 16076M
 Large Page Support: Disabled
 NUMA Support: Disabled
 Compressed Oops: Enabled (32-bit)
 Heap Region Size: 1M
 Heap Min Capacity: 8M
 Heap Initial Capacity: 252M
 Heap Max Capacity: 1536M
 Pre-touch: Disabled
 Parallel Workers: 10
 Concurrent Workers: 3
 Concurrent Refinement Workers: 10
 Periodic GC: Disabled
Heap:
 garbage-first heap   total 81920K, used 64829K [0x00000000a0000000, 0x0000000100000000)
  region size 1024K, 33 young (33792K), 2 survivors (2048K)
 Metaspace       used 36821K, committed 37952K, reserved 1114112K
  class space    used 5216K, committed 5760K, reserved 1048576K
GC Heap History (18 events):
Event: 9.909 GC heap before
{Heap before GC invocations=0 (full 0):
 garbage-first heap   total 258048K, used 23552K [0x00000000a0000000, 0x0000000100000000)
  region size 1024K, 23 young (23552K), 0 survivors (0K)
 Metaspace       used 929K, committed 1088K, reserved 1114112K
  class space    used 73K, committed 128K, reserved 1048576K
}
Event: 10.272 GC heap after
{Heap after GC invocations=1 (full 0):
 garbage-first heap   total 258048K, used 1663K [0x00000000a0000000, 0x0000000100000000)
  region size 1024K, 2 young (2048K), 2 survivors (2048K)
 Metaspace       used 929K, committed 1088K, reserved 1114112K
  class space    used 73K, committed 128K, reserved 1048576K
}
Event: 20.053 GC heap before
{Heap before GC invocations=1 (full 0):
 garbage-first heap   total 258048K, used 39551K [0x00000000a0000000, 0x0000000100000000)
  region size 1024K, 37 young (37888K), 2 survivors (2048K)
 Metaspace       used 4375K, committed 4544K, reserved 1114112K
  class space    used 559K, committed 640K, reserved 1048576K
}
Event: 20.061 GC heap after
{Heap after GC invocations=2 (full 0):
 garbage-first heap   total 258048K, used 10820K [0x00000000a0000000, 0x0000000100000000)
  region size 1024K, 5 young (5120K), 5 survivors (5120K)
 Metaspace       used 4375K, committed 4544K, reserved 1114112K
  class space    used 559K, committed 640K, reserved 1048576K
}
Event: 27.545 GC heap before
{Heap before GC invocations=2 (full 0):
 garbage-first heap   total 258048K, used 60996K [0x00000000a0000000, 0x0000000100000000)
  region size 1024K, 53 young (54272K), 5 survivors (5120K)
 Metaspace       used 5043K, committed 5248K, reserved 1114112K
  class space    used 670K, committed 768K, reserved 1048576K
}
Event: 27.553 GC heap after
{Heap after GC invocations=3 (full 0):
 garbage-first heap   total 258048K, used 16866K [0x00000000a0000000, 0x0000000100000000)
  region size 1024K, 5 young (5120K), 5 survivors (5120K)
 Metaspace       used 5043K, committed 5248K, reserved 1114112K
  class space    used 670K, committed 768K, reserved 1048576K
}
Event: 73.560 GC heap before
{Heap before GC invocations=3 (full 0):
 garbage-first heap   total 258048K, used 113122K [0x00000000a0000000, 0x0000000100000000)
  region size 1024K, 100 young (102400K), 5 survivors (5120K)
 Metaspace       used 20868K, committed 21504K, reserved 1114112K
  class space    used 3069K, committed 3392K, reserved 1048576K
}
Event: 73.724 GC heap after
{Heap after GC invocations=4 (full 0):
 garbage-first heap   total 258048K, used 24209K [0x00000000a0000000, 0x0000000100000000)
  region size 1024K, 12 young (12288K), 12 survivors (12288K)
 Metaspace       used 20868K, committed 21504K, reserved 1114112K
  class space    used 3069K, committed 3392K, reserved 1048576K
}
Event: 76.811 GC heap before
{Heap before GC invocations=5 (full 0):
 garbage-first heap   total 81920K, used 61073K [0x00000000a0000000, 0x0000000100000000)
  region size 1024K, 48 young (49152K), 12 survivors (12288K)
 Metaspace       used 25598K, committed 26496K, reserved 1114112K
  class space    used 3846K, committed 4288K, reserved 1048576K
}
Event: 76.824 GC heap after
{Heap after GC invocations=6 (full 0):
 garbage-first heap   total 81920K, used 26595K [0x00000000a0000000, 0x0000000100000000)
  region size 1024K, 3 young (3072K), 3 survivors (3072K)
 Metaspace       used 25598K, committed 26496K, reserved 1114112K
  class space    used 3846K, committed 4288K, reserved 1048576K
}
Event: 98.693 GC heap before
{Heap before GC invocations=6 (full 0):
 garbage-first heap   total 81920K, used 65507K [0x00000000a0000000, 0x0000000100000000)
  region size 1024K, 42 young (43008K), 3 survivors (3072K)
 Metaspace       used 32662K, committed 33600K, reserved 1114112K
  class space    used 4707K, committed 5184K, reserved 1048576K
}
Event: 98.700 GC heap after
{Heap after GC invocations=7 (full 0):
 garbage-first heap   total 81920K, used 30672K [0x00000000a0000000, 0x0000000100000000)
  region size 1024K, 6 young (6144K), 6 survivors (6144K)
 Metaspace       used 32662K, committed 33600K, reserved 1114112K
  class space    used 4707K, committed 5184K, reserved 1048576K
}
Event: 103.620 GC heap before
{Heap before GC invocations=7 (full 0):
 garbage-first heap   total 81920K, used 69584K [0x00000000a0000000, 0x0000000100000000)
  region size 1024K, 40 young (40960K), 6 survivors (6144K)
 Metaspace       used 35000K, committed 35968K, reserved 1114112K
  class space    used 4962K, committed 5440K, reserved 1048576K
}
Event: 103.628 GC heap after
{Heap after GC invocations=8 (full 0):
 garbage-first heap   total 81920K, used 33369K [0x00000000a0000000, 0x0000000100000000)
  region size 1024K, 4 young (4096K), 4 survivors (4096K)
 Metaspace       used 35000K, committed 35968K, reserved 1114112K
  class space    used 4962K, committed 5440K, reserved 1048576K
}
Event: 366.011 GC heap before
{Heap before GC invocations=9 (full 0):
 garbage-first heap   total 81920K, used 67161K [0x00000000a0000000, 0x0000000100000000)
  region size 1024K, 38 young (38912K), 4 survivors (4096K)
 Metaspace       used 35978K, committed 37056K, reserved 1114112K
  class space    used 5111K, committed 5632K, reserved 1048576K
}
Event: 366.103 GC heap after
{Heap after GC invocations=10 (full 0):
 garbage-first heap   total 81920K, used 33844K [0x00000000a0000000, 0x0000000100000000)
  region size 1024K, 1 young (1024K), 1 survivors (1024K)
 Metaspace       used 35978K, committed 37056K, reserved 1114112K
  class space    used 5111K, committed 5632K, reserved 1048576K
}
Event: 629.933 GC heap before
{Heap before GC invocations=10 (full 0):
 garbage-first heap   total 81920K, used 70708K [0x00000000a0000000, 0x0000000100000000)
  region size 1024K, 37 young (37888K), 1 survivors (1024K)
 Metaspace       used 36813K, committed 37952K, reserved 1114112K
  class space    used 5216K, committed 5760K, reserved 1048576K
}
Event: 629.973 GC heap after
{Heap after GC invocations=11 (full 0):
 garbage-first heap   total 81920K, used 34109K [0x00000000a0000000, 0x0000000100000000)
  region size 1024K, 2 young (2048K), 2 survivors (2048K)
 Metaspace       used 36813K, committed 37952K, reserved 1114112K
  class space    used 5216K, committed 5760K, reserved 1048576K
}

