# JRE version: OpenJDK Runtime Environment Temurin-21.0.12.1+1 (21.0.12.1+1) (build 21.0.12.1+1-LTS)
# Java VM: OpenJDK 64-Bit Server VM Temurin-21.0.12.1+1 (21.0.12.1+1-LTS, mixed mode, sharing, tiered, compressed oops, compressed class ptrs, g1 gc, windows-amd64)
GC Precious Log:
 CardTable entry size: 512
 Card Set container configuration: InlinePtr #cards 5 size 8 Array Of Cards #cards 12 size 40 Howl #buckets 4 coarsen threshold 1843 Howl Bitmap #cards 512 size 80 coarsen threshold 460 Card regions per heap region 1 cards per card region 2048
 CPUs: 12 total, 12 available
 Memory: 16076M
 Large Page Support: Disabled
 NUMA Support: Disabled
 Compressed Oops: Enabled (32-bit)
 Heap Region Size: 1M
 Heap Min Capacity: 256M
 Heap Initial Capacity: 256M
 Heap Max Capacity: 512M
 Pre-touch: Disabled
 Parallel Workers: 10
 Concurrent Workers: 3
 Concurrent Refinement Workers: 10
 Periodic GC: Disabled
Heap:
 garbage-first heap   total 262144K, used 41687K [0x00000000e0000000, 0x0000000100000000)
  region size 1024K, 17 young (17408K), 8 survivors (8192K)
 Metaspace       used 36281K, committed 37568K, reserved 393216K
  class space    used 5299K, committed 5952K, reserved 327680K
GC Heap History (12 events):
Event: 3.469 GC heap before
{Heap before GC invocations=0 (full 0):
 garbage-first heap   total 262144K, used 26624K [0x00000000e0000000, 0x0000000100000000)
  region size 1024K, 23 young (23552K), 0 survivors (0K)
 Metaspace       used 1365K, committed 1472K, reserved 393216K
  class space    used 122K, committed 192K, reserved 327680K
}
Event: 3.702 GC heap after
{Heap after GC invocations=1 (full 0):
 garbage-first heap   total 262144K, used 10346K [0x00000000e0000000, 0x0000000100000000)
  region size 1024K, 3 young (3072K), 3 survivors (3072K)
 Metaspace       used 1365K, committed 1472K, reserved 393216K
  class space    used 122K, committed 192K, reserved 327680K
}
Event: 9.294 GC heap before
{Heap before GC invocations=1 (full 0):
 garbage-first heap   total 262144K, used 39018K [0x00000000e0000000, 0x0000000100000000)
  region size 1024K, 31 young (31744K), 3 survivors (3072K)
 Metaspace       used 4280K, committed 4480K, reserved 393216K
  class space    used 545K, committed 640K, reserved 327680K
}
Event: 9.299 GC heap after
{Heap after GC invocations=2 (full 0):
 garbage-first heap   total 262144K, used 12370K [0x00000000e0000000, 0x0000000100000000)
  region size 1024K, 2 young (2048K), 2 survivors (2048K)
 Metaspace       used 4280K, committed 4480K, reserved 393216K
  class space    used 545K, committed 640K, reserved 327680K
}
Event: 26.131 GC heap before
{Heap before GC invocations=2 (full 0):
 garbage-first heap   total 262144K, used 143442K [0x00000000e0000000, 0x0000000100000000)
  region size 1024K, 130 young (133120K), 2 survivors (2048K)
 Metaspace       used 20849K, committed 21504K, reserved 393216K
  class space    used 3043K, committed 3392K, reserved 327680K
}
Event: 26.146 GC heap after
{Heap after GC invocations=3 (full 0):
 garbage-first heap   total 262144K, used 25030K [0x00000000e0000000, 0x0000000100000000)
  region size 1024K, 13 young (13312K), 13 survivors (13312K)
 Metaspace       used 20849K, committed 21504K, reserved 393216K
  class space    used 3043K, committed 3392K, reserved 327680K
}
Event: 31.807 GC heap before
{Heap before GC invocations=4 (full 0):
 garbage-first heap   total 262144K, used 116166K [0x00000000e0000000, 0x0000000100000000)
  region size 1024K, 104 young (106496K), 13 survivors (13312K)
 Metaspace       used 34765K, committed 35968K, reserved 393216K
  class space    used 5050K, committed 5632K, reserved 327680K
}
Event: 31.822 GC heap after
{Heap after GC invocations=5 (full 0):
 garbage-first heap   total 262144K, used 32216K [0x00000000e0000000, 0x0000000100000000)
  region size 1024K, 8 young (8192K), 8 survivors (8192K)
 Metaspace       used 34765K, committed 35968K, reserved 393216K
  class space    used 5050K, committed 5632K, reserved 327680K
}
Event: 32.145 GC heap before
{Heap before GC invocations=5 (full 0):
 garbage-first heap   total 262144K, used 51672K [0x00000000e0000000, 0x0000000100000000)
  region size 1024K, 28 young (28672K), 8 survivors (8192K)
 Metaspace       used 35084K, committed 36288K, reserved 393216K
  class space    used 5088K, committed 5632K, reserved 327680K
}
Event: 32.153 GC heap after
{Heap after GC invocations=6 (full 0):
 garbage-first heap   total 262144K, used 33466K [0x00000000e0000000, 0x0000000100000000)
  region size 1024K, 8 young (8192K), 8 survivors (8192K)
 Metaspace       used 35084K, committed 36288K, reserved 393216K
  class space    used 5088K, committed 5632K, reserved 327680K
}
Event: 32.295 GC heap before
{Heap before GC invocations=6 (full 0):
 garbage-first heap   total 262144K, used 35514K [0x00000000e0000000, 0x0000000100000000)
  region size 1024K, 11 young (11264K), 8 survivors (8192K)
 Metaspace       used 35381K, committed 36608K, reserved 393216K
  class space    used 5142K, committed 5760K, reserved 327680K
}
Event: 32.302 GC heap after
{Heap after GC invocations=7 (full 0):
 garbage-first heap   total 262144K, used 33495K [0x00000000e0000000, 0x0000000100000000)
  region size 1024K, 8 young (8192K), 8 survivors (8192K)
 Metaspace       used 35381K, committed 36608K, reserved 393216K
  class space    used 5142K, committed 5760K, reserved 327680K
}

