# JRE version: OpenJDK Runtime Environment Temurin-21.0.12.1+1 (21.0.12.1+1) (build 21.0.12.1+1-LTS)
# Java VM: OpenJDK 64-Bit Server VM Temurin-21.0.12.1+1 (21.0.12.1+1-LTS, mixed mode, sharing, tiered, compressed oops, compressed class ptrs, g1 gc, windows-amd64)
GC Precious Log:
 CardTable entry size: 512
 Card Set container configuration: InlinePtr #cards 5 size 8 Array Of Cards #cards 12 size 40 Howl #buckets 4 coarsen threshold 1843 Howl Bitmap #cards 512 size 80 coarsen threshold 460 Card regions per heap region 1 cards per card region 2048
 CPUs: 12 total, 12 available
 Memory: 16076M
 Large Page Support: Disabled
 NUMA Support: Disabled
 Compressed Oops: Enabled (32-bit)
 Heap Region Size: 1M
 Heap Min Capacity: 8M
 Heap Initial Capacity: 252M
 Heap Max Capacity: 1536M
 Pre-touch: Disabled
 Parallel Workers: 10
 Concurrent Workers: 3
 Concurrent Refinement Workers: 10
 Periodic GC: Disabled
Heap:
 garbage-first heap   total 98304K, used 64593K [0x00000000a0000000, 0x0000000100000000)
  region size 1024K, 32 young (32768K), 5 survivors (5120K)
 Metaspace       used 44150K, committed 45696K, reserved 1114112K
  class space    used 6307K, committed 7040K, reserved 1048576K
GC Heap History (20 events):
Event: 0.952 GC heap before
{Heap before GC invocations=0 (full 0):
 garbage-first heap   total 258048K, used 23552K [0x00000000a0000000, 0x0000000100000000)
  region size 1024K, 23 young (23552K), 0 survivors (0K)
 Metaspace       used 914K, committed 1024K, reserved 1114112K
  class space    used 73K, committed 128K, reserved 1048576K
}
Event: 0.957 GC heap after
{Heap after GC invocations=1 (full 0):
 garbage-first heap   total 258048K, used 1610K [0x00000000a0000000, 0x0000000100000000)
  region size 1024K, 2 young (2048K), 2 survivors (2048K)
 Metaspace       used 914K, committed 1024K, reserved 1114112K
  class space    used 73K, committed 128K, reserved 1048576K
}
Event: 2.745 GC heap before
{Heap before GC invocations=1 (full 0):
 garbage-first heap   total 258048K, used 40522K [0x00000000a0000000, 0x0000000100000000)
  region size 1024K, 38 young (38912K), 2 survivors (2048K)
 Metaspace       used 4389K, committed 4544K, reserved 1114112K
  class space    used 558K, committed 640K, reserved 1048576K
}
Event: 2.750 GC heap after
{Heap after GC invocations=2 (full 0):
 garbage-first heap   total 258048K, used 10769K [0x00000000a0000000, 0x0000000100000000)
  region size 1024K, 5 young (5120K), 5 survivors (5120K)
 Metaspace       used 4389K, committed 4544K, reserved 1114112K
  class space    used 558K, committed 640K, reserved 1048576K
}
Event: 6.088 GC heap before
{Heap before GC invocations=2 (full 0):
 garbage-first heap   total 258048K, used 70161K [0x00000000a0000000, 0x0000000100000000)
  region size 1024K, 61 young (62464K), 5 survivors (5120K)
 Metaspace       used 6879K, committed 7168K, reserved 1114112K
  class space    used 938K, committed 1024K, reserved 1048576K
}
Event: 6.097 GC heap after
{Heap after GC invocations=3 (full 0):
 garbage-first heap   total 258048K, used 18061K [0x00000000a0000000, 0x0000000100000000)
  region size 1024K, 7 young (7168K), 7 survivors (7168K)
 Metaspace       used 6879K, committed 7168K, reserved 1114112K
  class space    used 938K, committed 1024K, reserved 1048576K
}
Event: 18.050 GC heap before
{Heap before GC invocations=3 (full 0):
 garbage-first heap   total 258048K, used 105101K [0x00000000a0000000, 0x0000000100000000)
  region size 1024K, 93 young (95232K), 7 survivors (7168K)
 Metaspace       used 20805K, committed 21504K, reserved 1114112K
  class space    used 3070K, committed 3456K, reserved 1048576K
}
Event: 18.061 GC heap after
{Heap after GC invocations=4 (full 0):
 garbage-first heap   total 258048K, used 23787K [0x00000000a0000000, 0x0000000100000000)
  region size 1024K, 12 young (12288K), 12 survivors (12288K)
 Metaspace       used 20805K, committed 21504K, reserved 1114112K
  class space    used 3070K, committed 3456K, reserved 1048576K
}
Event: 36.096 GC heap before
{Heap before GC invocations=5 (full 0):
 garbage-first heap   total 81920K, used 81131K [0x00000000a0000000, 0x0000000100000000)
  region size 1024K, 68 young (69632K), 12 survivors (12288K)
 Metaspace       used 28603K, committed 29568K, reserved 1114112K
  class space    used 4281K, committed 4736K, reserved 1048576K
}
Event: 36.103 GC heap after
{Heap after GC invocations=6 (full 0):
 garbage-first heap   total 98304K, used 27872K [0x00000000a0000000, 0x0000000100000000)
  region size 1024K, 10 young (10240K), 10 survivors (10240K)
 Metaspace       used 28603K, committed 29568K, reserved 1114112K
  class space    used 4281K, committed 4736K, reserved 1048576K
}
Event: 46.997 GC heap before
{Heap before GC invocations=6 (full 0):
 garbage-first heap   total 98304K, used 80096K [0x00000000a0000000, 0x0000000100000000)
  region size 1024K, 57 young (58368K), 10 survivors (10240K)
 Metaspace       used 34294K, committed 35328K, reserved 1114112K
  class space    used 4866K, committed 5376K, reserved 1048576K
}
Event: 47.010 GC heap after
{Heap after GC invocations=7 (full 0):
 garbage-first heap   total 98304K, used 32389K [0x00000000a0000000, 0x0000000100000000)
  region size 1024K, 8 young (8192K), 8 survivors (8192K)
 Metaspace       used 34294K, committed 35328K, reserved 1114112K
  class space    used 4866K, committed 5376K, reserved 1048576K
}
Event: 48.875 GC heap before
{Heap before GC invocations=7 (full 0):
 garbage-first heap   total 98304K, used 38533K [0x00000000a0000000, 0x0000000100000000)
  region size 1024K, 15 young (15360K), 8 survivors (8192K)
 Metaspace       used 35137K, committed 36160K, reserved 1114112K
  class space    used 4991K, committed 5504K, reserved 1048576K
}
Event: 48.885 GC heap after
{Heap after GC invocations=8 (full 0):
 garbage-first heap   total 98304K, used 33416K [0x00000000a0000000, 0x0000000100000000)
  region size 1024K, 2 young (2048K), 2 survivors (2048K)
 Metaspace       used 35137K, committed 36160K, reserved 1114112K
  class space    used 4991K, committed 5504K, reserved 1048576K
}
Event: 424.140 GC heap before
{Heap before GC invocations=9 (full 0):
 garbage-first heap   total 98304K, used 79496K [0x00000000a0000000, 0x0000000100000000)
  region size 1024K, 47 young (48128K), 2 survivors (2048K)
 Metaspace       used 36791K, committed 37952K, reserved 1114112K
  class space    used 5224K, committed 5760K, reserved 1048576K
}
Event: 424.278 GC heap after
{Heap after GC invocations=10 (full 0):
 garbage-first heap   total 98304K, used 33985K [0x00000000a0000000, 0x0000000100000000)
  region size 1024K, 2 young (2048K), 2 survivors (2048K)
 Metaspace       used 36791K, committed 37952K, reserved 1114112K
  class space    used 5224K, committed 5760K, reserved 1048576K
}
Event: 848.066 GC heap before
{Heap before GC invocations=10 (full 0):
 garbage-first heap   total 98304K, used 82113K [0x00000000a0000000, 0x0000000100000000)
  region size 1024K, 49 young (50176K), 2 survivors (2048K)
 Metaspace       used 36837K, committed 37952K, reserved 1114112K
  class space    used 5224K, committed 5760K, reserved 1048576K
}
Event: 848.142 GC heap after
{Heap after GC invocations=11 (full 0):
 garbage-first heap   total 98304K, used 33543K [0x00000000a0000000, 0x0000000100000000)
  region size 1024K, 2 young (2048K), 2 survivors (2048K)
 Metaspace       used 36837K, committed 37952K, reserved 1114112K
  class space    used 5224K, committed 5760K, reserved 1048576K
}
Event: 1014.779 GC heap before
{Heap before GC invocations=11 (full 0):
 garbage-first heap   total 98304K, used 85767K [0x00000000a0000000, 0x0000000100000000)
  region size 1024K, 53 young (54272K), 2 survivors (2048K)
 Metaspace       used 40555K, committed 42048K, reserved 1114112K
  class space    used 5847K, committed 6592K, reserved 1048576K
}
Event: 1014.797 GC heap after
{Heap after GC invocations=12 (full 0):
 garbage-first heap   total 98304K, used 35921K [0x00000000a0000000, 0x0000000100000000)
  region size 1024K, 5 young (5120K), 5 survivors (5120K)
 Metaspace       used 40555K, committed 42048K, reserved 1114112K
  class space    used 5847K, committed 6592K, reserved 1048576K
}

