# JRE version: OpenJDK Runtime Environment Temurin-21.0.12.1+1 (21.0.12.1+1) (build 21.0.12.1+1-LTS)
# Java VM: OpenJDK 64-Bit Server VM Temurin-21.0.12.1+1 (21.0.12.1+1-LTS, mixed mode, sharing, tiered, compressed oops, compressed class ptrs, g1 gc, windows-amd64)
GC Precious Log:
 CardTable entry size: 512
 Card Set container configuration: InlinePtr #cards 5 size 8 Array Of Cards #cards 12 size 40 Howl #buckets 4 coarsen threshold 1843 Howl Bitmap #cards 512 size 80 coarsen threshold 460 Card regions per heap region 1 cards per card region 2048
 CPUs: 12 total, 12 available
 Memory: 16076M
 Large Page Support: Disabled
 NUMA Support: Disabled
 Compressed Oops: Enabled (32-bit)
 Heap Region Size: 1M
 Heap Min Capacity: 8M
 Heap Initial Capacity: 252M
 Heap Max Capacity: 1536M
 Pre-touch: Disabled
 Parallel Workers: 10
 Concurrent Workers: 3
 Concurrent Refinement Workers: 10
 Periodic GC: Disabled
Heap:
 garbage-first heap   total 97280K, used 63575K [0x00000000a0000000, 0x0000000100000000)
  region size 1024K, 46 young (47104K), 9 survivors (9216K)
 Metaspace       used 26976K, committed 27904K, reserved 1114112K
  class space    used 4040K, committed 4480K, reserved 1048576K
GC Heap History (10 events):
Event: 1.226 GC heap before
{Heap before GC invocations=0 (full 0):
 garbage-first heap   total 258048K, used 23552K [0x00000000a0000000, 0x0000000100000000)
  region size 1024K, 23 young (23552K), 0 survivors (0K)
 Metaspace       used 927K, committed 1088K, reserved 1114112K
  class space    used 73K, committed 128K, reserved 1048576K
}
Event: 1.432 GC heap after
{Heap after GC invocations=1 (full 0):
 garbage-first heap   total 258048K, used 1450K [0x00000000a0000000, 0x0000000100000000)
  region size 1024K, 2 young (2048K), 2 survivors (2048K)
 Metaspace       used 927K, committed 1088K, reserved 1114112K
  class space    used 73K, committed 128K, reserved 1048576K
}
Event: 7.918 GC heap before
{Heap before GC invocations=1 (full 0):
 garbage-first heap   total 258048K, used 40362K [0x00000000a0000000, 0x0000000100000000)
  region size 1024K, 38 young (38912K), 2 survivors (2048K)
 Metaspace       used 4376K, committed 4544K, reserved 1114112K
  class space    used 559K, committed 640K, reserved 1048576K
}
Event: 7.926 GC heap after
{Heap after GC invocations=2 (full 0):
 garbage-first heap   total 258048K, used 10639K [0x00000000a0000000, 0x0000000100000000)
  region size 1024K, 5 young (5120K), 5 survivors (5120K)
 Metaspace       used 4376K, committed 4544K, reserved 1114112K
  class space    used 559K, committed 640K, reserved 1048576K
}
Event: 14.095 GC heap before
{Heap before GC invocations=2 (full 0):
 garbage-first heap   total 258048K, used 64911K [0x00000000a0000000, 0x0000000100000000)
  region size 1024K, 57 young (58368K), 5 survivors (5120K)
 Metaspace       used 6041K, committed 6272K, reserved 1114112K
  class space    used 811K, committed 896K, reserved 1048576K
}
Event: 14.106 GC heap after
{Heap after GC invocations=3 (full 0):
 garbage-first heap   total 258048K, used 17845K [0x00000000a0000000, 0x0000000100000000)
  region size 1024K, 6 young (6144K), 6 survivors (6144K)
 Metaspace       used 6041K, committed 6272K, reserved 1114112K
  class space    used 811K, committed 896K, reserved 1048576K
}
Event: 113.046 GC heap before
{Heap before GC invocations=3 (full 0):
 garbage-first heap   total 258048K, used 112053K [0x00000000a0000000, 0x0000000100000000)
  region size 1024K, 99 young (101376K), 6 survivors (6144K)
 Metaspace       used 20824K, committed 21504K, reserved 1114112K
  class space    used 3054K, committed 3392K, reserved 1048576K
}
Event: 113.074 GC heap after
{Heap after GC invocations=4 (full 0):
 garbage-first heap   total 258048K, used 24106K [0x00000000a0000000, 0x0000000100000000)
  region size 1024K, 12 young (12288K), 12 survivors (12288K)
 Metaspace       used 20824K, committed 21504K, reserved 1114112K
  class space    used 3054K, committed 3392K, reserved 1048576K
}
Event: 196.868 GC heap before
{Heap before GC invocations=5 (full 0):
 garbage-first heap   total 81920K, used 81450K [0x00000000a0000000, 0x0000000100000000)
  region size 1024K, 68 young (69632K), 12 survivors (12288K)
 Metaspace       used 26868K, committed 27776K, reserved 1114112K
  class space    used 4039K, committed 4480K, reserved 1048576K
}
Event: 196.920 GC heap after
{Heap after GC invocations=6 (full 0):
 garbage-first heap   total 97280K, used 26711K [0x00000000a0000000, 0x0000000100000000)
  region size 1024K, 9 young (9216K), 9 survivors (9216K)
 Metaspace       used 26868K, committed 27776K, reserved 1114112K
  class space    used 4039K, committed 4480K, reserved 1048576K
}

