# JRE version: OpenJDK Runtime Environment Temurin-21.0.12.1+1 (21.0.12.1+1) (build 21.0.12.1+1-LTS)
# Java VM: OpenJDK 64-Bit Server VM Temurin-21.0.12.1+1 (21.0.12.1+1-LTS, mixed mode, sharing, tiered, compressed oops, compressed class ptrs, g1 gc, windows-amd64)
GC Precious Log:
 CardTable entry size: 512
 Card Set container configuration: InlinePtr #cards 5 size 8 Array Of Cards #cards 12 size 40 Howl #buckets 4 coarsen threshold 1843 Howl Bitmap #cards 512 size 80 coarsen threshold 460 Card regions per heap region 1 cards per card region 2048
 CPUs: 12 total, 12 available
 Memory: 16076M
 Large Page Support: Disabled
 NUMA Support: Disabled
 Compressed Oops: Enabled (32-bit)
 Heap Region Size: 1M
 Heap Min Capacity: 8M
 Heap Initial Capacity: 252M
 Heap Max Capacity: 1536M
 Pre-touch: Disabled
 Parallel Workers: 10
 Concurrent Workers: 3
 Concurrent Refinement Workers: 10
 Periodic GC: Disabled
Heap:
 garbage-first heap   total 81920K, used 66538K [0x00000000a0000000, 0x0000000100000000)
  region size 1024K, 35 young (35840K), 1 survivors (1024K)
 Metaspace       used 36053K, committed 37248K, reserved 1114112K
  class space    used 5117K, committed 5696K, reserved 1048576K
GC Heap History (20 events):
Event: 0.951 GC heap before
{Heap before GC invocations=0 (full 0):
 garbage-first heap   total 258048K, used 23552K [0x00000000a0000000, 0x0000000100000000)
  region size 1024K, 23 young (23552K), 0 survivors (0K)
 Metaspace       used 923K, committed 1088K, reserved 1114112K
  class space    used 73K, committed 128K, reserved 1048576K
}
Event: 0.955 GC heap after
{Heap after GC invocations=1 (full 0):
 garbage-first heap   total 258048K, used 1557K [0x00000000a0000000, 0x0000000100000000)
  region size 1024K, 2 young (2048K), 2 survivors (2048K)
 Metaspace       used 923K, committed 1088K, reserved 1114112K
  class space    used 73K, committed 128K, reserved 1048576K
}
Event: 2.577 GC heap before
{Heap before GC invocations=1 (full 0):
 garbage-first heap   total 258048K, used 40469K [0x00000000a0000000, 0x0000000100000000)
  region size 1024K, 38 young (38912K), 2 survivors (2048K)
 Metaspace       used 4393K, committed 4544K, reserved 1114112K
  class space    used 559K, committed 640K, reserved 1048576K
}
Event: 2.583 GC heap after
{Heap after GC invocations=2 (full 0):
 garbage-first heap   total 258048K, used 10727K [0x00000000a0000000, 0x0000000100000000)
  region size 1024K, 5 young (5120K), 5 survivors (5120K)
 Metaspace       used 4393K, committed 4544K, reserved 1114112K
  class space    used 559K, committed 640K, reserved 1048576K
}
Event: 6.067 GC heap before
{Heap before GC invocations=2 (full 0):
 garbage-first heap   total 258048K, used 69095K [0x00000000a0000000, 0x0000000100000000)
  region size 1024K, 60 young (61440K), 5 survivors (5120K)
 Metaspace       used 7013K, committed 7296K, reserved 1114112K
  class space    used 951K, committed 1088K, reserved 1048576K
}
Event: 6.084 GC heap after
{Heap after GC invocations=3 (full 0):
 garbage-first heap   total 258048K, used 18365K [0x00000000a0000000, 0x0000000100000000)
  region size 1024K, 7 young (7168K), 7 survivors (7168K)
 Metaspace       used 7013K, committed 7296K, reserved 1114112K
  class space    used 951K, committed 1088K, reserved 1048576K
}
Event: 18.155 GC heap before
{Heap before GC invocations=3 (full 0):
 garbage-first heap   total 258048K, used 104381K [0x00000000a0000000, 0x0000000100000000)
  region size 1024K, 92 young (94208K), 7 survivors (7168K)
 Metaspace       used 20791K, committed 21504K, reserved 1114112K
  class space    used 3071K, committed 3456K, reserved 1048576K
}
Event: 18.166 GC heap after
{Heap after GC invocations=4 (full 0):
 garbage-first heap   total 258048K, used 24192K [0x00000000a0000000, 0x0000000100000000)
  region size 1024K, 12 young (12288K), 12 survivors (12288K)
 Metaspace       used 20791K, committed 21504K, reserved 1114112K
  class space    used 3071K, committed 3456K, reserved 1048576K
}
Event: 25.454 GC heap before
{Heap before GC invocations=5 (full 0):
 garbage-first heap   total 81920K, used 61056K [0x00000000a0000000, 0x0000000100000000)
  region size 1024K, 48 young (49152K), 12 survivors (12288K)
 Metaspace       used 25439K, committed 26368K, reserved 1114112K
  class space    used 3828K, committed 4288K, reserved 1048576K
}
Event: 25.465 GC heap after
{Heap after GC invocations=6 (full 0):
 garbage-first heap   total 81920K, used 26672K [0x00000000a0000000, 0x0000000100000000)
  region size 1024K, 3 young (3072K), 3 survivors (3072K)
 Metaspace       used 25439K, committed 26368K, reserved 1114112K
  class space    used 3828K, committed 4288K, reserved 1048576K
}
Event: 38.121 GC heap before
{Heap before GC invocations=6 (full 0):
 garbage-first heap   total 81920K, used 64560K [0x00000000a0000000, 0x0000000100000000)
  region size 1024K, 41 young (41984K), 3 survivors (3072K)
 Metaspace       used 32655K, committed 33600K, reserved 1114112K
  class space    used 4721K, committed 5184K, reserved 1048576K
}
Event: 38.129 GC heap after
{Heap after GC invocations=7 (full 0):
 garbage-first heap   total 81920K, used 30209K [0x00000000a0000000, 0x0000000100000000)
  region size 1024K, 6 young (6144K), 6 survivors (6144K)
 Metaspace       used 32655K, committed 33600K, reserved 1114112K
  class space    used 4721K, committed 5184K, reserved 1048576K
}
Event: 51.161 GC heap before
{Heap before GC invocations=7 (full 0):
 garbage-first heap   total 81920K, used 71169K [0x00000000a0000000, 0x0000000100000000)
  region size 1024K, 42 young (43008K), 6 survivors (6144K)
 Metaspace       used 35262K, committed 36352K, reserved 1114112K
  class space    used 5016K, committed 5568K, reserved 1048576K
}
Event: 51.170 GC heap after
{Heap after GC invocations=8 (full 0):
 garbage-first heap   total 81920K, used 33034K [0x00000000a0000000, 0x0000000100000000)
  region size 1024K, 4 young (4096K), 4 survivors (4096K)
 Metaspace       used 35262K, committed 36352K, reserved 1114112K
  class space    used 5016K, committed 5568K, reserved 1048576K
}
Event: 51.222 GC heap before
{Heap before GC invocations=8 (full 0):
 garbage-first heap   total 81920K, used 33034K [0x00000000a0000000, 0x0000000100000000)
  region size 1024K, 5 young (5120K), 4 survivors (4096K)
 Metaspace       used 35405K, committed 36480K, reserved 1114112K
  class space    used 5041K, committed 5568K, reserved 1048576K
}
Event: 51.227 GC heap after
{Heap after GC invocations=9 (full 0):
 garbage-first heap   total 81920K, used 33589K [0x00000000a0000000, 0x0000000100000000)
  region size 1024K, 1 young (1024K), 1 survivors (1024K)
 Metaspace       used 35405K, committed 36480K, reserved 1114112K
  class space    used 5041K, committed 5568K, reserved 1048576K
}
Event: 450.099 GC heap before
{Heap before GC invocations=10 (full 0):
 garbage-first heap   total 81920K, used 68405K [0x00000000a0000000, 0x0000000100000000)
  region size 1024K, 35 young (35840K), 1 survivors (1024K)
 Metaspace       used 35668K, committed 36800K, reserved 1114112K
  class space    used 5068K, committed 5632K, reserved 1048576K
}
Event: 450.150 GC heap after
{Heap after GC invocations=11 (full 0):
 garbage-first heap   total 81920K, used 33359K [0x00000000a0000000, 0x0000000100000000)
  region size 1024K, 1 young (1024K), 1 survivors (1024K)
 Metaspace       used 35668K, committed 36800K, reserved 1114112K
  class space    used 5068K, committed 5632K, reserved 1048576K
}
Event: 770.090 GC heap before
{Heap before GC invocations=11 (full 0):
 garbage-first heap   total 81920K, used 70223K [0x00000000a0000000, 0x0000000100000000)
  region size 1024K, 37 young (37888K), 1 survivors (1024K)
 Metaspace       used 36025K, committed 37120K, reserved 1114112K
  class space    used 5116K, committed 5696K, reserved 1048576K
}
Event: 770.204 GC heap after
{Heap after GC invocations=12 (full 0):
 garbage-first heap   total 81920K, used 32746K [0x00000000a0000000, 0x0000000100000000)
  region size 1024K, 1 young (1024K), 1 survivors (1024K)
 Metaspace       used 36025K, committed 37120K, reserved 1114112K
  class space    used 5116K, committed 5696K, reserved 1048576K
}

