# JRE version: OpenJDK Runtime Environment Temurin-21.0.12.1+1 (21.0.12.1+1) (build 21.0.12.1+1-LTS)
# Java VM: OpenJDK 64-Bit Server VM Temurin-21.0.12.1+1 (21.0.12.1+1-LTS, mixed mode, sharing, tiered, compressed oops, compressed class ptrs, g1 gc, windows-amd64)
GC Precious Log:
 CardTable entry size: 512
 Card Set container configuration: InlinePtr #cards 5 size 8 Array Of Cards #cards 12 size 40 Howl #buckets 4 coarsen threshold 1843 Howl Bitmap #cards 512 size 80 coarsen threshold 460 Card regions per heap region 1 cards per card region 2048
 CPUs: 12 total, 12 available
 Memory: 16076M
 Large Page Support: Disabled
 NUMA Support: Disabled
 Compressed Oops: Enabled (32-bit)
 Heap Region Size: 1M
 Heap Min Capacity: 8M
 Heap Initial Capacity: 252M
 Heap Max Capacity: 1536M
 Pre-touch: Disabled
 Parallel Workers: 10
 Concurrent Workers: 3
 Concurrent Refinement Workers: 10
 Periodic GC: Disabled
Heap:
 garbage-first heap   total 81920K, used 62644K [0x00000000a0000000, 0x0000000100000000)
  region size 1024K, 31 young (31744K), 3 survivors (3072K)
 Metaspace       used 35711K, committed 36736K, reserved 1114112K
  class space    used 5064K, committed 5568K, reserved 1048576K
GC Heap History (16 events):
Event: 4.424 GC heap before
{Heap before GC invocations=0 (full 0):
 garbage-first heap   total 258048K, used 23552K [0x00000000a0000000, 0x0000000100000000)
  region size 1024K, 23 young (23552K), 0 survivors (0K)
 Metaspace       used 900K, committed 1024K, reserved 1114112K
  class space    used 73K, committed 128K, reserved 1048576K
}
Event: 5.086 GC heap after
{Heap after GC invocations=1 (full 0):
 garbage-first heap   total 258048K, used 1450K [0x00000000a0000000, 0x0000000100000000)
  region size 1024K, 2 young (2048K), 2 survivors (2048K)
 Metaspace       used 900K, committed 1024K, reserved 1114112K
  class space    used 73K, committed 128K, reserved 1048576K
}
Event: 18.079 GC heap before
{Heap before GC invocations=1 (full 0):
 garbage-first heap   total 258048K, used 40362K [0x00000000a0000000, 0x0000000100000000)
  region size 1024K, 38 young (38912K), 2 survivors (2048K)
 Metaspace       used 4353K, committed 4544K, reserved 1114112K
  class space    used 558K, committed 640K, reserved 1048576K
}
Event: 18.088 GC heap after
{Heap after GC invocations=2 (full 0):
 garbage-first heap   total 258048K, used 10788K [0x00000000a0000000, 0x0000000100000000)
  region size 1024K, 5 young (5120K), 5 survivors (5120K)
 Metaspace       used 4353K, committed 4544K, reserved 1114112K
  class space    used 558K, committed 640K, reserved 1048576K
}
Event: 31.906 GC heap before
{Heap before GC invocations=2 (full 0):
 garbage-first heap   total 258048K, used 69156K [0x00000000a0000000, 0x0000000100000000)
  region size 1024K, 60 young (61440K), 5 survivors (5120K)
 Metaspace       used 7026K, committed 7360K, reserved 1114112K
  class space    used 956K, committed 1152K, reserved 1048576K
}
Event: 31.917 GC heap after
{Heap after GC invocations=3 (full 0):
 garbage-first heap   total 258048K, used 18216K [0x00000000a0000000, 0x0000000100000000)
  region size 1024K, 7 young (7168K), 7 survivors (7168K)
 Metaspace       used 7026K, committed 7360K, reserved 1114112K
  class space    used 956K, committed 1152K, reserved 1048576K
}
Event: 126.199 GC heap before
{Heap before GC invocations=3 (full 0):
 garbage-first heap   total 258048K, used 108328K [0x00000000a0000000, 0x0000000100000000)
  region size 1024K, 96 young (98304K), 7 survivors (7168K)
 Metaspace       used 20867K, committed 21504K, reserved 1114112K
  class space    used 3058K, committed 3392K, reserved 1048576K
}
Event: 126.225 GC heap after
{Heap after GC invocations=4 (full 0):
 garbage-first heap   total 258048K, used 24206K [0x00000000a0000000, 0x0000000100000000)
  region size 1024K, 12 young (12288K), 12 survivors (12288K)
 Metaspace       used 20867K, committed 21504K, reserved 1114112K
  class space    used 3058K, committed 3392K, reserved 1048576K
}
Event: 131.725 GC heap before
{Heap before GC invocations=5 (full 0):
 garbage-first heap   total 81920K, used 61070K [0x00000000a0000000, 0x0000000100000000)
  region size 1024K, 48 young (49152K), 12 survivors (12288K)
 Metaspace       used 25319K, committed 26176K, reserved 1114112K
  class space    used 3788K, committed 4224K, reserved 1048576K
}
Event: 131.740 GC heap after
{Heap after GC invocations=6 (full 0):
 garbage-first heap   total 81920K, used 26438K [0x00000000a0000000, 0x0000000100000000)
  region size 1024K, 3 young (3072K), 3 survivors (3072K)
 Metaspace       used 25319K, committed 26176K, reserved 1114112K
  class space    used 3788K, committed 4224K, reserved 1048576K
}
Event: 346.315 GC heap before
{Heap before GC invocations=6 (full 0):
 garbage-first heap   total 81920K, used 65350K [0x00000000a0000000, 0x0000000100000000)
  region size 1024K, 41 young (41984K), 3 survivors (3072K)
 Metaspace       used 27031K, committed 28032K, reserved 1114112K
  class space    used 4063K, committed 4544K, reserved 1048576K
}
Event: 346.355 GC heap after
{Heap after GC invocations=7 (full 0):
 garbage-first heap   total 81920K, used 27762K [0x00000000a0000000, 0x0000000100000000)
  region size 1024K, 3 young (3072K), 3 survivors (3072K)
 Metaspace       used 27031K, committed 28032K, reserved 1114112K
  class space    used 4063K, committed 4544K, reserved 1048576K
}
Event: 349.705 GC heap before
{Heap before GC invocations=7 (full 0):
 garbage-first heap   total 81920K, used 67698K [0x00000000a0000000, 0x0000000100000000)
  region size 1024K, 43 young (44032K), 3 survivors (3072K)
 Metaspace       used 32937K, committed 33920K, reserved 1114112K
  class space    used 4723K, committed 5184K, reserved 1048576K
}
Event: 349.722 GC heap after
{Heap after GC invocations=8 (full 0):
 garbage-first heap   total 81920K, used 32216K [0x00000000a0000000, 0x0000000100000000)
  region size 1024K, 6 young (6144K), 6 survivors (6144K)
 Metaspace       used 32937K, committed 33920K, reserved 1114112K
  class space    used 4723K, committed 5184K, reserved 1048576K
}
Event: 350.799 GC heap before
{Heap before GC invocations=8 (full 0):
 garbage-first heap   total 81920K, used 58840K [0x00000000a0000000, 0x0000000100000000)
  region size 1024K, 29 young (29696K), 6 survivors (6144K)
 Metaspace       used 35253K, committed 36288K, reserved 1114112K
  class space    used 4980K, committed 5504K, reserved 1048576K
}
Event: 350.809 GC heap after
{Heap after GC invocations=9 (full 0):
 garbage-first heap   total 81920K, used 34996K [0x00000000a0000000, 0x0000000100000000)
  region size 1024K, 3 young (3072K), 3 survivors (3072K)
 Metaspace       used 35253K, committed 36288K, reserved 1114112K
  class space    used 4980K, committed 5504K, reserved 1048576K
}

