# JRE version: OpenJDK Runtime Environment Temurin-21.0.12.1+1 (21.0.12.1+1) (build 21.0.12.1+1-LTS)
# Java VM: OpenJDK 64-Bit Server VM Temurin-21.0.12.1+1 (21.0.12.1+1-LTS, mixed mode, sharing, tiered, compressed oops, compressed class ptrs, g1 gc, windows-amd64)
GC Precious Log:
 CardTable entry size: 512
 Card Set container configuration: InlinePtr #cards 5 size 8 Array Of Cards #cards 12 size 40 Howl #buckets 4 coarsen threshold 1843 Howl Bitmap #cards 512 size 80 coarsen threshold 460 Card regions per heap region 1 cards per card region 2048
 CPUs: 12 total, 12 available
 Memory: 16076M
 Large Page Support: Disabled
 NUMA Support: Disabled
 Compressed Oops: Enabled (32-bit)
 Heap Region Size: 1M
 Heap Min Capacity: 8M
 Heap Initial Capacity: 252M
 Heap Max Capacity: 1536M
 Pre-touch: Disabled
 Parallel Workers: 10
 Concurrent Workers: 3
 Concurrent Refinement Workers: 10
 Periodic GC: Disabled
Heap:
 garbage-first heap   total 97280K, used 56320K [0x00000000a0000000, 0x0000000100000000)
  region size 1024K, 33 young (33792K), 3 survivors (3072K)
 Metaspace       used 26861K, committed 27776K, reserved 1114112K
  class space    used 4024K, committed 4480K, reserved 1048576K
GC Heap History (12 events):
Event: 4.012 GC heap before
{Heap before GC invocations=0 (full 0):
 garbage-first heap   total 258048K, used 23552K [0x00000000a0000000, 0x0000000100000000)
  region size 1024K, 23 young (23552K), 0 survivors (0K)
 Metaspace       used 909K, committed 1024K, reserved 1114112K
  class space    used 73K, committed 128K, reserved 1048576K
}
Event: 4.679 GC heap after
{Heap after GC invocations=1 (full 0):
 garbage-first heap   total 258048K, used 1450K [0x00000000a0000000, 0x0000000100000000)
  region size 1024K, 2 young (2048K), 2 survivors (2048K)
 Metaspace       used 909K, committed 1024K, reserved 1114112K
  class space    used 73K, committed 128K, reserved 1048576K
}
Event: 12.955 GC heap before
{Heap before GC invocations=1 (full 0):
 garbage-first heap   total 258048K, used 39338K [0x00000000a0000000, 0x0000000100000000)
  region size 1024K, 37 young (37888K), 2 survivors (2048K)
 Metaspace       used 4360K, committed 4544K, reserved 1114112K
  class space    used 556K, committed 640K, reserved 1048576K
}
Event: 12.961 GC heap after
{Heap after GC invocations=2 (full 0):
 garbage-first heap   total 258048K, used 10599K [0x00000000a0000000, 0x0000000100000000)
  region size 1024K, 5 young (5120K), 5 survivors (5120K)
 Metaspace       used 4360K, committed 4544K, reserved 1114112K
  class space    used 556K, committed 640K, reserved 1048576K
}
Event: 17.014 GC heap before
{Heap before GC invocations=2 (full 0):
 garbage-first heap   total 258048K, used 63847K [0x00000000a0000000, 0x0000000100000000)
  region size 1024K, 56 young (57344K), 5 survivors (5120K)
 Metaspace       used 5582K, committed 5824K, reserved 1114112K
  class space    used 760K, committed 896K, reserved 1048576K
}
Event: 17.021 GC heap after
{Heap after GC invocations=3 (full 0):
 garbage-first heap   total 258048K, used 16783K [0x00000000a0000000, 0x0000000100000000)
  region size 1024K, 5 young (5120K), 5 survivors (5120K)
 Metaspace       used 5582K, committed 5824K, reserved 1114112K
  class space    used 760K, committed 896K, reserved 1048576K
}
Event: 55.916 GC heap before
{Heap before GC invocations=3 (full 0):
 garbage-first heap   total 258048K, used 108943K [0x00000000a0000000, 0x0000000100000000)
  region size 1024K, 96 young (98304K), 5 survivors (5120K)
 Metaspace       used 20784K, committed 21504K, reserved 1114112K
  class space    used 3060K, committed 3392K, reserved 1048576K
}
Event: 56.415 GC heap after
{Heap after GC invocations=4 (full 0):
 garbage-first heap   total 258048K, used 23689K [0x00000000a0000000, 0x0000000100000000)
  region size 1024K, 12 young (12288K), 12 survivors (12288K)
 Metaspace       used 20784K, committed 21504K, reserved 1114112K
  class space    used 3060K, committed 3392K, reserved 1048576K
}
Event: 157.131 GC heap before
{Heap before GC invocations=5 (full 0):
 garbage-first heap   total 81920K, used 81033K [0x00000000a0000000, 0x0000000100000000)
  region size 1024K, 68 young (69632K), 12 survivors (12288K)
 Metaspace       used 26730K, committed 27648K, reserved 1114112K
  class space    used 4023K, committed 4480K, reserved 1048576K
}
Event: 157.182 GC heap after
{Heap after GC invocations=6 (full 0):
 garbage-first heap   total 97280K, used 26313K [0x00000000a0000000, 0x0000000100000000)
  region size 1024K, 10 young (10240K), 10 survivors (10240K)
 Metaspace       used 26730K, committed 27648K, reserved 1114112K
  class space    used 4023K, committed 4480K, reserved 1048576K
}
Event: 621.833 GC heap before
{Heap before GC invocations=6 (full 0):
 garbage-first heap   total 97280K, used 74441K [0x00000000a0000000, 0x0000000100000000)
  region size 1024K, 57 young (58368K), 10 survivors (10240K)
 Metaspace       used 26842K, committed 27776K, reserved 1114112K
  class space    used 4024K, committed 4480K, reserved 1048576K
}
Event: 621.970 GC heap after
{Heap after GC invocations=7 (full 0):
 garbage-first heap   total 97280K, used 26624K [0x00000000a0000000, 0x0000000100000000)
  region size 1024K, 3 young (3072K), 3 survivors (3072K)
 Metaspace       used 26842K, committed 27776K, reserved 1114112K
  class space    used 4024K, committed 4480K, reserved 1048576K
}

