# JRE version: OpenJDK Runtime Environment Temurin-21.0.12.1+1 (21.0.12.1+1) (build 21.0.12.1+1-LTS)
# Java VM: OpenJDK 64-Bit Server VM Temurin-21.0.12.1+1 (21.0.12.1+1-LTS, mixed mode, sharing, tiered, compressed oops, compressed class ptrs, g1 gc, windows-amd64)
GC Precious Log:
 CardTable entry size: 512
 Card Set container configuration: InlinePtr #cards 5 size 8 Array Of Cards #cards 12 size 40 Howl #buckets 4 coarsen threshold 1843 Howl Bitmap #cards 512 size 80 coarsen threshold 460 Card regions per heap region 1 cards per card region 2048
 CPUs: 12 total, 12 available
 Memory: 16076M
 Large Page Support: Disabled
 NUMA Support: Disabled
 Compressed Oops: Enabled (32-bit)
 Heap Region Size: 1M
 Heap Min Capacity: 8M
 Heap Initial Capacity: 252M
 Heap Max Capacity: 1536M
 Pre-touch: Disabled
 Parallel Workers: 10
 Concurrent Workers: 3
 Concurrent Refinement Workers: 10
 Periodic GC: Disabled
Heap:
 garbage-first heap   total 81920K, used 61003K [0x00000000a0000000, 0x0000000100000000)
  region size 1024K, 30 young (30720K), 3 survivors (3072K)
 Metaspace       used 36849K, committed 38016K, reserved 1114112K
  class space    used 5212K, committed 5760K, reserved 1048576K
GC Heap History (18 events):
Event: 1.039 GC heap before
{Heap before GC invocations=0 (full 0):
 garbage-first heap   total 258048K, used 23552K [0x00000000a0000000, 0x0000000100000000)
  region size 1024K, 23 young (23552K), 0 survivors (0K)
 Metaspace       used 1044K, committed 1152K, reserved 1114112K
  class space    used 81K, committed 128K, reserved 1048576K
}
Event: 1.069 GC heap after
{Heap after GC invocations=1 (full 0):
 garbage-first heap   total 258048K, used 1983K [0x00000000a0000000, 0x0000000100000000)
  region size 1024K, 2 young (2048K), 2 survivors (2048K)
 Metaspace       used 1044K, committed 1152K, reserved 1114112K
  class space    used 81K, committed 128K, reserved 1048576K
}
Event: 2.470 GC heap before
{Heap before GC invocations=1 (full 0):
 garbage-first heap   total 258048K, used 37823K [0x00000000a0000000, 0x0000000100000000)
  region size 1024K, 35 young (35840K), 2 survivors (2048K)
 Metaspace       used 4376K, committed 4544K, reserved 1114112K
  class space    used 559K, committed 640K, reserved 1048576K
}
Event: 2.475 GC heap after
{Heap after GC invocations=2 (full 0):
 garbage-first heap   total 258048K, used 10843K [0x00000000a0000000, 0x0000000100000000)
  region size 1024K, 5 young (5120K), 5 survivors (5120K)
 Metaspace       used 4376K, committed 4544K, reserved 1114112K
  class space    used 559K, committed 640K, reserved 1048576K
}
Event: 4.217 GC heap before
{Heap before GC invocations=2 (full 0):
 garbage-first heap   total 258048K, used 61019K [0x00000000a0000000, 0x0000000100000000)
  region size 1024K, 52 young (53248K), 5 survivors (5120K)
 Metaspace       used 4721K, committed 4928K, reserved 1114112K
  class space    used 611K, committed 704K, reserved 1048576K
}
Event: 4.222 GC heap after
{Heap after GC invocations=3 (full 0):
 garbage-first heap   total 258048K, used 16604K [0x00000000a0000000, 0x0000000100000000)
  region size 1024K, 5 young (5120K), 5 survivors (5120K)
 Metaspace       used 4721K, committed 4928K, reserved 1114112K
  class space    used 611K, committed 704K, reserved 1048576K
}
Event: 20.544 GC heap before
{Heap before GC invocations=3 (full 0):
 garbage-first heap   total 258048K, used 114908K [0x00000000a0000000, 0x0000000100000000)
  region size 1024K, 102 young (104448K), 5 survivors (5120K)
 Metaspace       used 20797K, committed 21504K, reserved 1114112K
  class space    used 3065K, committed 3392K, reserved 1048576K
}
Event: 20.702 GC heap after
{Heap after GC invocations=4 (full 0):
 garbage-first heap   total 258048K, used 24447K [0x00000000a0000000, 0x0000000100000000)
  region size 1024K, 12 young (12288K), 12 survivors (12288K)
 Metaspace       used 20797K, committed 21504K, reserved 1114112K
  class space    used 3065K, committed 3392K, reserved 1048576K
}
Event: 31.357 GC heap before
{Heap before GC invocations=5 (full 0):
 garbage-first heap   total 81920K, used 61311K [0x00000000a0000000, 0x0000000100000000)
  region size 1024K, 48 young (49152K), 12 survivors (12288K)
 Metaspace       used 25597K, committed 26496K, reserved 1114112K
  class space    used 3836K, committed 4288K, reserved 1048576K
}
Event: 31.367 GC heap after
{Heap after GC invocations=6 (full 0):
 garbage-first heap   total 81920K, used 26619K [0x00000000a0000000, 0x0000000100000000)
  region size 1024K, 3 young (3072K), 3 survivors (3072K)
 Metaspace       used 25597K, committed 26496K, reserved 1114112K
  class space    used 3836K, committed 4288K, reserved 1048576K
}
Event: 119.705 GC heap before
{Heap before GC invocations=6 (full 0):
 garbage-first heap   total 81920K, used 66555K [0x00000000a0000000, 0x0000000100000000)
  region size 1024K, 42 young (43008K), 3 survivors (3072K)
 Metaspace       used 31645K, committed 32640K, reserved 1114112K
  class space    used 4590K, committed 5056K, reserved 1048576K
}
Event: 119.731 GC heap after
{Heap after GC invocations=7 (full 0):
 garbage-first heap   total 81920K, used 30225K [0x00000000a0000000, 0x0000000100000000)
  region size 1024K, 6 young (6144K), 6 survivors (6144K)
 Metaspace       used 31645K, committed 32640K, reserved 1114112K
  class space    used 4590K, committed 5056K, reserved 1048576K
}
Event: 124.313 GC heap before
{Heap before GC invocations=7 (full 0):
 garbage-first heap   total 81920K, used 71185K [0x00000000a0000000, 0x0000000100000000)
  region size 1024K, 42 young (43008K), 6 survivors (6144K)
 Metaspace       used 34445K, committed 35456K, reserved 1114112K
  class space    used 4860K, committed 5376K, reserved 1048576K
}
Event: 124.321 GC heap after
{Heap after GC invocations=8 (full 0):
 garbage-first heap   total 81920K, used 33616K [0x00000000a0000000, 0x0000000100000000)
  region size 1024K, 6 young (6144K), 6 survivors (6144K)
 Metaspace       used 34445K, committed 35456K, reserved 1114112K
  class space    used 4860K, committed 5376K, reserved 1048576K
}
Event: 124.513 GC heap before
{Heap before GC invocations=8 (full 0):
 garbage-first heap   total 81920K, used 37712K [0x00000000a0000000, 0x0000000100000000)
  region size 1024K, 11 young (11264K), 6 survivors (6144K)
 Metaspace       used 35050K, committed 36096K, reserved 1114112K
  class space    used 4945K, committed 5440K, reserved 1048576K
}
Event: 124.516 GC heap after
{Heap after GC invocations=9 (full 0):
 garbage-first heap   total 81920K, used 33903K [0x00000000a0000000, 0x0000000100000000)
  region size 1024K, 4 young (4096K), 4 survivors (4096K)
 Metaspace       used 35050K, committed 36096K, reserved 1114112K
  class space    used 4945K, committed 5440K, reserved 1048576K
}
Event: 258.825 GC heap before
{Heap before GC invocations=10 (full 0):
 garbage-first heap   total 81920K, used 67695K [0x00000000a0000000, 0x0000000100000000)
  region size 1024K, 37 young (37888K), 4 survivors (4096K)
 Metaspace       used 36815K, committed 37952K, reserved 1114112K
  class space    used 5212K, committed 5760K, reserved 1048576K
}
Event: 258.899 GC heap after
{Heap after GC invocations=11 (full 0):
 garbage-first heap   total 81920K, used 35403K [0x00000000a0000000, 0x0000000100000000)
  region size 1024K, 3 young (3072K), 3 survivors (3072K)
 Metaspace       used 36815K, committed 37952K, reserved 1114112K
  class space    used 5212K, committed 5760K, reserved 1048576K
}

