# JRE version: OpenJDK Runtime Environment Temurin-21.0.12.1+1 (21.0.12.1+1) (build 21.0.12.1+1-LTS)
# Java VM: OpenJDK 64-Bit Server VM Temurin-21.0.12.1+1 (21.0.12.1+1-LTS, mixed mode, sharing, tiered, compressed oops, compressed class ptrs, g1 gc, windows-amd64)
GC Precious Log:
 CardTable entry size: 512
 Card Set container configuration: InlinePtr #cards 5 size 8 Array Of Cards #cards 12 size 40 Howl #buckets 4 coarsen threshold 1843 Howl Bitmap #cards 512 size 80 coarsen threshold 460 Card regions per heap region 1 cards per card region 2048
 CPUs: 12 total, 12 available
 Memory: 16076M
 Large Page Support: Disabled
 NUMA Support: Disabled
 Compressed Oops: Enabled (32-bit)
 Heap Region Size: 1M
 Heap Min Capacity: 8M
 Heap Initial Capacity: 252M
 Heap Max Capacity: 1536M
 Pre-touch: Disabled
 Parallel Workers: 10
 Concurrent Workers: 3
 Concurrent Refinement Workers: 10
 Periodic GC: Disabled
Heap:
 garbage-first heap   total 86016K, used 34222K [0x00000000a0000000, 0x0000000100000000)
  region size 1024K, 11 young (11264K), 3 survivors (3072K)
 Metaspace       used 26397K, committed 27328K, reserved 1114112K
  class space    used 3970K, committed 4416K, reserved 1048576K
GC Heap History (10 events):
Event: 1.376 GC heap before
{Heap before GC invocations=0 (full 0):
 garbage-first heap   total 258048K, used 23552K [0x00000000a0000000, 0x0000000100000000)
  region size 1024K, 23 young (23552K), 0 survivors (0K)
 Metaspace       used 905K, committed 1024K, reserved 1114112K
  class space    used 73K, committed 128K, reserved 1048576K
}
Event: 1.799 GC heap after
{Heap after GC invocations=1 (full 0):
 garbage-first heap   total 258048K, used 1450K [0x00000000a0000000, 0x0000000100000000)
  region size 1024K, 2 young (2048K), 2 survivors (2048K)
 Metaspace       used 905K, committed 1024K, reserved 1114112K
  class space    used 73K, committed 128K, reserved 1048576K
}
Event: 2.711 GC heap before
{Heap before GC invocations=1 (full 0):
 garbage-first heap   total 258048K, used 40362K [0x00000000a0000000, 0x0000000100000000)
  region size 1024K, 38 young (38912K), 2 survivors (2048K)
 Metaspace       used 4330K, committed 4480K, reserved 1114112K
  class space    used 558K, committed 640K, reserved 1048576K
}
Event: 2.716 GC heap after
{Heap after GC invocations=2 (full 0):
 garbage-first heap   total 258048K, used 10951K [0x00000000a0000000, 0x0000000100000000)
  region size 1024K, 5 young (5120K), 5 survivors (5120K)
 Metaspace       used 4330K, committed 4480K, reserved 1114112K
  class space    used 558K, committed 640K, reserved 1048576K
}
Event: 4.251 GC heap before
{Heap before GC invocations=2 (full 0):
 garbage-first heap   total 258048K, used 69319K [0x00000000a0000000, 0x0000000100000000)
  region size 1024K, 61 young (62464K), 5 survivors (5120K)
 Metaspace       used 7117K, committed 7424K, reserved 1114112K
  class space    used 980K, committed 1152K, reserved 1048576K
}
Event: 4.257 GC heap after
{Heap after GC invocations=3 (full 0):
 garbage-first heap   total 258048K, used 18493K [0x00000000a0000000, 0x0000000100000000)
  region size 1024K, 7 young (7168K), 7 survivors (7168K)
 Metaspace       used 7117K, committed 7424K, reserved 1114112K
  class space    used 980K, committed 1152K, reserved 1048576K
}
Event: 94.061 GC heap before
{Heap before GC invocations=3 (full 0):
 garbage-first heap   total 258048K, used 113725K [0x00000000a0000000, 0x0000000100000000)
  region size 1024K, 101 young (103424K), 7 survivors (7168K)
 Metaspace       used 20828K, committed 21504K, reserved 1114112K
  class space    used 3054K, committed 3392K, reserved 1048576K
}
Event: 94.077 GC heap after
{Heap after GC invocations=4 (full 0):
 garbage-first heap   total 258048K, used 24728K [0x00000000a0000000, 0x0000000100000000)
  region size 1024K, 13 young (13312K), 13 survivors (13312K)
 Metaspace       used 20828K, committed 21504K, reserved 1114112K
  class space    used 3054K, committed 3392K, reserved 1048576K
}
Event: 100.713 GC heap before
{Heap before GC invocations=5 (full 0):
 garbage-first heap   total 86016K, used 62616K [0x00000000a0000000, 0x0000000100000000)
  region size 1024K, 50 young (51200K), 13 survivors (13312K)
 Metaspace       used 25593K, committed 26496K, reserved 1114112K
  class space    used 3834K, committed 4288K, reserved 1048576K
}
Event: 100.724 GC heap after
{Heap after GC invocations=6 (full 0):
 garbage-first heap   total 86016K, used 27054K [0x00000000a0000000, 0x0000000100000000)
  region size 1024K, 3 young (3072K), 3 survivors (3072K)
 Metaspace       used 25593K, committed 26496K, reserved 1114112K
  class space    used 3834K, committed 4288K, reserved 1048576K
}

