# JRE version: OpenJDK Runtime Environment Temurin-21.0.12.1+1 (21.0.12.1+1) (build 21.0.12.1+1-LTS)
# Java VM: OpenJDK 64-Bit Server VM Temurin-21.0.12.1+1 (21.0.12.1+1-LTS, mixed mode, sharing, tiered, compressed oops, compressed class ptrs, g1 gc, windows-amd64)
GC Precious Log:
 CardTable entry size: 512
 Card Set container configuration: InlinePtr #cards 5 size 8 Array Of Cards #cards 12 size 40 Howl #buckets 4 coarsen threshold 1843 Howl Bitmap #cards 512 size 80 coarsen threshold 460 Card regions per heap region 1 cards per card region 2048
 CPUs: 12 total, 12 available
 Memory: 16076M
 Large Page Support: Disabled
 NUMA Support: Disabled
 Compressed Oops: Enabled (32-bit)
 Heap Region Size: 1M
 Heap Min Capacity: 8M
 Heap Initial Capacity: 252M
 Heap Max Capacity: 1536M
 Pre-touch: Disabled
 Parallel Workers: 10
 Concurrent Workers: 3
 Concurrent Refinement Workers: 10
 Periodic GC: Disabled
Heap:
 garbage-first heap   total 81920K, used 46386K [0x00000000a0000000, 0x0000000100000000)
  region size 1024K, 23 young (23552K), 3 survivors (3072K)
 Metaspace       used 26955K, committed 27904K, reserved 1114112K
  class space    used 4045K, committed 4544K, reserved 1048576K
GC Heap History (14 events):
Event: 10.051 GC heap before
{Heap before GC invocations=0 (full 0):
 garbage-first heap   total 258048K, used 23552K [0x00000000a0000000, 0x0000000100000000)
  region size 1024K, 23 young (23552K), 0 survivors (0K)
 Metaspace       used 1063K, committed 1152K, reserved 1114112K
  class space    used 81K, committed 128K, reserved 1048576K
}
Event: 10.565 GC heap after
{Heap after GC invocations=1 (full 0):
 garbage-first heap   total 258048K, used 1877K [0x00000000a0000000, 0x0000000100000000)
  region size 1024K, 2 young (2048K), 2 survivors (2048K)
 Metaspace       used 1063K, committed 1152K, reserved 1114112K
  class space    used 81K, committed 128K, reserved 1048576K
}
Event: 18.024 GC heap before
{Heap before GC invocations=1 (full 0):
 garbage-first heap   total 258048K, used 37717K [0x00000000a0000000, 0x0000000100000000)
  region size 1024K, 35 young (35840K), 2 survivors (2048K)
 Metaspace       used 4376K, committed 4544K, reserved 1114112K
  class space    used 557K, committed 640K, reserved 1048576K
}
Event: 18.032 GC heap after
{Heap after GC invocations=2 (full 0):
 garbage-first heap   total 258048K, used 10795K [0x00000000a0000000, 0x0000000100000000)
  region size 1024K, 5 young (5120K), 5 survivors (5120K)
 Metaspace       used 4376K, committed 4544K, reserved 1114112K
  class space    used 557K, committed 640K, reserved 1048576K
}
Event: 30.816 GC heap before
{Heap before GC invocations=2 (full 0):
 garbage-first heap   total 258048K, used 59947K [0x00000000a0000000, 0x0000000100000000)
  region size 1024K, 51 young (52224K), 5 survivors (5120K)
 Metaspace       used 4661K, committed 4864K, reserved 1114112K
  class space    used 599K, committed 704K, reserved 1048576K
}
Event: 30.825 GC heap after
{Heap after GC invocations=3 (full 0):
 garbage-first heap   total 258048K, used 16220K [0x00000000a0000000, 0x0000000100000000)
  region size 1024K, 5 young (5120K), 5 survivors (5120K)
 Metaspace       used 4661K, committed 4864K, reserved 1114112K
  class space    used 599K, committed 704K, reserved 1048576K
}
Event: 88.860 GC heap before
{Heap before GC invocations=3 (full 0):
 garbage-first heap   total 258048K, used 116572K [0x00000000a0000000, 0x0000000100000000)
  region size 1024K, 104 young (106496K), 5 survivors (5120K)
 Metaspace       used 20848K, committed 21504K, reserved 1114112K
  class space    used 3069K, committed 3392K, reserved 1048576K
}
Event: 88.973 GC heap after
{Heap after GC invocations=4 (full 0):
 garbage-first heap   total 258048K, used 23755K [0x00000000a0000000, 0x0000000100000000)
  region size 1024K, 12 young (12288K), 12 survivors (12288K)
 Metaspace       used 20848K, committed 21504K, reserved 1114112K
  class space    used 3069K, committed 3392K, reserved 1048576K
}
Event: 91.687 GC heap before
{Heap before GC invocations=5 (full 0):
 garbage-first heap   total 81920K, used 60619K [0x00000000a0000000, 0x0000000100000000)
  region size 1024K, 48 young (49152K), 12 survivors (12288K)
 Metaspace       used 25579K, committed 26496K, reserved 1114112K
  class space    used 3849K, committed 4288K, reserved 1048576K
}
Event: 91.701 GC heap after
{Heap after GC invocations=6 (full 0):
 garbage-first heap   total 81920K, used 26024K [0x00000000a0000000, 0x0000000100000000)
  region size 1024K, 3 young (3072K), 3 survivors (3072K)
 Metaspace       used 25579K, committed 26496K, reserved 1114112K
  class space    used 3849K, committed 4288K, reserved 1048576K
}
Event: 407.930 GC heap before
{Heap before GC invocations=6 (full 0):
 garbage-first heap   total 81920K, used 65960K [0x00000000a0000000, 0x0000000100000000)
  region size 1024K, 42 young (43008K), 3 survivors (3072K)
 Metaspace       used 26887K, committed 27904K, reserved 1114112K
  class space    used 4044K, committed 4544K, reserved 1048576K
}
Event: 407.982 GC heap after
{Heap after GC invocations=7 (full 0):
 garbage-first heap   total 81920K, used 27035K [0x00000000a0000000, 0x0000000100000000)
  region size 1024K, 3 young (3072K), 3 survivors (3072K)
 Metaspace       used 26887K, committed 27904K, reserved 1114112K
  class space    used 4044K, committed 4544K, reserved 1048576K
}
Event: 754.596 GC heap before
{Heap before GC invocations=7 (full 0):
 garbage-first heap   total 81920K, used 70043K [0x00000000a0000000, 0x0000000100000000)
  region size 1024K, 45 young (46080K), 3 survivors (3072K)
 Metaspace       used 26942K, committed 27904K, reserved 1114112K
  class space    used 4044K, committed 4544K, reserved 1048576K
}
Event: 754.859 GC heap after
{Heap after GC invocations=8 (full 0):
 garbage-first heap   total 81920K, used 26930K [0x00000000a0000000, 0x0000000100000000)
  region size 1024K, 3 young (3072K), 3 survivors (3072K)
 Metaspace       used 26942K, committed 27904K, reserved 1114112K
  class space    used 4044K, committed 4544K, reserved 1048576K
}

