# JRE version: OpenJDK Runtime Environment Temurin-21.0.12.1+1 (21.0.12.1+1) (build 21.0.12.1+1-LTS)
# Java VM: OpenJDK 64-Bit Server VM Temurin-21.0.12.1+1 (21.0.12.1+1-LTS, mixed mode, sharing, tiered, compressed oops, compressed class ptrs, g1 gc, windows-amd64)
GC Precious Log:
 CardTable entry size: 512
 Card Set container configuration: InlinePtr #cards 5 size 8 Array Of Cards #cards 12 size 40 Howl #buckets 4 coarsen threshold 1843 Howl Bitmap #cards 512 size 80 coarsen threshold 460 Card regions per heap region 1 cards per card region 2048
 CPUs: 12 total, 12 available
 Memory: 16076M
 Large Page Support: Disabled
 NUMA Support: Disabled
 Compressed Oops: Enabled (32-bit)
 Heap Region Size: 1M
 Heap Min Capacity: 8M
 Heap Initial Capacity: 252M
 Heap Max Capacity: 1536M
 Pre-touch: Disabled
 Parallel Workers: 10
 Concurrent Workers: 3
 Concurrent Refinement Workers: 10
 Periodic GC: Disabled
Heap:
 garbage-first heap   total 97280K, used 30500K [0x00000000a0000000, 0x0000000100000000)
  region size 1024K, 7 young (7168K), 3 survivors (3072K)
 Metaspace       used 26934K, committed 27904K, reserved 1114112K
  class space    used 4033K, committed 4480K, reserved 1048576K
GC Heap History (12 events):
Event: 14.230 GC heap before
{Heap before GC invocations=0 (full 0):
 garbage-first heap   total 258048K, used 23552K [0x00000000a0000000, 0x0000000100000000)
  region size 1024K, 23 young (23552K), 0 survivors (0K)
 Metaspace       used 933K, committed 1088K, reserved 1114112K
  class space    used 73K, committed 128K, reserved 1048576K
}
Event: 14.726 GC heap after
{Heap after GC invocations=1 (full 0):
 garbage-first heap   total 258048K, used 1610K [0x00000000a0000000, 0x0000000100000000)
  region size 1024K, 2 young (2048K), 2 survivors (2048K)
 Metaspace       used 933K, committed 1088K, reserved 1114112K
  class space    used 73K, committed 128K, reserved 1048576K
}
Event: 35.940 GC heap before
{Heap before GC invocations=1 (full 0):
 garbage-first heap   total 258048K, used 40522K [0x00000000a0000000, 0x0000000100000000)
  region size 1024K, 38 young (38912K), 2 survivors (2048K)
 Metaspace       used 4400K, committed 4544K, reserved 1114112K
  class space    used 559K, committed 640K, reserved 1048576K
}
Event: 35.949 GC heap after
{Heap after GC invocations=2 (full 0):
 garbage-first heap   total 258048K, used 10707K [0x00000000a0000000, 0x0000000100000000)
  region size 1024K, 5 young (5120K), 5 survivors (5120K)
 Metaspace       used 4400K, committed 4544K, reserved 1114112K
  class space    used 559K, committed 640K, reserved 1048576K
}
Event: 59.571 GC heap before
{Heap before GC invocations=2 (full 0):
 garbage-first heap   total 258048K, used 68051K [0x00000000a0000000, 0x0000000100000000)
  region size 1024K, 59 young (60416K), 5 survivors (5120K)
 Metaspace       used 6810K, committed 7040K, reserved 1114112K
  class space    used 924K, committed 1024K, reserved 1048576K
}
Event: 59.585 GC heap after
{Heap after GC invocations=3 (full 0):
 garbage-first heap   total 258048K, used 18604K [0x00000000a0000000, 0x0000000100000000)
  region size 1024K, 7 young (7168K), 7 survivors (7168K)
 Metaspace       used 6810K, committed 7040K, reserved 1114112K
  class space    used 924K, committed 1024K, reserved 1048576K
}
Event: 153.350 GC heap before
{Heap before GC invocations=3 (full 0):
 garbage-first heap   total 258048K, used 109740K [0x00000000a0000000, 0x0000000100000000)
  region size 1024K, 97 young (99328K), 7 survivors (7168K)
 Metaspace       used 20837K, committed 21504K, reserved 1114112K
  class space    used 3058K, committed 3392K, reserved 1048576K
}
Event: 153.374 GC heap after
{Heap after GC invocations=4 (full 0):
 garbage-first heap   total 258048K, used 24368K [0x00000000a0000000, 0x0000000100000000)
  region size 1024K, 12 young (12288K), 12 survivors (12288K)
 Metaspace       used 20837K, committed 21504K, reserved 1114112K
  class space    used 3058K, committed 3392K, reserved 1048576K
}
Event: 311.587 GC heap before
{Heap before GC invocations=5 (full 0):
 garbage-first heap   total 81920K, used 81712K [0x00000000a0000000, 0x0000000100000000)
  region size 1024K, 68 young (69632K), 12 survivors (12288K)
 Metaspace       used 26445K, committed 27392K, reserved 1114112K
  class space    used 3969K, committed 4416K, reserved 1048576K
}
Event: 311.706 GC heap after
{Heap after GC invocations=6 (full 0):
 garbage-first heap   total 97280K, used 27221K [0x00000000a0000000, 0x0000000100000000)
  region size 1024K, 9 young (9216K), 9 survivors (9216K)
 Metaspace       used 26445K, committed 27392K, reserved 1114112K
  class space    used 3969K, committed 4416K, reserved 1048576K
}
Event: 685.323 GC heap before
{Heap before GC invocations=6 (full 0):
 garbage-first heap   total 97280K, used 76373K [0x00000000a0000000, 0x0000000100000000)
  region size 1024K, 57 young (58368K), 9 survivors (9216K)
 Metaspace       used 26934K, committed 27904K, reserved 1114112K
  class space    used 4033K, committed 4480K, reserved 1048576K
}
Event: 685.409 GC heap after
{Heap after GC invocations=7 (full 0):
 garbage-first heap   total 97280K, used 27428K [0x00000000a0000000, 0x0000000100000000)
  region size 1024K, 3 young (3072K), 3 survivors (3072K)
 Metaspace       used 26934K, committed 27904K, reserved 1114112K
  class space    used 4033K, committed 4480K, reserved 1048576K
}

