# JRE version: OpenJDK Runtime Environment Temurin-21.0.12.1+1 (21.0.12.1+1) (build 21.0.12.1+1-LTS)
# Java VM: OpenJDK 64-Bit Server VM Temurin-21.0.12.1+1 (21.0.12.1+1-LTS, mixed mode, sharing, tiered, compressed oops, compressed class ptrs, g1 gc, windows-amd64)
GC Precious Log:
 CardTable entry size: 512
 Card Set container configuration: InlinePtr #cards 5 size 8 Array Of Cards #cards 12 size 40 Howl #buckets 4 coarsen threshold 1843 Howl Bitmap #cards 512 size 80 coarsen threshold 460 Card regions per heap region 1 cards per card region 2048
 CPUs: 12 total, 12 available
 Memory: 16076M
 Large Page Support: Disabled
 NUMA Support: Disabled
 Compressed Oops: Enabled (32-bit)
 Heap Region Size: 1M
 Heap Min Capacity: 8M
 Heap Initial Capacity: 252M
 Heap Max Capacity: 1536M
 Pre-touch: Disabled
 Parallel Workers: 10
 Concurrent Workers: 3
 Concurrent Refinement Workers: 10
 Periodic GC: Disabled
Heap:
 garbage-first heap   total 98304K, used 33803K [0x00000000a0000000, 0x0000000100000000)
  region size 1024K, 4 young (4096K), 2 survivors (2048K)
 Metaspace       used 36067K, committed 37248K, reserved 1114112K
  class space    used 5120K, committed 5696K, reserved 1048576K
GC Heap History (18 events):
Event: 10.549 GC heap before
{Heap before GC invocations=0 (full 0):
 garbage-first heap   total 258048K, used 23552K [0x00000000a0000000, 0x0000000100000000)
  region size 1024K, 23 young (23552K), 0 survivors (0K)
 Metaspace       used 1057K, committed 1152K, reserved 1114112K
  class space    used 81K, committed 128K, reserved 1048576K
}
Event: 11.349 GC heap after
{Heap after GC invocations=1 (full 0):
 garbage-first heap   total 258048K, used 2048K [0x00000000a0000000, 0x0000000100000000)
  region size 1024K, 2 young (2048K), 2 survivors (2048K)
 Metaspace       used 1057K, committed 1152K, reserved 1114112K
  class space    used 81K, committed 128K, reserved 1048576K
}
Event: 20.653 GC heap before
{Heap before GC invocations=1 (full 0):
 garbage-first heap   total 258048K, used 37888K [0x00000000a0000000, 0x0000000100000000)
  region size 1024K, 35 young (35840K), 2 survivors (2048K)
 Metaspace       used 4383K, committed 4544K, reserved 1114112K
  class space    used 557K, committed 640K, reserved 1048576K
}
Event: 20.662 GC heap after
{Heap after GC invocations=2 (full 0):
 garbage-first heap   total 258048K, used 10830K [0x00000000a0000000, 0x0000000100000000)
  region size 1024K, 5 young (5120K), 5 survivors (5120K)
 Metaspace       used 4383K, committed 4544K, reserved 1114112K
  class space    used 557K, committed 640K, reserved 1048576K
}
Event: 31.839 GC heap before
{Heap before GC invocations=2 (full 0):
 garbage-first heap   total 258048K, used 59982K [0x00000000a0000000, 0x0000000100000000)
  region size 1024K, 51 young (52224K), 5 survivors (5120K)
 Metaspace       used 4676K, committed 4928K, reserved 1114112K
  class space    used 601K, committed 704K, reserved 1048576K
}
Event: 31.849 GC heap after
{Heap after GC invocations=3 (full 0):
 garbage-first heap   total 258048K, used 16376K [0x00000000a0000000, 0x0000000100000000)
  region size 1024K, 5 young (5120K), 5 survivors (5120K)
 Metaspace       used 4676K, committed 4928K, reserved 1114112K
  class space    used 601K, committed 704K, reserved 1048576K
}
Event: 88.931 GC heap before
{Heap before GC invocations=3 (full 0):
 garbage-first heap   total 258048K, used 116728K [0x00000000a0000000, 0x0000000100000000)
  region size 1024K, 104 young (106496K), 5 survivors (5120K)
 Metaspace       used 20842K, committed 21504K, reserved 1114112K
  class space    used 3064K, committed 3392K, reserved 1048576K
}
Event: 89.065 GC heap after
{Heap after GC invocations=4 (full 0):
 garbage-first heap   total 258048K, used 24235K [0x00000000a0000000, 0x0000000100000000)
  region size 1024K, 12 young (12288K), 12 survivors (12288K)
 Metaspace       used 20842K, committed 21504K, reserved 1114112K
  class space    used 3064K, committed 3392K, reserved 1048576K
}
Event: 203.742 GC heap before
{Heap before GC invocations=5 (full 0):
 garbage-first heap   total 81920K, used 80555K [0x00000000a0000000, 0x0000000100000000)
  region size 1024K, 68 young (69632K), 12 survivors (12288K)
 Metaspace       used 26807K, committed 27776K, reserved 1114112K
  class space    used 4038K, committed 4480K, reserved 1048576K
}
Event: 203.786 GC heap after
{Heap after GC invocations=6 (full 0):
 garbage-first heap   total 98304K, used 26872K [0x00000000a0000000, 0x0000000100000000)
  region size 1024K, 11 young (11264K), 11 survivors (11264K)
 Metaspace       used 26807K, committed 27776K, reserved 1114112K
  class space    used 4038K, committed 4480K, reserved 1048576K
}
Event: 635.630 GC heap before
{Heap before GC invocations=6 (full 0):
 garbage-first heap   total 98304K, used 73976K [0x00000000a0000000, 0x0000000100000000)
  region size 1024K, 57 young (58368K), 11 survivors (11264K)
 Metaspace       used 26983K, committed 27968K, reserved 1114112K
  class space    used 4051K, committed 4544K, reserved 1048576K
}
Event: 636.193 GC heap after
{Heap after GC invocations=7 (full 0):
 garbage-first heap   total 98304K, used 26915K [0x00000000a0000000, 0x0000000100000000)
  region size 1024K, 3 young (3072K), 3 survivors (3072K)
 Metaspace       used 26983K, committed 27968K, reserved 1114112K
  class space    used 4051K, committed 4544K, reserved 1048576K
}
Event: 643.112 GC heap before
{Heap before GC invocations=7 (full 0):
 garbage-first heap   total 98304K, used 81187K [0x00000000a0000000, 0x0000000100000000)
  region size 1024K, 57 young (58368K), 3 survivors (3072K)
 Metaspace       used 33668K, committed 34688K, reserved 1114112K
  class space    used 4832K, committed 5312K, reserved 1048576K
}
Event: 643.130 GC heap after
{Heap after GC invocations=8 (full 0):
 garbage-first heap   total 98304K, used 31990K [0x00000000a0000000, 0x0000000100000000)
  region size 1024K, 8 young (8192K), 8 survivors (8192K)
 Metaspace       used 33668K, committed 34688K, reserved 1114112K
  class space    used 4832K, committed 5312K, reserved 1048576K
}
Event: 643.469 GC heap before
{Heap before GC invocations=8 (full 0):
 garbage-first heap   total 98304K, used 43254K [0x00000000a0000000, 0x0000000100000000)
  region size 1024K, 16 young (16384K), 8 survivors (8192K)
 Metaspace       used 35097K, committed 36160K, reserved 1114112K
  class space    used 4952K, committed 5504K, reserved 1048576K
}
Event: 643.479 GC heap after
{Heap after GC invocations=9 (full 0):
 garbage-first heap   total 98304K, used 32623K [0x00000000a0000000, 0x0000000100000000)
  region size 1024K, 2 young (2048K), 2 survivors (2048K)
 Metaspace       used 35097K, committed 36160K, reserved 1114112K
  class space    used 4952K, committed 5504K, reserved 1048576K
}
Event: 980.935 GC heap before
{Heap before GC invocations=10 (full 0):
 garbage-first heap   total 98304K, used 82799K [0x00000000a0000000, 0x0000000100000000)
  region size 1024K, 51 young (52224K), 2 survivors (2048K)
 Metaspace       used 36066K, committed 37248K, reserved 1114112K
  class space    used 5120K, committed 5696K, reserved 1048576K
}
Event: 981.067 GC heap after
{Heap after GC invocations=11 (full 0):
 garbage-first heap   total 98304K, used 32779K [0x00000000a0000000, 0x0000000100000000)
  region size 1024K, 2 young (2048K), 2 survivors (2048K)
 Metaspace       used 36066K, committed 37248K, reserved 1114112K
  class space    used 5120K, committed 5696K, reserved 1048576K
}

