# JRE version: OpenJDK Runtime Environment Temurin-21.0.12.1+1 (21.0.12.1+1) (build 21.0.12.1+1-LTS)
# Java VM: OpenJDK 64-Bit Server VM Temurin-21.0.12.1+1 (21.0.12.1+1-LTS, mixed mode, sharing, tiered, compressed oops, compressed class ptrs, g1 gc, windows-amd64)
GC Precious Log:
 CardTable entry size: 512
 Card Set container configuration: InlinePtr #cards 5 size 8 Array Of Cards #cards 12 size 40 Howl #buckets 4 coarsen threshold 1843 Howl Bitmap #cards 512 size 80 coarsen threshold 460 Card regions per heap region 1 cards per card region 2048
 CPUs: 12 total, 12 available
 Memory: 16076M
 Large Page Support: Disabled
 NUMA Support: Disabled
 Compressed Oops: Enabled (32-bit)
 Heap Region Size: 1M
 Heap Min Capacity: 8M
 Heap Initial Capacity: 252M
 Heap Max Capacity: 1536M
 Pre-touch: Disabled
 Parallel Workers: 10
 Concurrent Workers: 3
 Concurrent Refinement Workers: 10
 Periodic GC: Disabled
Heap:
 garbage-first heap   total 98304K, used 83420K [0x00000000a0000000, 0x0000000100000000)
  region size 1024K, 53 young (54272K), 3 survivors (3072K)
 Metaspace       used 36789K, committed 37888K, reserved 1114112K
  class space    used 5217K, committed 5760K, reserved 1048576K
GC Heap History (16 events):
Event: 10.704 GC heap before
{Heap before GC invocations=0 (full 0):
 garbage-first heap   total 258048K, used 23552K [0x00000000a0000000, 0x0000000100000000)
  region size 1024K, 23 young (23552K), 0 survivors (0K)
 Metaspace       used 1048K, committed 1152K, reserved 1114112K
  class space    used 81K, committed 128K, reserved 1048576K
}
Event: 10.708 GC heap after
{Heap after GC invocations=1 (full 0):
 garbage-first heap   total 258048K, used 2207K [0x00000000a0000000, 0x0000000100000000)
  region size 1024K, 3 young (3072K), 3 survivors (3072K)
 Metaspace       used 1048K, committed 1152K, reserved 1114112K
  class space    used 81K, committed 128K, reserved 1048576K
}
Event: 17.217 GC heap before
{Heap before GC invocations=1 (full 0):
 garbage-first heap   total 258048K, used 39071K [0x00000000a0000000, 0x0000000100000000)
  region size 1024K, 37 young (37888K), 3 survivors (3072K)
 Metaspace       used 4348K, committed 4544K, reserved 1114112K
  class space    used 558K, committed 640K, reserved 1048576K
}
Event: 17.226 GC heap after
{Heap after GC invocations=2 (full 0):
 garbage-first heap   total 258048K, used 10991K [0x00000000a0000000, 0x0000000100000000)
  region size 1024K, 5 young (5120K), 5 survivors (5120K)
 Metaspace       used 4348K, committed 4544K, reserved 1114112K
  class space    used 558K, committed 640K, reserved 1048576K
}
Event: 31.953 GC heap before
{Heap before GC invocations=2 (full 0):
 garbage-first heap   total 258048K, used 60143K [0x00000000a0000000, 0x0000000100000000)
  region size 1024K, 51 young (52224K), 5 survivors (5120K)
 Metaspace       used 4741K, committed 4928K, reserved 1114112K
  class space    used 615K, committed 704K, reserved 1048576K
}
Event: 31.981 GC heap after
{Heap after GC invocations=3 (full 0):
 garbage-first heap   total 258048K, used 16322K [0x00000000a0000000, 0x0000000100000000)
  region size 1024K, 5 young (5120K), 5 survivors (5120K)
 Metaspace       used 4741K, committed 4928K, reserved 1114112K
  class space    used 615K, committed 704K, reserved 1048576K
}
Event: 64.042 GC heap before
{Heap before GC invocations=3 (full 0):
 garbage-first heap   total 258048K, used 113602K [0x00000000a0000000, 0x0000000100000000)
  region size 1024K, 101 young (103424K), 5 survivors (5120K)
 Metaspace       used 20819K, committed 21504K, reserved 1114112K
  class space    used 3072K, committed 3456K, reserved 1048576K
}
Event: 64.313 GC heap after
{Heap after GC invocations=4 (full 0):
 garbage-first heap   total 258048K, used 23885K [0x00000000a0000000, 0x0000000100000000)
  region size 1024K, 12 young (12288K), 12 survivors (12288K)
 Metaspace       used 20819K, committed 21504K, reserved 1114112K
  class space    used 3072K, committed 3456K, reserved 1048576K
}
Event: 102.106 GC heap before
{Heap before GC invocations=5 (full 0):
 garbage-first heap   total 81920K, used 81229K [0x00000000a0000000, 0x0000000100000000)
  region size 1024K, 68 young (69632K), 12 survivors (12288K)
 Metaspace       used 27881K, committed 28864K, reserved 1114112K
  class space    used 4221K, committed 4672K, reserved 1048576K
}
Event: 102.118 GC heap after
{Heap after GC invocations=6 (full 0):
 garbage-first heap   total 98304K, used 27358K [0x00000000a0000000, 0x0000000100000000)
  region size 1024K, 11 young (11264K), 11 survivors (11264K)
 Metaspace       used 27881K, committed 28864K, reserved 1114112K
  class space    used 4221K, committed 4672K, reserved 1048576K
}
Event: 103.768 GC heap before
{Heap before GC invocations=6 (full 0):
 garbage-first heap   total 98304K, used 74462K [0x00000000a0000000, 0x0000000100000000)
  region size 1024K, 57 young (58368K), 11 survivors (11264K)
 Metaspace       used 33263K, committed 34240K, reserved 1114112K
  class space    used 4792K, committed 5248K, reserved 1048576K
}
Event: 103.780 GC heap after
{Heap after GC invocations=7 (full 0):
 garbage-first heap   total 98304K, used 31738K [0x00000000a0000000, 0x0000000100000000)
  region size 1024K, 8 young (8192K), 8 survivors (8192K)
 Metaspace       used 33263K, committed 34240K, reserved 1114112K
  class space    used 4792K, committed 5248K, reserved 1048576K
}
Event: 104.383 GC heap before
{Heap before GC invocations=7 (full 0):
 garbage-first heap   total 98304K, used 46074K [0x00000000a0000000, 0x0000000100000000)
  region size 1024K, 18 young (18432K), 8 survivors (8192K)
 Metaspace       used 34906K, committed 35968K, reserved 1114112K
  class space    used 4945K, committed 5504K, reserved 1048576K
}
Event: 104.390 GC heap after
{Heap after GC invocations=8 (full 0):
 garbage-first heap   total 98304K, used 32737K [0x00000000a0000000, 0x0000000100000000)
  region size 1024K, 2 young (2048K), 2 survivors (2048K)
 Metaspace       used 34906K, committed 35968K, reserved 1114112K
  class space    used 4945K, committed 5504K, reserved 1048576K
}
Event: 435.346 GC heap before
{Heap before GC invocations=9 (full 0):
 garbage-first heap   total 98304K, used 81889K [0x00000000a0000000, 0x0000000100000000)
  region size 1024K, 51 young (52224K), 2 survivors (2048K)
 Metaspace       used 36759K, committed 37888K, reserved 1114112K
  class space    used 5216K, committed 5760K, reserved 1048576K
}
Event: 435.435 GC heap after
{Heap after GC invocations=10 (full 0):
 garbage-first heap   total 98304K, used 33244K [0x00000000a0000000, 0x0000000100000000)
  region size 1024K, 3 young (3072K), 3 survivors (3072K)
 Metaspace       used 36759K, committed 37888K, reserved 1114112K
  class space    used 5216K, committed 5760K, reserved 1048576K
}

