# JRE version: OpenJDK Runtime Environment Temurin-21.0.12.1+1 (21.0.12.1+1) (build 21.0.12.1+1-LTS)
# Java VM: OpenJDK 64-Bit Server VM Temurin-21.0.12.1+1 (21.0.12.1+1-LTS, mixed mode, sharing, tiered, compressed oops, compressed class ptrs, g1 gc, windows-amd64)
GC Precious Log:
 CardTable entry size: 512
 Card Set container configuration: InlinePtr #cards 5 size 8 Array Of Cards #cards 12 size 40 Howl #buckets 4 coarsen threshold 1843 Howl Bitmap #cards 512 size 80 coarsen threshold 460 Card regions per heap region 1 cards per card region 2048
 CPUs: 12 total, 12 available
 Memory: 16076M
 Large Page Support: Disabled
 NUMA Support: Disabled
 Compressed Oops: Enabled (32-bit)
 Heap Region Size: 1M
 Heap Min Capacity: 8M
 Heap Initial Capacity: 252M
 Heap Max Capacity: 1536M
 Pre-touch: Disabled
 Parallel Workers: 10
 Concurrent Workers: 3
 Concurrent Refinement Workers: 10
 Periodic GC: Disabled
Heap:
 garbage-first heap   total 98304K, used 63780K [0x00000000a0000000, 0x0000000100000000)
  region size 1024K, 41 young (41984K), 3 survivors (3072K)
 Metaspace       used 26900K, committed 27840K, reserved 1114112K
  class space    used 4033K, committed 4480K, reserved 1048576K
GC Heap History (12 events):
Event: 3.998 GC heap before
{Heap before GC invocations=0 (full 0):
 garbage-first heap   total 258048K, used 23552K [0x00000000a0000000, 0x0000000100000000)
  region size 1024K, 23 young (23552K), 0 survivors (0K)
 Metaspace       used 1043K, committed 1152K, reserved 1114112K
  class space    used 81K, committed 128K, reserved 1048576K
}
Event: 4.881 GC heap after
{Heap after GC invocations=1 (full 0):
 garbage-first heap   total 258048K, used 1877K [0x00000000a0000000, 0x0000000100000000)
  region size 1024K, 2 young (2048K), 2 survivors (2048K)
 Metaspace       used 1043K, committed 1152K, reserved 1114112K
  class space    used 81K, committed 128K, reserved 1048576K
}
Event: 16.908 GC heap before
{Heap before GC invocations=1 (full 0):
 garbage-first heap   total 258048K, used 37717K [0x00000000a0000000, 0x0000000100000000)
  region size 1024K, 35 young (35840K), 2 survivors (2048K)
 Metaspace       used 4364K, committed 4544K, reserved 1114112K
  class space    used 557K, committed 640K, reserved 1048576K
}
Event: 16.915 GC heap after
{Heap after GC invocations=2 (full 0):
 garbage-first heap   total 258048K, used 10789K [0x00000000a0000000, 0x0000000100000000)
  region size 1024K, 5 young (5120K), 5 survivors (5120K)
 Metaspace       used 4364K, committed 4544K, reserved 1114112K
  class space    used 557K, committed 640K, reserved 1048576K
}
Event: 23.566 GC heap before
{Heap before GC invocations=2 (full 0):
 garbage-first heap   total 258048K, used 59941K [0x00000000a0000000, 0x0000000100000000)
  region size 1024K, 51 young (52224K), 5 survivors (5120K)
 Metaspace       used 4656K, committed 4928K, reserved 1114112K
  class space    used 601K, committed 704K, reserved 1048576K
}
Event: 23.574 GC heap after
{Heap after GC invocations=3 (full 0):
 garbage-first heap   total 258048K, used 16537K [0x00000000a0000000, 0x0000000100000000)
  region size 1024K, 5 young (5120K), 5 survivors (5120K)
 Metaspace       used 4656K, committed 4928K, reserved 1114112K
  class space    used 601K, committed 704K, reserved 1048576K
}
Event: 69.720 GC heap before
{Heap before GC invocations=3 (full 0):
 garbage-first heap   total 258048K, used 115865K [0x00000000a0000000, 0x0000000100000000)
  region size 1024K, 103 young (105472K), 5 survivors (5120K)
 Metaspace       used 20858K, committed 21504K, reserved 1114112K
  class space    used 3070K, committed 3392K, reserved 1048576K
}
Event: 69.737 GC heap after
{Heap after GC invocations=4 (full 0):
 garbage-first heap   total 258048K, used 24253K [0x00000000a0000000, 0x0000000100000000)
  region size 1024K, 12 young (12288K), 12 survivors (12288K)
 Metaspace       used 20858K, committed 21504K, reserved 1114112K
  class space    used 3070K, committed 3392K, reserved 1048576K
}
Event: 225.814 GC heap before
{Heap before GC invocations=5 (full 0):
 garbage-first heap   total 81920K, used 80573K [0x00000000a0000000, 0x0000000100000000)
  region size 1024K, 68 young (69632K), 12 survivors (12288K)
 Metaspace       used 26365K, committed 27264K, reserved 1114112K
  class space    used 3966K, committed 4416K, reserved 1048576K
}
Event: 225.969 GC heap after
{Heap after GC invocations=6 (full 0):
 garbage-first heap   total 98304K, used 26533K [0x00000000a0000000, 0x0000000100000000)
  region size 1024K, 11 young (11264K), 11 survivors (11264K)
 Metaspace       used 26365K, committed 27264K, reserved 1114112K
  class space    used 3966K, committed 4416K, reserved 1048576K
}
Event: 615.102 GC heap before
{Heap before GC invocations=6 (full 0):
 garbage-first heap   total 98304K, used 72613K [0x00000000a0000000, 0x0000000100000000)
  region size 1024K, 57 young (58368K), 11 survivors (11264K)
 Metaspace       used 26870K, committed 27840K, reserved 1114112K
  class space    used 4032K, committed 4480K, reserved 1048576K
}
Event: 615.833 GC heap after
{Heap after GC invocations=7 (full 0):
 garbage-first heap   total 98304K, used 26916K [0x00000000a0000000, 0x0000000100000000)
  region size 1024K, 3 young (3072K), 3 survivors (3072K)
 Metaspace       used 26870K, committed 27840K, reserved 1114112K
  class space    used 4032K, committed 4480K, reserved 1048576K
}

