# JRE version: OpenJDK Runtime Environment Temurin-21.0.12.1+1 (21.0.12.1+1) (build 21.0.12.1+1-LTS)
# Java VM: OpenJDK 64-Bit Server VM Temurin-21.0.12.1+1 (21.0.12.1+1-LTS, mixed mode, sharing, tiered, compressed oops, compressed class ptrs, g1 gc, windows-amd64)
GC Precious Log:
 CardTable entry size: 512
 Card Set container configuration: InlinePtr #cards 5 size 8 Array Of Cards #cards 12 size 40 Howl #buckets 4 coarsen threshold 1843 Howl Bitmap #cards 512 size 80 coarsen threshold 460 Card regions per heap region 1 cards per card region 2048
 CPUs: 12 total, 12 available
 Memory: 16076M
 Large Page Support: Disabled
 NUMA Support: Disabled
 Compressed Oops: Enabled (32-bit)
 Heap Region Size: 1M
 Heap Min Capacity: 8M
 Heap Initial Capacity: 252M
 Heap Max Capacity: 1536M
 Pre-touch: Disabled
 Parallel Workers: 10
 Concurrent Workers: 3
 Concurrent Refinement Workers: 10
 Periodic GC: Disabled
Heap:
 garbage-first heap   total 99328K, used 37336K [0x00000000a0000000, 0x0000000100000000)
  region size 1024K, 14 young (14336K), 8 survivors (8192K)
 Metaspace       used 33712K, committed 34752K, reserved 1114112K
  class space    used 4839K, committed 5312K, reserved 1048576K
GC Heap History (12 events):
Event: 2.712 GC heap before
{Heap before GC invocations=0 (full 0):
 garbage-first heap   total 258048K, used 23552K [0x00000000a0000000, 0x0000000100000000)
  region size 1024K, 23 young (23552K), 0 survivors (0K)
 Metaspace       used 1041K, committed 1152K, reserved 1114112K
  class space    used 81K, committed 128K, reserved 1048576K
}
Event: 2.867 GC heap after
{Heap after GC invocations=1 (full 0):
 garbage-first heap   total 258048K, used 1877K [0x00000000a0000000, 0x0000000100000000)
  region size 1024K, 2 young (2048K), 2 survivors (2048K)
 Metaspace       used 1041K, committed 1152K, reserved 1114112K
  class space    used 81K, committed 128K, reserved 1048576K
}
Event: 7.486 GC heap before
{Heap before GC invocations=1 (full 0):
 garbage-first heap   total 258048K, used 37717K [0x00000000a0000000, 0x0000000100000000)
  region size 1024K, 35 young (35840K), 2 survivors (2048K)
 Metaspace       used 4374K, committed 4544K, reserved 1114112K
  class space    used 557K, committed 640K, reserved 1048576K
}
Event: 7.493 GC heap after
{Heap after GC invocations=2 (full 0):
 garbage-first heap   total 258048K, used 10616K [0x00000000a0000000, 0x0000000100000000)
  region size 1024K, 5 young (5120K), 5 survivors (5120K)
 Metaspace       used 4374K, committed 4544K, reserved 1114112K
  class space    used 557K, committed 640K, reserved 1048576K
}
Event: 11.139 GC heap before
{Heap before GC invocations=2 (full 0):
 garbage-first heap   total 258048K, used 60792K [0x00000000a0000000, 0x0000000100000000)
  region size 1024K, 52 young (53248K), 5 survivors (5120K)
 Metaspace       used 4742K, committed 4928K, reserved 1114112K
  class space    used 612K, committed 704K, reserved 1048576K
}
Event: 11.148 GC heap after
{Heap after GC invocations=3 (full 0):
 garbage-first heap   total 258048K, used 16218K [0x00000000a0000000, 0x0000000100000000)
  region size 1024K, 5 young (5120K), 5 survivors (5120K)
 Metaspace       used 4742K, committed 4928K, reserved 1114112K
  class space    used 612K, committed 704K, reserved 1048576K
}
Event: 23.401 GC heap before
{Heap before GC invocations=3 (full 0):
 garbage-first heap   total 258048K, used 114522K [0x00000000a0000000, 0x0000000100000000)
  region size 1024K, 102 young (104448K), 5 survivors (5120K)
 Metaspace       used 20779K, committed 21504K, reserved 1114112K
  class space    used 3067K, committed 3456K, reserved 1048576K
}
Event: 23.502 GC heap after
{Heap after GC invocations=4 (full 0):
 garbage-first heap   total 258048K, used 24159K [0x00000000a0000000, 0x0000000100000000)
  region size 1024K, 12 young (12288K), 12 survivors (12288K)
 Metaspace       used 20779K, committed 21504K, reserved 1114112K
  class space    used 3067K, committed 3456K, reserved 1048576K
}
Event: 25.492 GC heap before
{Heap before GC invocations=5 (full 0):
 garbage-first heap   total 81920K, used 80479K [0x00000000a0000000, 0x0000000100000000)
  region size 1024K, 68 young (69632K), 12 survivors (12288K)
 Metaspace       used 28801K, committed 29760K, reserved 1114112K
  class space    used 4238K, committed 4672K, reserved 1048576K
}
Event: 25.502 GC heap after
{Heap after GC invocations=6 (full 0):
 garbage-first heap   total 99328K, used 27537K [0x00000000a0000000, 0x0000000100000000)
  region size 1024K, 12 young (12288K), 12 survivors (12288K)
 Metaspace       used 28801K, committed 29760K, reserved 1114112K
  class space    used 4238K, committed 4672K, reserved 1048576K
}
Event: 68.196 GC heap before
{Heap before GC invocations=6 (full 0):
 garbage-first heap   total 99328K, used 73617K [0x00000000a0000000, 0x0000000100000000)
  region size 1024K, 58 young (59392K), 12 survivors (12288K)
 Metaspace       used 33681K, committed 34688K, reserved 1114112K
  class space    used 4838K, committed 5312K, reserved 1048576K
}
Event: 68.249 GC heap after
{Heap after GC invocations=7 (full 0):
 garbage-first heap   total 99328K, used 32216K [0x00000000a0000000, 0x0000000100000000)
  region size 1024K, 8 young (8192K), 8 survivors (8192K)
 Metaspace       used 33681K, committed 34688K, reserved 1114112K
  class space    used 4838K, committed 5312K, reserved 1048576K
}

