# JRE version: OpenJDK Runtime Environment Temurin-21.0.12.1+1 (21.0.12.1+1) (build 21.0.12.1+1-LTS)
# Java VM: OpenJDK 64-Bit Server VM Temurin-21.0.12.1+1 (21.0.12.1+1-LTS, mixed mode, sharing, tiered, compressed oops, compressed class ptrs, g1 gc, windows-amd64)
GC Precious Log:
 CardTable entry size: 512
 Card Set container configuration: InlinePtr #cards 5 size 8 Array Of Cards #cards 12 size 40 Howl #buckets 4 coarsen threshold 1843 Howl Bitmap #cards 512 size 80 coarsen threshold 460 Card regions per heap region 1 cards per card region 2048
 CPUs: 12 total, 12 available
 Memory: 16076M
 Large Page Support: Disabled
 NUMA Support: Disabled
 Compressed Oops: Enabled (32-bit)
 Heap Region Size: 1M
 Heap Min Capacity: 8M
 Heap Initial Capacity: 252M
 Heap Max Capacity: 1536M
 Pre-touch: Disabled
 Parallel Workers: 10
 Concurrent Workers: 3
 Concurrent Refinement Workers: 10
 Periodic GC: Disabled
Heap:
 garbage-first heap   total 81920K, used 32491K [0x00000000a0000000, 0x0000000100000000)
  region size 1024K, 9 young (9216K), 3 survivors (3072K)
 Metaspace       used 26525K, committed 27392K, reserved 1114112K
  class space    used 3973K, committed 4416K, reserved 1048576K
GC Heap History (12 events):
Event: 7.555 GC heap before
{Heap before GC invocations=0 (full 0):
 garbage-first heap   total 258048K, used 23552K [0x00000000a0000000, 0x0000000100000000)
  region size 1024K, 23 young (23552K), 0 survivors (0K)
 Metaspace       used 1044K, committed 1152K, reserved 1114112K
  class space    used 81K, committed 128K, reserved 1048576K
}
Event: 7.561 GC heap after
{Heap after GC invocations=1 (full 0):
 garbage-first heap   total 258048K, used 1940K [0x00000000a0000000, 0x0000000100000000)
  region size 1024K, 2 young (2048K), 2 survivors (2048K)
 Metaspace       used 1044K, committed 1152K, reserved 1114112K
  class space    used 81K, committed 128K, reserved 1048576K
}
Event: 12.303 GC heap before
{Heap before GC invocations=1 (full 0):
 garbage-first heap   total 258048K, used 39828K [0x00000000a0000000, 0x0000000100000000)
  region size 1024K, 37 young (37888K), 2 survivors (2048K)
 Metaspace       used 4369K, committed 4544K, reserved 1114112K
  class space    used 558K, committed 640K, reserved 1048576K
}
Event: 12.317 GC heap after
{Heap after GC invocations=2 (full 0):
 garbage-first heap   total 258048K, used 10938K [0x00000000a0000000, 0x0000000100000000)
  region size 1024K, 5 young (5120K), 5 survivors (5120K)
 Metaspace       used 4369K, committed 4544K, reserved 1114112K
  class space    used 558K, committed 640K, reserved 1048576K
}
Event: 20.583 GC heap before
{Heap before GC invocations=2 (full 0):
 garbage-first heap   total 258048K, used 61114K [0x00000000a0000000, 0x0000000100000000)
  region size 1024K, 52 young (53248K), 5 survivors (5120K)
 Metaspace       used 4989K, committed 5248K, reserved 1114112K
  class space    used 653K, committed 768K, reserved 1048576K
}
Event: 20.592 GC heap after
{Heap after GC invocations=3 (full 0):
 garbage-first heap   total 258048K, used 16847K [0x00000000a0000000, 0x0000000100000000)
  region size 1024K, 5 young (5120K), 5 survivors (5120K)
 Metaspace       used 4989K, committed 5248K, reserved 1114112K
  class space    used 653K, committed 768K, reserved 1048576K
}
Event: 104.063 GC heap before
{Heap before GC invocations=3 (full 0):
 garbage-first heap   total 258048K, used 116175K [0x00000000a0000000, 0x0000000100000000)
  region size 1024K, 103 young (105472K), 5 survivors (5120K)
 Metaspace       used 20878K, committed 21504K, reserved 1114112K
  class space    used 3066K, committed 3392K, reserved 1048576K
}
Event: 104.120 GC heap after
{Heap after GC invocations=4 (full 0):
 garbage-first heap   total 258048K, used 24280K [0x00000000a0000000, 0x0000000100000000)
  region size 1024K, 12 young (12288K), 12 survivors (12288K)
 Metaspace       used 20878K, committed 21504K, reserved 1114112K
  class space    used 3066K, committed 3392K, reserved 1048576K
}
Event: 105.815 GC heap before
{Heap before GC invocations=5 (full 0):
 garbage-first heap   total 81920K, used 61144K [0x00000000a0000000, 0x0000000100000000)
  region size 1024K, 48 young (49152K), 12 survivors (12288K)
 Metaspace       used 25555K, committed 26496K, reserved 1114112K
  class space    used 3837K, committed 4288K, reserved 1048576K
}
Event: 105.825 GC heap after
{Heap after GC invocations=6 (full 0):
 garbage-first heap   total 81920K, used 26501K [0x00000000a0000000, 0x0000000100000000)
  region size 1024K, 3 young (3072K), 3 survivors (3072K)
 Metaspace       used 25555K, committed 26496K, reserved 1114112K
  class space    used 3837K, committed 4288K, reserved 1048576K
}
Event: 375.885 GC heap before
{Heap before GC invocations=6 (full 0):
 garbage-first heap   total 81920K, used 66437K [0x00000000a0000000, 0x0000000100000000)
  region size 1024K, 42 young (43008K), 3 survivors (3072K)
 Metaspace       used 26522K, committed 27392K, reserved 1114112K
  class space    used 3973K, committed 4416K, reserved 1048576K
}
Event: 376.137 GC heap after
{Heap after GC invocations=7 (full 0):
 garbage-first heap   total 81920K, used 27371K [0x00000000a0000000, 0x0000000100000000)
  region size 1024K, 3 young (3072K), 3 survivors (3072K)
 Metaspace       used 26522K, committed 27392K, reserved 1114112K
  class space    used 3973K, committed 4416K, reserved 1048576K
}

