# JRE version: OpenJDK Runtime Environment Temurin-21.0.12.1+1 (21.0.12.1+1) (build 21.0.12.1+1-LTS)
# Java VM: OpenJDK 64-Bit Server VM Temurin-21.0.12.1+1 (21.0.12.1+1-LTS, mixed mode, sharing, tiered, compressed oops, compressed class ptrs, g1 gc, windows-amd64)
GC Precious Log:
 CardTable entry size: 512
 Card Set container configuration: InlinePtr #cards 5 size 8 Array Of Cards #cards 12 size 40 Howl #buckets 4 coarsen threshold 1843 Howl Bitmap #cards 512 size 80 coarsen threshold 460 Card regions per heap region 1 cards per card region 2048
 CPUs: 12 total, 12 available
 Memory: 16076M
 Large Page Support: Disabled
 NUMA Support: Disabled
 Compressed Oops: Enabled (32-bit)
 Heap Region Size: 1M
 Heap Min Capacity: 8M
 Heap Initial Capacity: 252M
 Heap Max Capacity: 1536M
 Pre-touch: Disabled
 Parallel Workers: 10
 Concurrent Workers: 3
 Concurrent Refinement Workers: 10
 Periodic GC: Disabled
Heap:
 garbage-first heap   total 86016K, used 41654K [0x00000000a0000000, 0x0000000100000000)
  region size 1024K, 12 young (12288K), 3 survivors (3072K)
 Metaspace       used 35708K, committed 36736K, reserved 1114112K
  class space    used 5058K, committed 5568K, reserved 1048576K
GC Heap History (18 events):
Event: 2.820 GC heap before
{Heap before GC invocations=0 (full 0):
 garbage-first heap   total 258048K, used 23552K [0x00000000a0000000, 0x0000000100000000)
  region size 1024K, 23 young (23552K), 0 survivors (0K)
 Metaspace       used 1050K, committed 1152K, reserved 1114112K
  class space    used 81K, committed 128K, reserved 1048576K
}
Event: 3.630 GC heap after
{Heap after GC invocations=1 (full 0):
 garbage-first heap   total 258048K, used 1877K [0x00000000a0000000, 0x0000000100000000)
  region size 1024K, 2 young (2048K), 2 survivors (2048K)
 Metaspace       used 1050K, committed 1152K, reserved 1114112K
  class space    used 81K, committed 128K, reserved 1048576K
}
Event: 13.917 GC heap before
{Heap before GC invocations=1 (full 0):
 garbage-first heap   total 258048K, used 37717K [0x00000000a0000000, 0x0000000100000000)
  region size 1024K, 35 young (35840K), 2 survivors (2048K)
 Metaspace       used 4359K, committed 4544K, reserved 1114112K
  class space    used 558K, committed 640K, reserved 1048576K
}
Event: 13.927 GC heap after
{Heap after GC invocations=2 (full 0):
 garbage-first heap   total 258048K, used 10849K [0x00000000a0000000, 0x0000000100000000)
  region size 1024K, 5 young (5120K), 5 survivors (5120K)
 Metaspace       used 4359K, committed 4544K, reserved 1114112K
  class space    used 558K, committed 640K, reserved 1048576K
}
Event: 22.371 GC heap before
{Heap before GC invocations=2 (full 0):
 garbage-first heap   total 258048K, used 60001K [0x00000000a0000000, 0x0000000100000000)
  region size 1024K, 51 young (52224K), 5 survivors (5120K)
 Metaspace       used 4668K, committed 4928K, reserved 1114112K
  class space    used 601K, committed 704K, reserved 1048576K
}
Event: 22.379 GC heap after
{Heap after GC invocations=3 (full 0):
 garbage-first heap   total 258048K, used 16658K [0x00000000a0000000, 0x0000000100000000)
  region size 1024K, 5 young (5120K), 5 survivors (5120K)
 Metaspace       used 4668K, committed 4928K, reserved 1114112K
  class space    used 601K, committed 704K, reserved 1048576K
}
Event: 52.008 GC heap before
{Heap before GC invocations=3 (full 0):
 garbage-first heap   total 258048K, used 114962K [0x00000000a0000000, 0x0000000100000000)
  region size 1024K, 102 young (104448K), 5 survivors (5120K)
 Metaspace       used 20859K, committed 21504K, reserved 1114112K
  class space    used 3078K, committed 3392K, reserved 1048576K
}
Event: 52.025 GC heap after
{Heap after GC invocations=4 (full 0):
 garbage-first heap   total 258048K, used 24749K [0x00000000a0000000, 0x0000000100000000)
  region size 1024K, 13 young (13312K), 13 survivors (13312K)
 Metaspace       used 20859K, committed 21504K, reserved 1114112K
  class space    used 3078K, committed 3392K, reserved 1048576K
}
Event: 59.437 GC heap before
{Heap before GC invocations=5 (full 0):
 garbage-first heap   total 86016K, used 62637K [0x00000000a0000000, 0x0000000100000000)
  region size 1024K, 50 young (51200K), 13 survivors (13312K)
 Metaspace       used 25867K, committed 26816K, reserved 1114112K
  class space    used 3899K, committed 4352K, reserved 1048576K
}
Event: 59.450 GC heap after
{Heap after GC invocations=6 (full 0):
 garbage-first heap   total 86016K, used 26788K [0x00000000a0000000, 0x0000000100000000)
  region size 1024K, 3 young (3072K), 3 survivors (3072K)
 Metaspace       used 25867K, committed 26816K, reserved 1114112K
  class space    used 3899K, committed 4352K, reserved 1048576K
}
Event: 469.812 GC heap before
{Heap before GC invocations=6 (full 0):
 garbage-first heap   total 86016K, used 70820K [0x00000000a0000000, 0x0000000100000000)
  region size 1024K, 46 young (47104K), 3 survivors (3072K)
 Metaspace       used 26477K, committed 27392K, reserved 1114112K
  class space    used 3970K, committed 4416K, reserved 1048576K
}
Event: 469.950 GC heap after
{Heap after GC invocations=7 (full 0):
 garbage-first heap   total 86016K, used 27191K [0x00000000a0000000, 0x0000000100000000)
  region size 1024K, 3 young (3072K), 3 survivors (3072K)
 Metaspace       used 26477K, committed 27392K, reserved 1114112K
  class space    used 3970K, committed 4416K, reserved 1048576K
}
Event: 805.477 GC heap before
{Heap before GC invocations=7 (full 0):
 garbage-first heap   total 86016K, used 72247K [0x00000000a0000000, 0x0000000100000000)
  region size 1024K, 47 young (48128K), 3 survivors (3072K)
 Metaspace       used 26913K, committed 27904K, reserved 1114112K
  class space    used 4035K, committed 4544K, reserved 1048576K
}
Event: 805.503 GC heap after
{Heap after GC invocations=8 (full 0):
 garbage-first heap   total 86016K, used 27185K [0x00000000a0000000, 0x0000000100000000)
  region size 1024K, 3 young (3072K), 3 survivors (3072K)
 Metaspace       used 26913K, committed 27904K, reserved 1114112K
  class space    used 4035K, committed 4544K, reserved 1048576K
}
Event: 847.645 GC heap before
{Heap before GC invocations=8 (full 0):
 garbage-first heap   total 86016K, used 74289K [0x00000000a0000000, 0x0000000100000000)
  region size 1024K, 50 young (51200K), 3 survivors (3072K)
 Metaspace       used 32971K, committed 33984K, reserved 1114112K
  class space    used 4719K, committed 5248K, reserved 1048576K
}
Event: 847.655 GC heap after
{Heap after GC invocations=9 (full 0):
 garbage-first heap   total 86016K, used 32413K [0x00000000a0000000, 0x0000000100000000)
  region size 1024K, 7 young (7168K), 7 survivors (7168K)
 Metaspace       used 32971K, committed 33984K, reserved 1114112K
  class space    used 4719K, committed 5248K, reserved 1048576K
}
Event: 848.791 GC heap before
{Heap before GC invocations=9 (full 0):
 garbage-first heap   total 86016K, used 55965K [0x00000000a0000000, 0x0000000100000000)
  region size 1024K, 26 young (26624K), 7 survivors (7168K)
 Metaspace       used 34953K, committed 35968K, reserved 1114112K
  class space    used 4925K, committed 5440K, reserved 1048576K
}
Event: 848.800 GC heap after
{Heap after GC invocations=10 (full 0):
 garbage-first heap   total 86016K, used 33462K [0x00000000a0000000, 0x0000000100000000)
  region size 1024K, 3 young (3072K), 3 survivors (3072K)
 Metaspace       used 34953K, committed 35968K, reserved 1114112K
  class space    used 4925K, committed 5440K, reserved 1048576K
}

