# JRE version: OpenJDK Runtime Environment Temurin-21.0.12.1+1 (21.0.12.1+1) (build 21.0.12.1+1-LTS)
# Java VM: OpenJDK 64-Bit Server VM Temurin-21.0.12.1+1 (21.0.12.1+1-LTS, mixed mode, sharing, tiered, compressed oops, compressed class ptrs, g1 gc, windows-amd64)
GC Precious Log:
 CardTable entry size: 512
 Card Set container configuration: InlinePtr #cards 5 size 8 Array Of Cards #cards 12 size 40 Howl #buckets 4 coarsen threshold 1843 Howl Bitmap #cards 512 size 80 coarsen threshold 460 Card regions per heap region 1 cards per card region 2048
 CPUs: 12 total, 12 available
 Memory: 16076M
 Large Page Support: Disabled
 NUMA Support: Disabled
 Compressed Oops: Enabled (32-bit)
 Heap Region Size: 1M
 Heap Min Capacity: 8M
 Heap Initial Capacity: 252M
 Heap Max Capacity: 1536M
 Pre-touch: Disabled
 Parallel Workers: 10
 Concurrent Workers: 3
 Concurrent Refinement Workers: 10
 Periodic GC: Disabled
Heap:
 garbage-first heap   total 97280K, used 36900K [0x00000000a0000000, 0x0000000100000000)
  region size 1024K, 6 young (6144K), 1 survivors (1024K)
 Metaspace       used 35994K, committed 37120K, reserved 1114112K
  class space    used 5107K, committed 5696K, reserved 1048576K
GC Heap History (20 events):
Event: 4.274 GC heap before
{Heap before GC invocations=0 (full 0):
 garbage-first heap   total 258048K, used 23552K [0x00000000a0000000, 0x0000000100000000)
  region size 1024K, 23 young (23552K), 0 survivors (0K)
 Metaspace       used 933K, committed 1088K, reserved 1114112K
  class space    used 73K, committed 128K, reserved 1048576K
}
Event: 4.399 GC heap after
{Heap after GC invocations=1 (full 0):
 garbage-first heap   total 258048K, used 1663K [0x00000000a0000000, 0x0000000100000000)
  region size 1024K, 2 young (2048K), 2 survivors (2048K)
 Metaspace       used 933K, committed 1088K, reserved 1114112K
  class space    used 73K, committed 128K, reserved 1048576K
}
Event: 13.834 GC heap before
{Heap before GC invocations=1 (full 0):
 garbage-first heap   total 258048K, used 40575K [0x00000000a0000000, 0x0000000100000000)
  region size 1024K, 38 young (38912K), 2 survivors (2048K)
 Metaspace       used 4393K, committed 4544K, reserved 1114112K
  class space    used 559K, committed 640K, reserved 1048576K
}
Event: 13.842 GC heap after
{Heap after GC invocations=2 (full 0):
 garbage-first heap   total 258048K, used 10941K [0x00000000a0000000, 0x0000000100000000)
  region size 1024K, 5 young (5120K), 5 survivors (5120K)
 Metaspace       used 4393K, committed 4544K, reserved 1114112K
  class space    used 559K, committed 640K, reserved 1048576K
}
Event: 38.089 GC heap before
{Heap before GC invocations=2 (full 0):
 garbage-first heap   total 258048K, used 63165K [0x00000000a0000000, 0x0000000100000000)
  region size 1024K, 55 young (56320K), 5 survivors (5120K)
 Metaspace       used 5740K, committed 6016K, reserved 1114112K
  class space    used 773K, committed 896K, reserved 1048576K
}
Event: 38.102 GC heap after
{Heap after GC invocations=3 (full 0):
 garbage-first heap   total 258048K, used 17813K [0x00000000a0000000, 0x0000000100000000)
  region size 1024K, 6 young (6144K), 6 survivors (6144K)
 Metaspace       used 5740K, committed 6016K, reserved 1114112K
  class space    used 773K, committed 896K, reserved 1048576K
}
Event: 57.460 GC heap before
{Heap before GC invocations=3 (full 0):
 garbage-first heap   total 258048K, used 107925K [0x00000000a0000000, 0x0000000100000000)
  region size 1024K, 95 young (97280K), 6 survivors (6144K)
 Metaspace       used 20766K, committed 21504K, reserved 1114112K
  class space    used 3068K, committed 3456K, reserved 1048576K
}
Event: 57.476 GC heap after
{Heap after GC invocations=4 (full 0):
 garbage-first heap   total 258048K, used 24133K [0x00000000a0000000, 0x0000000100000000)
  region size 1024K, 12 young (12288K), 12 survivors (12288K)
 Metaspace       used 20766K, committed 21504K, reserved 1114112K
  class space    used 3068K, committed 3456K, reserved 1048576K
}
Event: 175.056 GC heap before
{Heap before GC invocations=5 (full 0):
 garbage-first heap   total 81920K, used 81477K [0x00000000a0000000, 0x0000000100000000)
  region size 1024K, 68 young (69632K), 12 survivors (12288K)
 Metaspace       used 26753K, committed 27712K, reserved 1114112K
  class space    used 4029K, committed 4480K, reserved 1048576K
}
Event: 175.100 GC heap after
{Heap after GC invocations=6 (full 0):
 garbage-first heap   total 97280K, used 26652K [0x00000000a0000000, 0x0000000100000000)
  region size 1024K, 9 young (9216K), 9 survivors (9216K)
 Metaspace       used 26753K, committed 27712K, reserved 1114112K
  class space    used 4029K, committed 4480K, reserved 1048576K
}
Event: 190.387 GC heap before
{Heap before GC invocations=6 (full 0):
 garbage-first heap   total 97280K, used 74780K [0x00000000a0000000, 0x0000000100000000)
  region size 1024K, 57 young (58368K), 9 survivors (9216K)
 Metaspace       used 32815K, committed 33728K, reserved 1114112K
  class space    used 4711K, committed 5120K, reserved 1048576K
}
Event: 190.404 GC heap after
{Heap after GC invocations=7 (full 0):
 garbage-first heap   total 97280K, used 32060K [0x00000000a0000000, 0x0000000100000000)
  region size 1024K, 8 young (8192K), 8 survivors (8192K)
 Metaspace       used 32815K, committed 33728K, reserved 1114112K
  class space    used 4711K, committed 5120K, reserved 1048576K
}
Event: 193.378 GC heap before
{Heap before GC invocations=7 (full 0):
 garbage-first heap   total 97280K, used 52540K [0x00000000a0000000, 0x0000000100000000)
  region size 1024K, 25 young (25600K), 8 survivors (8192K)
 Metaspace       used 34857K, committed 35968K, reserved 1114112K
  class space    used 4927K, committed 5440K, reserved 1048576K
}
Event: 193.387 GC heap after
{Heap after GC invocations=8 (full 0):
 garbage-first heap   total 97280K, used 32824K [0x00000000a0000000, 0x0000000100000000)
  region size 1024K, 3 young (3072K), 3 survivors (3072K)
 Metaspace       used 34857K, committed 35968K, reserved 1114112K
  class space    used 4927K, committed 5440K, reserved 1048576K
}
Event: 584.253 GC heap before
{Heap before GC invocations=9 (full 0):
 garbage-first heap   total 97280K, used 79928K [0x00000000a0000000, 0x0000000100000000)
  region size 1024K, 49 young (50176K), 3 survivors (3072K)
 Metaspace       used 35985K, committed 37120K, reserved 1114112K
  class space    used 5107K, committed 5696K, reserved 1048576K
}
Event: 584.754 GC heap after
{Heap after GC invocations=10 (full 0):
 garbage-first heap   total 97280K, used 32828K [0x00000000a0000000, 0x0000000100000000)
  region size 1024K, 3 young (3072K), 3 survivors (3072K)
 Metaspace       used 35985K, committed 37120K, reserved 1114112K
  class space    used 5107K, committed 5696K, reserved 1048576K
}
Event: 595.644 GC heap before
{Heap before GC invocations=10 (full 0):
 garbage-first heap   total 97280K, used 34876K [0x00000000a0000000, 0x0000000100000000)
  region size 1024K, 5 young (5120K), 3 survivors (3072K)
 Metaspace       used 35985K, committed 37120K, reserved 1114112K
  class space    used 5107K, committed 5696K, reserved 1048576K
}
Event: 595.686 GC heap after
{Heap after GC invocations=11 (full 0):
 garbage-first heap   total 97280K, used 32691K [0x00000000a0000000, 0x0000000100000000)
  region size 1024K, 1 young (1024K), 1 survivors (1024K)
 Metaspace       used 35985K, committed 37120K, reserved 1114112K
  class space    used 5107K, committed 5696K, reserved 1048576K
}
Event: 812.300 GC heap before
{Heap before GC invocations=11 (full 0):
 garbage-first heap   total 97280K, used 61363K [0x00000000a0000000, 0x0000000100000000)
  region size 1024K, 30 young (30720K), 1 survivors (1024K)
 Metaspace       used 35994K, committed 37120K, reserved 1114112K
  class space    used 5107K, committed 5696K, reserved 1048576K
}
Event: 812.352 GC heap after
{Heap after GC invocations=12 (full 0):
 garbage-first heap   total 97280K, used 32804K [0x00000000a0000000, 0x0000000100000000)
  region size 1024K, 1 young (1024K), 1 survivors (1024K)
 Metaspace       used 35994K, committed 37120K, reserved 1114112K
  class space    used 5107K, committed 5696K, reserved 1048576K
}

