# JRE version: OpenJDK Runtime Environment Temurin-21.0.12.1+1 (21.0.12.1+1) (build 21.0.12.1+1-LTS)
# Java VM: OpenJDK 64-Bit Server VM Temurin-21.0.12.1+1 (21.0.12.1+1-LTS, mixed mode, tiered, compressed oops, compressed class ptrs, g1 gc, windows-amd64)
GC Precious Log:
 CardTable entry size: 512
 Card Set container configuration: InlinePtr #cards 5 size 8 Array Of Cards #cards 12 size 40 Howl #buckets 4 coarsen threshold 1843 Howl Bitmap #cards 512 size 80 coarsen threshold 460 Card regions per heap region 1 cards per card region 2048
 CPUs: 12 total, 12 available
 Memory: 16076M
 Large Page Support: Disabled
 NUMA Support: Disabled
 Compressed Oops: Enabled (32-bit)
 Heap Region Size: 1M
 Heap Min Capacity: 256M
 Heap Initial Capacity: 256M
 Heap Max Capacity: 512M
 Pre-touch: Disabled
 Parallel Workers: 10
 Concurrent Workers: 3
 Concurrent Refinement Workers: 10
 Periodic GC: Disabled
Heap:
 garbage-first heap   total 262144K, used 32151K [0x00000000e0000000, 0x0000000100000000)
  region size 1024K, 13 young (13312K), 7 survivors (7168K)
 Metaspace       used 36326K, committed 37440K, reserved 393216K
  class space    used 5007K, committed 5568K, reserved 327680K
GC Heap History (12 events):
Event: 4.903 GC heap before
{Heap before GC invocations=0 (full 0):
 garbage-first heap   total 262144K, used 26624K [0x00000000e0000000, 0x0000000100000000)
  region size 1024K, 23 young (23552K), 0 survivors (0K)
 Metaspace       used 7645K, committed 7808K, reserved 393216K
  class space    used 691K, committed 768K, reserved 327680K
}
Event: 4.943 GC heap after
{Heap after GC invocations=1 (full 0):
 garbage-first heap   total 262144K, used 10506K [0x00000000e0000000, 0x0000000100000000)
  region size 1024K, 3 young (3072K), 3 survivors (3072K)
 Metaspace       used 7645K, committed 7808K, reserved 393216K
  class space    used 691K, committed 768K, reserved 327680K
}
Event: 14.238 GC heap before
{Heap before GC invocations=1 (full 0):
 garbage-first heap   total 262144K, used 41226K [0x00000000e0000000, 0x0000000100000000)
  region size 1024K, 33 young (33792K), 3 survivors (3072K)
 Metaspace       used 11545K, committed 11776K, reserved 393216K
  class space    used 1237K, committed 1344K, reserved 327680K
}
Event: 14.242 GC heap after
{Heap after GC invocations=2 (full 0):
 garbage-first heap   total 262144K, used 11851K [0x00000000e0000000, 0x0000000100000000)
  region size 1024K, 2 young (2048K), 2 survivors (2048K)
 Metaspace       used 11545K, committed 11776K, reserved 393216K
  class space    used 1237K, committed 1344K, reserved 327680K
}
Event: 25.063 GC heap before
{Heap before GC invocations=2 (full 0):
 garbage-first heap   total 262144K, used 84555K [0x00000000e0000000, 0x0000000100000000)
  region size 1024K, 72 young (73728K), 2 survivors (2048K)
 Metaspace       used 21121K, committed 21504K, reserved 393216K
  class space    used 2489K, committed 2688K, reserved 327680K
}
Event: 25.104 GC heap after
{Heap after GC invocations=3 (full 0):
 garbage-first heap   total 262144K, used 21110K [0x00000000e0000000, 0x0000000100000000)
  region size 1024K, 10 young (10240K), 10 survivors (10240K)
 Metaspace       used 21121K, committed 21504K, reserved 393216K
  class space    used 2489K, committed 2688K, reserved 327680K
}
Event: 33.098 GC heap before
{Heap before GC invocations=4 (full 0):
 garbage-first heap   total 262144K, used 122486K [0x00000000e0000000, 0x0000000100000000)
  region size 1024K, 111 young (113664K), 10 survivors (10240K)
 Metaspace       used 35158K, committed 36096K, reserved 393216K
  class space    used 4795K, committed 5248K, reserved 327680K
}
Event: 33.110 GC heap after
{Heap after GC invocations=5 (full 0):
 garbage-first heap   total 262144K, used 27116K [0x00000000e0000000, 0x0000000100000000)
  region size 1024K, 16 young (16384K), 16 survivors (16384K)
 Metaspace       used 35158K, committed 36096K, reserved 393216K
  class space    used 4795K, committed 5248K, reserved 327680K
}
Event: 33.260 GC heap before
{Heap before GC invocations=5 (full 0):
 garbage-first heap   total 262144K, used 31212K [0x00000000e0000000, 0x0000000100000000)
  region size 1024K, 21 young (21504K), 16 survivors (16384K)
 Metaspace       used 35495K, committed 36416K, reserved 393216K
  class space    used 4854K, committed 5312K, reserved 327680K
}
Event: 33.270 GC heap after
{Heap after GC invocations=6 (full 0):
 garbage-first heap   total 262144K, used 27279K [0x00000000e0000000, 0x0000000100000000)
  region size 1024K, 7 young (7168K), 7 survivors (7168K)
 Metaspace       used 35495K, committed 36416K, reserved 393216K
  class space    used 4854K, committed 5312K, reserved 327680K
}
Event: 33.368 GC heap before
{Heap before GC invocations=6 (full 0):
 garbage-first heap   total 262144K, used 29327K [0x00000000e0000000, 0x0000000100000000)
  region size 1024K, 10 young (10240K), 7 survivors (7168K)
 Metaspace       used 35745K, committed 36736K, reserved 393216K
  class space    used 4895K, committed 5376K, reserved 327680K
}
Event: 33.373 GC heap after
{Heap after GC invocations=7 (full 0):
 garbage-first heap   total 262144K, used 27031K [0x00000000e0000000, 0x0000000100000000)
  region size 1024K, 7 young (7168K), 7 survivors (7168K)
 Metaspace       used 35745K, committed 36736K, reserved 393216K
  class space    used 4895K, committed 5376K, reserved 327680K
}

