# JRE version: OpenJDK Runtime Environment Temurin-21.0.12.1+1 (21.0.12.1+1) (build 21.0.12.1+1-LTS)
# Java VM: OpenJDK 64-Bit Server VM Temurin-21.0.12.1+1 (21.0.12.1+1-LTS, mixed mode, sharing, tiered, compressed oops, compressed class ptrs, g1 gc, windows-amd64)
GC Precious Log:
 CardTable entry size: 512
 Card Set container configuration: InlinePtr #cards 5 size 8 Array Of Cards #cards 12 size 40 Howl #buckets 4 coarsen threshold 1843 Howl Bitmap #cards 512 size 80 coarsen threshold 460 Card regions per heap region 1 cards per card region 2048
 CPUs: 12 total, 12 available
 Memory: 16076M
 Large Page Support: Disabled
 NUMA Support: Disabled
 Compressed Oops: Enabled (32-bit)
 Heap Region Size: 1M
 Heap Min Capacity: 8M
 Heap Initial Capacity: 252M
 Heap Max Capacity: 1536M
 Pre-touch: Disabled
 Parallel Workers: 10
 Concurrent Workers: 3
 Concurrent Refinement Workers: 10
 Periodic GC: Disabled
Heap:
 garbage-first heap   total 97280K, used 53835K [0x00000000a0000000, 0x0000000100000000)
  region size 1024K, 39 young (39936K), 10 survivors (10240K)
 Metaspace       used 32159K, committed 33088K, reserved 1114112K
  class space    used 4648K, committed 5056K, reserved 1048576K
GC Heap History (10 events):
Event: 5.188 GC heap before
{Heap before GC invocations=0 (full 0):
 garbage-first heap   total 258048K, used 23552K [0x00000000a0000000, 0x0000000100000000)
  region size 1024K, 23 young (23552K), 0 survivors (0K)
 Metaspace       used 1053K, committed 1152K, reserved 1114112K
  class space    used 81K, committed 128K, reserved 1048576K
}
Event: 5.222 GC heap after
{Heap after GC invocations=1 (full 0):
 garbage-first heap   total 258048K, used 1877K [0x00000000a0000000, 0x0000000100000000)
  region size 1024K, 2 young (2048K), 2 survivors (2048K)
 Metaspace       used 1053K, committed 1152K, reserved 1114112K
  class space    used 81K, committed 128K, reserved 1048576K
}
Event: 10.008 GC heap before
{Heap before GC invocations=1 (full 0):
 garbage-first heap   total 258048K, used 37717K [0x00000000a0000000, 0x0000000100000000)
  region size 1024K, 35 young (35840K), 2 survivors (2048K)
 Metaspace       used 4365K, committed 4544K, reserved 1114112K
  class space    used 557K, committed 640K, reserved 1048576K
}
Event: 10.016 GC heap after
{Heap after GC invocations=2 (full 0):
 garbage-first heap   total 258048K, used 10728K [0x00000000a0000000, 0x0000000100000000)
  region size 1024K, 5 young (5120K), 5 survivors (5120K)
 Metaspace       used 4365K, committed 4544K, reserved 1114112K
  class space    used 557K, committed 640K, reserved 1048576K
}
Event: 12.428 GC heap before
{Heap before GC invocations=2 (full 0):
 garbage-first heap   total 258048K, used 59880K [0x00000000a0000000, 0x0000000100000000)
  region size 1024K, 51 young (52224K), 5 survivors (5120K)
 Metaspace       used 4655K, committed 4864K, reserved 1114112K
  class space    used 599K, committed 704K, reserved 1048576K
}
Event: 12.441 GC heap after
{Heap after GC invocations=3 (full 0):
 garbage-first heap   total 258048K, used 16162K [0x00000000a0000000, 0x0000000100000000)
  region size 1024K, 5 young (5120K), 5 survivors (5120K)
 Metaspace       used 4655K, committed 4864K, reserved 1114112K
  class space    used 599K, committed 704K, reserved 1048576K
}
Event: 174.941 GC heap before
{Heap before GC invocations=3 (full 0):
 garbage-first heap   total 258048K, used 127778K [0x00000000a0000000, 0x0000000100000000)
  region size 1024K, 115 young (117760K), 5 survivors (5120K)
 Metaspace       used 20808K, committed 21504K, reserved 1114112K
  class space    used 3031K, committed 3392K, reserved 1048576K
}
Event: 174.969 GC heap after
{Heap after GC invocations=4 (full 0):
 garbage-first heap   total 258048K, used 23794K [0x00000000a0000000, 0x0000000100000000)
  region size 1024K, 12 young (12288K), 12 survivors (12288K)
 Metaspace       used 20808K, committed 21504K, reserved 1114112K
  class space    used 3031K, committed 3392K, reserved 1048576K
}
Event: 252.506 GC heap before
{Heap before GC invocations=5 (full 0):
 garbage-first heap   total 81920K, used 80114K [0x00000000a0000000, 0x0000000100000000)
  region size 1024K, 68 young (69632K), 12 survivors (12288K)
 Metaspace       used 26946K, committed 27904K, reserved 1114112K
  class space    used 4034K, committed 4480K, reserved 1048576K
}
Event: 252.552 GC heap after
{Heap after GC invocations=6 (full 0):
 garbage-first heap   total 97280K, used 26187K [0x00000000a0000000, 0x0000000100000000)
  region size 1024K, 10 young (10240K), 10 survivors (10240K)
 Metaspace       used 26946K, committed 27904K, reserved 1114112K
  class space    used 4034K, committed 4480K, reserved 1048576K
}

