# JRE version: OpenJDK Runtime Environment Temurin-21.0.12.1+1 (21.0.12.1+1) (build 21.0.12.1+1-LTS)
# Java VM: OpenJDK 64-Bit Server VM Temurin-21.0.12.1+1 (21.0.12.1+1-LTS, mixed mode, sharing, tiered, compressed oops, compressed class ptrs, g1 gc, windows-amd64)
GC Precious Log:
 CardTable entry size: 512
 Card Set container configuration: InlinePtr #cards 5 size 8 Array Of Cards #cards 12 size 40 Howl #buckets 4 coarsen threshold 1843 Howl Bitmap #cards 512 size 80 coarsen threshold 460 Card regions per heap region 1 cards per card region 2048
 CPUs: 12 total, 12 available
 Memory: 16076M
 Large Page Support: Disabled
 NUMA Support: Disabled
 Compressed Oops: Enabled (32-bit)
 Heap Region Size: 1M
 Heap Min Capacity: 8M
 Heap Initial Capacity: 252M
 Heap Max Capacity: 1536M
 Pre-touch: Disabled
 Parallel Workers: 10
 Concurrent Workers: 3
 Concurrent Refinement Workers: 10
 Periodic GC: Disabled
Heap:
 garbage-first heap   total 97280K, used 60466K [0x00000000a0000000, 0x0000000100000000)
  region size 1024K, 44 young (45056K), 10 survivors (10240K)
 Metaspace       used 26486K, committed 27392K, reserved 1114112K
  class space    used 3967K, committed 4416K, reserved 1048576K
GC Heap History (10 events):
Event: 4.547 GC heap before
{Heap before GC invocations=0 (full 0):
 garbage-first heap   total 258048K, used 23552K [0x00000000a0000000, 0x0000000100000000)
  region size 1024K, 23 young (23552K), 0 survivors (0K)
 Metaspace       used 928K, committed 1088K, reserved 1114112K
  class space    used 73K, committed 128K, reserved 1048576K
}
Event: 4.626 GC heap after
{Heap after GC invocations=1 (full 0):
 garbage-first heap   total 258048K, used 1450K [0x00000000a0000000, 0x0000000100000000)
  region size 1024K, 2 young (2048K), 2 survivors (2048K)
 Metaspace       used 928K, committed 1088K, reserved 1114112K
  class space    used 73K, committed 128K, reserved 1048576K
}
Event: 33.127 GC heap before
{Heap before GC invocations=1 (full 0):
 garbage-first heap   total 258048K, used 39338K [0x00000000a0000000, 0x0000000100000000)
  region size 1024K, 37 young (37888K), 2 survivors (2048K)
 Metaspace       used 4394K, committed 4544K, reserved 1114112K
  class space    used 558K, committed 640K, reserved 1048576K
}
Event: 33.136 GC heap after
{Heap after GC invocations=2 (full 0):
 garbage-first heap   total 258048K, used 11044K [0x00000000a0000000, 0x0000000100000000)
  region size 1024K, 5 young (5120K), 5 survivors (5120K)
 Metaspace       used 4394K, committed 4544K, reserved 1114112K
  class space    used 558K, committed 640K, reserved 1048576K
}
Event: 59.293 GC heap before
{Heap before GC invocations=2 (full 0):
 garbage-first heap   total 258048K, used 63268K [0x00000000a0000000, 0x0000000100000000)
  region size 1024K, 54 young (55296K), 5 survivors (5120K)
 Metaspace       used 5258K, committed 5504K, reserved 1114112K
  class space    used 711K, committed 832K, reserved 1048576K
}
Event: 59.302 GC heap after
{Heap after GC invocations=3 (full 0):
 garbage-first heap   total 258048K, used 17287K [0x00000000a0000000, 0x0000000100000000)
  region size 1024K, 5 young (5120K), 5 survivors (5120K)
 Metaspace       used 5258K, committed 5504K, reserved 1114112K
  class space    used 711K, committed 832K, reserved 1048576K
}
Event: 120.858 GC heap before
{Heap before GC invocations=3 (full 0):
 garbage-first heap   total 258048K, used 112519K [0x00000000a0000000, 0x0000000100000000)
  region size 1024K, 99 young (101376K), 5 survivors (5120K)
 Metaspace       used 20819K, committed 21504K, reserved 1114112K
  class space    used 3056K, committed 3392K, reserved 1048576K
}
Event: 120.874 GC heap after
{Heap after GC invocations=4 (full 0):
 garbage-first heap   total 258048K, used 24108K [0x00000000a0000000, 0x0000000100000000)
  region size 1024K, 12 young (12288K), 12 survivors (12288K)
 Metaspace       used 20819K, committed 21504K, reserved 1114112K
  class space    used 3056K, committed 3392K, reserved 1048576K
}
Event: 223.027 GC heap before
{Heap before GC invocations=5 (full 0):
 garbage-first heap   total 81920K, used 81452K [0x00000000a0000000, 0x0000000100000000)
  region size 1024K, 68 young (69632K), 12 survivors (12288K)
 Metaspace       used 26397K, committed 27328K, reserved 1114112K
  class space    used 3966K, committed 4416K, reserved 1048576K
}
Event: 223.146 GC heap after
{Heap after GC invocations=6 (full 0):
 garbage-first heap   total 97280K, used 26674K [0x00000000a0000000, 0x0000000100000000)
  region size 1024K, 10 young (10240K), 10 survivors (10240K)
 Metaspace       used 26397K, committed 27328K, reserved 1114112K
  class space    used 3966K, committed 4416K, reserved 1048576K
}

