# JRE version: OpenJDK Runtime Environment Temurin-21.0.12.1+1 (21.0.12.1+1) (build 21.0.12.1+1-LTS)
# Java VM: OpenJDK 64-Bit Server VM Temurin-21.0.12.1+1 (21.0.12.1+1-LTS, mixed mode, sharing, tiered, compressed oops, compressed class ptrs, g1 gc, windows-amd64)
GC Precious Log:
 CardTable entry size: 512
 Card Set container configuration: InlinePtr #cards 5 size 8 Array Of Cards #cards 12 size 40 Howl #buckets 4 coarsen threshold 1843 Howl Bitmap #cards 512 size 80 coarsen threshold 460 Card regions per heap region 1 cards per card region 2048
 CPUs: 12 total, 12 available
 Memory: 16076M
 Large Page Support: Disabled
 NUMA Support: Disabled
 Compressed Oops: Enabled (32-bit)
 Heap Region Size: 1M
 Heap Min Capacity: 8M
 Heap Initial Capacity: 252M
 Heap Max Capacity: 1536M
 Pre-touch: Disabled
 Parallel Workers: 10
 Concurrent Workers: 3
 Concurrent Refinement Workers: 10
 Periodic GC: Disabled
Heap:
 garbage-first heap   total 98304K, used 48637K [0x00000000a0000000, 0x0000000100000000)
  region size 1024K, 27 young (27648K), 6 survivors (6144K)
 Metaspace       used 33012K, committed 34112K, reserved 1114112K
  class space    used 4724K, committed 5248K, reserved 1048576K
GC Heap History (12 events):
Event: 11.610 GC heap before
{Heap before GC invocations=0 (full 0):
 garbage-first heap   total 258048K, used 23552K [0x00000000a0000000, 0x0000000100000000)
  region size 1024K, 23 young (23552K), 0 survivors (0K)
 Metaspace       used 938K, committed 1088K, reserved 1114112K
  class space    used 73K, committed 128K, reserved 1048576K
}
Event: 11.616 GC heap after
{Heap after GC invocations=1 (full 0):
 garbage-first heap   total 258048K, used 1511K [0x00000000a0000000, 0x0000000100000000)
  region size 1024K, 2 young (2048K), 2 survivors (2048K)
 Metaspace       used 938K, committed 1088K, reserved 1114112K
  class space    used 73K, committed 128K, reserved 1048576K
}
Event: 15.030 GC heap before
{Heap before GC invocations=1 (full 0):
 garbage-first heap   total 258048K, used 40423K [0x00000000a0000000, 0x0000000100000000)
  region size 1024K, 38 young (38912K), 2 survivors (2048K)
 Metaspace       used 4385K, committed 4544K, reserved 1114112K
  class space    used 558K, committed 640K, reserved 1048576K
}
Event: 15.038 GC heap after
{Heap after GC invocations=2 (full 0):
 garbage-first heap   total 258048K, used 10880K [0x00000000a0000000, 0x0000000100000000)
  region size 1024K, 5 young (5120K), 5 survivors (5120K)
 Metaspace       used 4385K, committed 4544K, reserved 1114112K
  class space    used 558K, committed 640K, reserved 1048576K
}
Event: 19.218 GC heap before
{Heap before GC invocations=2 (full 0):
 garbage-first heap   total 258048K, used 64128K [0x00000000a0000000, 0x0000000100000000)
  region size 1024K, 55 young (56320K), 5 survivors (5120K)
 Metaspace       used 5738K, committed 6016K, reserved 1114112K
  class space    used 773K, committed 896K, reserved 1048576K
}
Event: 19.226 GC heap after
{Heap after GC invocations=3 (full 0):
 garbage-first heap   total 258048K, used 17497K [0x00000000a0000000, 0x0000000100000000)
  region size 1024K, 6 young (6144K), 6 survivors (6144K)
 Metaspace       used 5738K, committed 6016K, reserved 1114112K
  class space    used 773K, committed 896K, reserved 1048576K
}
Event: 59.194 GC heap before
{Heap before GC invocations=3 (full 0):
 garbage-first heap   total 258048K, used 109657K [0x00000000a0000000, 0x0000000100000000)
  region size 1024K, 97 young (99328K), 6 survivors (6144K)
 Metaspace       used 20882K, committed 21504K, reserved 1114112K
  class space    used 3062K, committed 3392K, reserved 1048576K
}
Event: 59.215 GC heap after
{Heap after GC invocations=4 (full 0):
 garbage-first heap   total 258048K, used 24181K [0x00000000a0000000, 0x0000000100000000)
  region size 1024K, 12 young (12288K), 12 survivors (12288K)
 Metaspace       used 20882K, committed 21504K, reserved 1114112K
  class space    used 3062K, committed 3392K, reserved 1048576K
}
Event: 153.746 GC heap before
{Heap before GC invocations=5 (full 0):
 garbage-first heap   total 81920K, used 81525K [0x00000000a0000000, 0x0000000100000000)
  region size 1024K, 68 young (69632K), 12 survivors (12288K)
 Metaspace       used 26455K, committed 27392K, reserved 1114112K
  class space    used 3974K, committed 4416K, reserved 1048576K
}
Event: 154.095 GC heap after
{Heap after GC invocations=6 (full 0):
 garbage-first heap   total 98304K, used 26479K [0x00000000a0000000, 0x0000000100000000)
  region size 1024K, 10 young (10240K), 10 survivors (10240K)
 Metaspace       used 26455K, committed 27392K, reserved 1114112K
  class space    used 3974K, committed 4416K, reserved 1048576K
}
Event: 318.539 GC heap before
{Heap before GC invocations=6 (full 0):
 garbage-first heap   total 98304K, used 74607K [0x00000000a0000000, 0x0000000100000000)
  region size 1024K, 57 young (58368K), 10 survivors (10240K)
 Metaspace       used 31761K, committed 32704K, reserved 1114112K
  class space    used 4600K, committed 5056K, reserved 1048576K
}
Event: 318.579 GC heap after
{Heap after GC invocations=7 (full 0):
 garbage-first heap   total 98304K, used 29181K [0x00000000a0000000, 0x0000000100000000)
  region size 1024K, 6 young (6144K), 6 survivors (6144K)
 Metaspace       used 31761K, committed 32704K, reserved 1114112K
  class space    used 4600K, committed 5056K, reserved 1048576K
}

