# JRE version: OpenJDK Runtime Environment Temurin-21.0.12.1+1 (21.0.12.1+1) (build 21.0.12.1+1-LTS)
# Java VM: OpenJDK 64-Bit Server VM Temurin-21.0.12.1+1 (21.0.12.1+1-LTS, mixed mode, sharing, tiered, compressed oops, compressed class ptrs, g1 gc, windows-amd64)
GC Precious Log:
 CardTable entry size: 512
 Card Set container configuration: InlinePtr #cards 5 size 8 Array Of Cards #cards 12 size 40 Howl #buckets 4 coarsen threshold 1843 Howl Bitmap #cards 512 size 80 coarsen threshold 460 Card regions per heap region 1 cards per card region 2048
 CPUs: 12 total, 12 available
 Memory: 16076M
 Large Page Support: Disabled
 NUMA Support: Disabled
 Compressed Oops: Enabled (32-bit)
 Heap Region Size: 1M
 Heap Min Capacity: 8M
 Heap Initial Capacity: 252M
 Heap Max Capacity: 1536M
 Pre-touch: Disabled
 Parallel Workers: 10
 Concurrent Workers: 3
 Concurrent Refinement Workers: 10
 Periodic GC: Disabled
Heap:
 garbage-first heap   total 81920K, used 28003K [0x00000000a0000000, 0x0000000100000000)
  region size 1024K, 5 young (5120K), 3 survivors (3072K)
 Metaspace       used 27003K, committed 27904K, reserved 1114112K
  class space    used 4039K, committed 4480K, reserved 1048576K
GC Heap History (12 events):
Event: 3.796 GC heap before
{Heap before GC invocations=0 (full 0):
 garbage-first heap   total 258048K, used 23552K [0x00000000a0000000, 0x0000000100000000)
  region size 1024K, 23 young (23552K), 0 survivors (0K)
 Metaspace       used 927K, committed 1088K, reserved 1114112K
  class space    used 73K, committed 128K, reserved 1048576K
}
Event: 3.904 GC heap after
{Heap after GC invocations=1 (full 0):
 garbage-first heap   total 258048K, used 1450K [0x00000000a0000000, 0x0000000100000000)
  region size 1024K, 2 young (2048K), 2 survivors (2048K)
 Metaspace       used 927K, committed 1088K, reserved 1114112K
  class space    used 73K, committed 128K, reserved 1048576K
}
Event: 8.108 GC heap before
{Heap before GC invocations=1 (full 0):
 garbage-first heap   total 258048K, used 40362K [0x00000000a0000000, 0x0000000100000000)
  region size 1024K, 38 young (38912K), 2 survivors (2048K)
 Metaspace       used 4391K, committed 4544K, reserved 1114112K
  class space    used 558K, committed 640K, reserved 1048576K
}
Event: 8.114 GC heap after
{Heap after GC invocations=2 (full 0):
 garbage-first heap   total 258048K, used 10844K [0x00000000a0000000, 0x0000000100000000)
  region size 1024K, 5 young (5120K), 5 survivors (5120K)
 Metaspace       used 4391K, committed 4544K, reserved 1114112K
  class space    used 558K, committed 640K, reserved 1048576K
}
Event: 12.865 GC heap before
{Heap before GC invocations=2 (full 0):
 garbage-first heap   total 258048K, used 70236K [0x00000000a0000000, 0x0000000100000000)
  region size 1024K, 61 young (62464K), 5 survivors (5120K)
 Metaspace       used 7171K, committed 7552K, reserved 1114112K
  class space    used 977K, committed 1152K, reserved 1048576K
}
Event: 12.873 GC heap after
{Heap after GC invocations=3 (full 0):
 garbage-first heap   total 258048K, used 18609K [0x00000000a0000000, 0x0000000100000000)
  region size 1024K, 7 young (7168K), 7 survivors (7168K)
 Metaspace       used 7171K, committed 7552K, reserved 1114112K
  class space    used 977K, committed 1152K, reserved 1048576K
}
Event: 205.668 GC heap before
{Heap before GC invocations=3 (full 0):
 garbage-first heap   total 258048K, used 118961K [0x00000000a0000000, 0x0000000100000000)
  region size 1024K, 106 young (108544K), 7 survivors (7168K)
 Metaspace       used 20842K, committed 21504K, reserved 1114112K
  class space    used 3042K, committed 3392K, reserved 1048576K
}
Event: 205.739 GC heap after
{Heap after GC invocations=4 (full 0):
 garbage-first heap   total 258048K, used 24514K [0x00000000a0000000, 0x0000000100000000)
  region size 1024K, 12 young (12288K), 12 survivors (12288K)
 Metaspace       used 20842K, committed 21504K, reserved 1114112K
  class space    used 3042K, committed 3392K, reserved 1048576K
}
Event: 211.130 GC heap before
{Heap before GC invocations=5 (full 0):
 garbage-first heap   total 81920K, used 60354K [0x00000000a0000000, 0x0000000100000000)
  region size 1024K, 48 young (49152K), 12 survivors (12288K)
 Metaspace       used 25445K, committed 26432K, reserved 1114112K
  class space    used 3799K, committed 4288K, reserved 1048576K
}
Event: 211.145 GC heap after
{Heap after GC invocations=6 (full 0):
 garbage-first heap   total 81920K, used 26809K [0x00000000a0000000, 0x0000000100000000)
  region size 1024K, 3 young (3072K), 3 survivors (3072K)
 Metaspace       used 25445K, committed 26432K, reserved 1114112K
  class space    used 3799K, committed 4288K, reserved 1048576K
}
Event: 445.761 GC heap before
{Heap before GC invocations=6 (full 0):
 garbage-first heap   total 81920K, used 65721K [0x00000000a0000000, 0x0000000100000000)
  region size 1024K, 41 young (41984K), 3 survivors (3072K)
 Metaspace       used 27000K, committed 27904K, reserved 1114112K
  class space    used 4039K, committed 4480K, reserved 1048576K
}
Event: 446.163 GC heap after
{Heap after GC invocations=7 (full 0):
 garbage-first heap   total 81920K, used 26979K [0x00000000a0000000, 0x0000000100000000)
  region size 1024K, 3 young (3072K), 3 survivors (3072K)
 Metaspace       used 27000K, committed 27904K, reserved 1114112K
  class space    used 4039K, committed 4480K, reserved 1048576K
}

