# JRE version: OpenJDK Runtime Environment Temurin-21.0.12.1+1 (21.0.12.1+1) (build 21.0.12.1+1-LTS)
# Java VM: OpenJDK 64-Bit Server VM Temurin-21.0.12.1+1 (21.0.12.1+1-LTS, mixed mode, sharing, tiered, compressed oops, compressed class ptrs, g1 gc, windows-amd64)
GC Precious Log:
 CardTable entry size: 512
 Card Set container configuration: InlinePtr #cards 5 size 8 Array Of Cards #cards 12 size 40 Howl #buckets 4 coarsen threshold 1843 Howl Bitmap #cards 512 size 80 coarsen threshold 460 Card regions per heap region 1 cards per card region 2048
 CPUs: 12 total, 12 available
 Memory: 16076M
 Large Page Support: Disabled
 NUMA Support: Disabled
 Compressed Oops: Enabled (32-bit)
 Heap Region Size: 1M
 Heap Min Capacity: 8M
 Heap Initial Capacity: 252M
 Heap Max Capacity: 1536M
 Pre-touch: Disabled
 Parallel Workers: 10
 Concurrent Workers: 3
 Concurrent Refinement Workers: 10
 Periodic GC: Disabled
Heap:
 garbage-first heap   total 81920K, used 63275K [0x00000000a0000000, 0x0000000100000000)
  region size 1024K, 40 young (40960K), 3 survivors (3072K)
 Metaspace       used 27287K, committed 28288K, reserved 1114112K
  class space    used 4075K, committed 4544K, reserved 1048576K
GC Heap History (12 events):
Event: 20.436 GC heap before
{Heap before GC invocations=0 (full 0):
 garbage-first heap   total 258048K, used 23552K [0x00000000a0000000, 0x0000000100000000)
  region size 1024K, 23 young (23552K), 0 survivors (0K)
 Metaspace       used 919K, committed 1024K, reserved 1114112K
  class space    used 73K, committed 128K, reserved 1048576K
}
Event: 21.772 GC heap after
{Heap after GC invocations=1 (full 0):
 garbage-first heap   total 258048K, used 1450K [0x00000000a0000000, 0x0000000100000000)
  region size 1024K, 2 young (2048K), 2 survivors (2048K)
 Metaspace       used 919K, committed 1024K, reserved 1114112K
  class space    used 73K, committed 128K, reserved 1048576K
}
Event: 43.655 GC heap before
{Heap before GC invocations=1 (full 0):
 garbage-first heap   total 258048K, used 39338K [0x00000000a0000000, 0x0000000100000000)
  region size 1024K, 37 young (37888K), 2 survivors (2048K)
 Metaspace       used 4368K, committed 4544K, reserved 1114112K
  class space    used 556K, committed 640K, reserved 1048576K
}
Event: 43.666 GC heap after
{Heap after GC invocations=2 (full 0):
 garbage-first heap   total 258048K, used 11052K [0x00000000a0000000, 0x0000000100000000)
  region size 1024K, 5 young (5120K), 5 survivors (5120K)
 Metaspace       used 4368K, committed 4544K, reserved 1114112K
  class space    used 556K, committed 640K, reserved 1048576K
}
Event: 60.192 GC heap before
{Heap before GC invocations=2 (full 0):
 garbage-first heap   total 258048K, used 65324K [0x00000000a0000000, 0x0000000100000000)
  region size 1024K, 56 young (57344K), 5 survivors (5120K)
 Metaspace       used 5662K, committed 5952K, reserved 1114112K
  class space    used 770K, committed 896K, reserved 1048576K
}
Event: 60.200 GC heap after
{Heap after GC invocations=3 (full 0):
 garbage-first heap   total 258048K, used 17303K [0x00000000a0000000, 0x0000000100000000)
  region size 1024K, 5 young (5120K), 5 survivors (5120K)
 Metaspace       used 5662K, committed 5952K, reserved 1114112K
  class space    used 770K, committed 896K, reserved 1048576K
}
Event: 222.877 GC heap before
{Heap before GC invocations=3 (full 0):
 garbage-first heap   total 258048K, used 116631K [0x00000000a0000000, 0x0000000100000000)
  region size 1024K, 103 young (105472K), 5 survivors (5120K)
 Metaspace       used 20825K, committed 21504K, reserved 1114112K
  class space    used 3041K, committed 3392K, reserved 1048576K
}
Event: 222.914 GC heap after
{Heap after GC invocations=4 (full 0):
 garbage-first heap   total 258048K, used 24161K [0x00000000a0000000, 0x0000000100000000)
  region size 1024K, 12 young (12288K), 12 survivors (12288K)
 Metaspace       used 20825K, committed 21504K, reserved 1114112K
  class space    used 3041K, committed 3392K, reserved 1048576K
}
Event: 239.154 GC heap before
{Heap before GC invocations=5 (full 0):
 garbage-first heap   total 81920K, used 61025K [0x00000000a0000000, 0x0000000100000000)
  region size 1024K, 48 young (49152K), 12 survivors (12288K)
 Metaspace       used 25301K, committed 26240K, reserved 1114112K
  class space    used 3775K, committed 4224K, reserved 1048576K
}
Event: 239.171 GC heap after
{Heap after GC invocations=6 (full 0):
 garbage-first heap   total 81920K, used 26619K [0x00000000a0000000, 0x0000000100000000)
  region size 1024K, 3 young (3072K), 3 survivors (3072K)
 Metaspace       used 25301K, committed 26240K, reserved 1114112K
  class space    used 3775K, committed 4224K, reserved 1048576K
}
Event: 527.405 GC heap before
{Heap before GC invocations=6 (full 0):
 garbage-first heap   total 81920K, used 66555K [0x00000000a0000000, 0x0000000100000000)
  region size 1024K, 42 young (43008K), 3 survivors (3072K)
 Metaspace       used 26502K, committed 27392K, reserved 1114112K
  class space    used 3958K, committed 4416K, reserved 1048576K
}
Event: 527.545 GC heap after
{Heap after GC invocations=7 (full 0):
 garbage-first heap   total 81920K, used 26411K [0x00000000a0000000, 0x0000000100000000)
  region size 1024K, 3 young (3072K), 3 survivors (3072K)
 Metaspace       used 26502K, committed 27392K, reserved 1114112K
  class space    used 3958K, committed 4416K, reserved 1048576K
}

