# JRE version: OpenJDK Runtime Environment Temurin-21.0.12.1+1 (21.0.12.1+1) (build 21.0.12.1+1-LTS)
# Java VM: OpenJDK 64-Bit Server VM Temurin-21.0.12.1+1 (21.0.12.1+1-LTS, mixed mode, sharing, tiered, compressed oops, compressed class ptrs, g1 gc, windows-amd64)
GC Precious Log:
 CardTable entry size: 512
 Card Set container configuration: InlinePtr #cards 5 size 8 Array Of Cards #cards 12 size 40 Howl #buckets 4 coarsen threshold 1843 Howl Bitmap #cards 512 size 80 coarsen threshold 460 Card regions per heap region 1 cards per card region 2048
 CPUs: 12 total, 12 available
 Memory: 16076M
 Large Page Support: Disabled
 NUMA Support: Disabled
 Compressed Oops: Enabled (32-bit)
 Heap Region Size: 1M
 Heap Min Capacity: 8M
 Heap Initial Capacity: 252M
 Heap Max Capacity: 1536M
 Pre-touch: Disabled
 Parallel Workers: 10
 Concurrent Workers: 3
 Concurrent Refinement Workers: 10
 Periodic GC: Disabled
Heap:
 garbage-first heap   total 81920K, used 44560K [0x00000000a0000000, 0x0000000100000000)
  region size 1024K, 21 young (21504K), 3 survivors (3072K)
 Metaspace       used 26995K, committed 27968K, reserved 1114112K
  class space    used 4042K, committed 4480K, reserved 1048576K
GC Heap History (14 events):
Event: 3.163 GC heap before
{Heap before GC invocations=0 (full 0):
 garbage-first heap   total 258048K, used 23552K [0x00000000a0000000, 0x0000000100000000)
  region size 1024K, 23 young (23552K), 0 survivors (0K)
 Metaspace       used 935K, committed 1088K, reserved 1114112K
  class space    used 73K, committed 128K, reserved 1048576K
}
Event: 3.420 GC heap after
{Heap after GC invocations=1 (full 0):
 garbage-first heap   total 258048K, used 1450K [0x00000000a0000000, 0x0000000100000000)
  region size 1024K, 2 young (2048K), 2 survivors (2048K)
 Metaspace       used 935K, committed 1088K, reserved 1114112K
  class space    used 73K, committed 128K, reserved 1048576K
}
Event: 5.814 GC heap before
{Heap before GC invocations=1 (full 0):
 garbage-first heap   total 258048K, used 39338K [0x00000000a0000000, 0x0000000100000000)
  region size 1024K, 37 young (37888K), 2 survivors (2048K)
 Metaspace       used 4373K, committed 4544K, reserved 1114112K
  class space    used 555K, committed 640K, reserved 1048576K
}
Event: 5.820 GC heap after
{Heap after GC invocations=2 (full 0):
 garbage-first heap   total 258048K, used 10835K [0x00000000a0000000, 0x0000000100000000)
  region size 1024K, 5 young (5120K), 5 survivors (5120K)
 Metaspace       used 4373K, committed 4544K, reserved 1114112K
  class space    used 555K, committed 640K, reserved 1048576K
}
Event: 7.966 GC heap before
{Heap before GC invocations=2 (full 0):
 garbage-first heap   total 258048K, used 65107K [0x00000000a0000000, 0x0000000100000000)
  region size 1024K, 56 young (57344K), 5 survivors (5120K)
 Metaspace       used 5563K, committed 5824K, reserved 1114112K
  class space    used 752K, committed 896K, reserved 1048576K
}
Event: 7.971 GC heap after
{Heap after GC invocations=3 (full 0):
 garbage-first heap   total 258048K, used 17202K [0x00000000a0000000, 0x0000000100000000)
  region size 1024K, 5 young (5120K), 5 survivors (5120K)
 Metaspace       used 5563K, committed 5824K, reserved 1114112K
  class space    used 752K, committed 896K, reserved 1048576K
}
Event: 44.409 GC heap before
{Heap before GC invocations=3 (full 0):
 garbage-first heap   total 258048K, used 109362K [0x00000000a0000000, 0x0000000100000000)
  region size 1024K, 96 young (98304K), 5 survivors (5120K)
 Metaspace       used 20865K, committed 21504K, reserved 1114112K
  class space    used 3064K, committed 3392K, reserved 1048576K
}
Event: 44.499 GC heap after
{Heap after GC invocations=4 (full 0):
 garbage-first heap   total 258048K, used 24310K [0x00000000a0000000, 0x0000000100000000)
  region size 1024K, 12 young (12288K), 12 survivors (12288K)
 Metaspace       used 20865K, committed 21504K, reserved 1114112K
  class space    used 3064K, committed 3392K, reserved 1048576K
}
Event: 48.137 GC heap before
{Heap before GC invocations=5 (full 0):
 garbage-first heap   total 81920K, used 61174K [0x00000000a0000000, 0x0000000100000000)
  region size 1024K, 48 young (49152K), 12 survivors (12288K)
 Metaspace       used 25596K, committed 26560K, reserved 1114112K
  class space    used 3848K, committed 4288K, reserved 1048576K
}
Event: 48.151 GC heap after
{Heap after GC invocations=6 (full 0):
 garbage-first heap   total 81920K, used 27396K [0x00000000a0000000, 0x0000000100000000)
  region size 1024K, 3 young (3072K), 3 survivors (3072K)
 Metaspace       used 25596K, committed 26560K, reserved 1114112K
  class space    used 3848K, committed 4288K, reserved 1048576K
}
Event: 310.657 GC heap before
{Heap before GC invocations=6 (full 0):
 garbage-first heap   total 81920K, used 67332K [0x00000000a0000000, 0x0000000100000000)
  region size 1024K, 42 young (43008K), 3 survivors (3072K)
 Metaspace       used 26561K, committed 27520K, reserved 1114112K
  class space    used 3978K, committed 4416K, reserved 1048576K
}
Event: 310.701 GC heap after
{Heap after GC invocations=7 (full 0):
 garbage-first heap   total 81920K, used 27282K [0x00000000a0000000, 0x0000000100000000)
  region size 1024K, 3 young (3072K), 3 survivors (3072K)
 Metaspace       used 26561K, committed 27520K, reserved 1114112K
  class space    used 3978K, committed 4416K, reserved 1048576K
}
Event: 640.099 GC heap before
{Heap before GC invocations=7 (full 0):
 garbage-first heap   total 81920K, used 68242K [0x00000000a0000000, 0x0000000100000000)
  region size 1024K, 43 young (44032K), 3 survivors (3072K)
 Metaspace       used 26612K, committed 27520K, reserved 1114112K
  class space    used 3978K, committed 4416K, reserved 1048576K
}
Event: 640.137 GC heap after
{Heap after GC invocations=8 (full 0):
 garbage-first heap   total 81920K, used 27152K [0x00000000a0000000, 0x0000000100000000)
  region size 1024K, 3 young (3072K), 3 survivors (3072K)
 Metaspace       used 26612K, committed 27520K, reserved 1114112K
  class space    used 3978K, committed 4416K, reserved 1048576K
}

